[INFO ] 2022-08-12 15:23:47.055 [main] Log - Open chrome browser
[INFO ] 2022-08-12 15:23:47.072 [main] Log - chrome browser is selected
[DEBUG] 2022-08-12 15:23:48.983 [main] InternalLoggerFactory - Using Log4J2 as the default logging framework
[DEBUG] 2022-08-12 15:23:48.995 [main] ResourceLeakDetector - -Dio.netty.leakDetection.level: simple
[DEBUG] 2022-08-12 15:23:48.995 [main] ResourceLeakDetector - -Dio.netty.leakDetection.targetRecords: 4
[DEBUG] 2022-08-12 15:23:49.000 [main] ResourceLeakDetectorFactory - Loaded default ResourceLeakDetector: io.netty.util.ResourceLeakDetector@541bf968
[DEBUG] 2022-08-12 15:23:49.026 [main] PlatformDependent0 - -Dio.netty.noUnsafe: false
[DEBUG] 2022-08-12 15:23:49.026 [main] PlatformDependent0 - Java version: 18
[DEBUG] 2022-08-12 15:23:49.028 [main] PlatformDependent0 - sun.misc.Unsafe.theUnsafe: available
[DEBUG] 2022-08-12 15:23:49.029 [main] PlatformDependent0 - sun.misc.Unsafe.copyMemory: available
[DEBUG] 2022-08-12 15:23:49.031 [main] PlatformDependent0 - sun.misc.Unsafe.storeFence: available
[DEBUG] 2022-08-12 15:23:49.031 [main] PlatformDependent0 - java.nio.Buffer.address: available
[DEBUG] 2022-08-12 15:23:49.032 [main] PlatformDependent0 - direct buffer constructor: unavailable: Reflective setAccessible(true) disabled
[DEBUG] 2022-08-12 15:23:49.033 [main] PlatformDependent0 - java.nio.Bits.unaligned: available, true
[DEBUG] 2022-08-12 15:23:49.034 [main] PlatformDependent0 - jdk.internal.misc.Unsafe.allocateUninitializedArray(int): unavailable: class io.netty.util.internal.PlatformDependent0$7 cannot access class jdk.internal.misc.Unsafe (in module java.base) because module java.base does not export jdk.internal.misc to unnamed module @51081592
[DEBUG] 2022-08-12 15:23:49.036 [main] PlatformDependent0 - java.nio.DirectByteBuffer.<init>(long, int): unavailable
[DEBUG] 2022-08-12 15:23:49.036 [main] PlatformDependent - sun.misc.Unsafe: available
[DEBUG] 2022-08-12 15:23:49.037 [main] PlatformDependent - maxDirectMemory: 2086666240 bytes (maybe)
[DEBUG] 2022-08-12 15:23:49.038 [main] PlatformDependent - -Dio.netty.tmpdir: C:\Users\DINESH~1.PED\AppData\Local\Temp (java.io.tmpdir)
[DEBUG] 2022-08-12 15:23:49.038 [main] PlatformDependent - -Dio.netty.bitMode: 64 (sun.arch.data.model)
[DEBUG] 2022-08-12 15:23:49.038 [main] PlatformDependent - Platform: Windows
[DEBUG] 2022-08-12 15:23:49.040 [main] PlatformDependent - -Dio.netty.maxDirectMemory: -1 bytes
[DEBUG] 2022-08-12 15:23:49.041 [main] PlatformDependent - -Dio.netty.uninitializedArrayAllocationThreshold: -1
[DEBUG] 2022-08-12 15:23:49.044 [main] CleanerJava9 - java.nio.ByteBuffer.cleaner(): available
[DEBUG] 2022-08-12 15:23:49.044 [main] PlatformDependent - -Dio.netty.noPreferDirect: false
[DEBUG] 2022-08-12 15:23:49.072 [main] PlatformDependent - org.jctools-core.MpscChunkedArrayQueue: available
[DEBUG] 2022-08-12 15:23:49.108 [main] InternalThreadLocalMap - -Dio.netty.threadLocalMap.stringBuilder.initialSize: 1024
[DEBUG] 2022-08-12 15:23:49.109 [main] InternalThreadLocalMap - -Dio.netty.threadLocalMap.stringBuilder.maxSize: 4096
[DEBUG] 2022-08-12 15:23:49.147 [main] JdkSslContext - Default protocols (JDK): [TLSv1.3, TLSv1.2] 
[DEBUG] 2022-08-12 15:23:49.148 [main] JdkSslContext - Default cipher suites (JDK): [TLS_ECDHE_ECDSA_WITH_AES_256_GCM_SHA384, TLS_ECDHE_ECDSA_WITH_AES_128_GCM_SHA256, TLS_ECDHE_RSA_WITH_AES_128_GCM_SHA256, TLS_ECDHE_RSA_WITH_AES_256_GCM_SHA384, TLS_ECDHE_RSA_WITH_AES_128_CBC_SHA, TLS_ECDHE_RSA_WITH_AES_256_CBC_SHA, TLS_RSA_WITH_AES_128_GCM_SHA256, TLS_RSA_WITH_AES_128_CBC_SHA, TLS_RSA_WITH_AES_256_CBC_SHA, TLS_AES_128_GCM_SHA256, TLS_AES_256_GCM_SHA384]
[DEBUG] 2022-08-12 15:23:49.200 [main] MultithreadEventLoopGroup - -Dio.netty.eventLoopThreads: 16
[DEBUG] 2022-08-12 15:23:49.224 [main] NioEventLoop - -Dio.netty.noKeySetOptimization: false
[DEBUG] 2022-08-12 15:23:49.225 [main] NioEventLoop - -Dio.netty.selectorAutoRebuildThreshold: 512
[DEBUG] 2022-08-12 15:23:49.293 [main] PooledByteBufAllocator - -Dio.netty.allocator.numHeapArenas: 16
[DEBUG] 2022-08-12 15:23:49.293 [main] PooledByteBufAllocator - -Dio.netty.allocator.numDirectArenas: 16
[DEBUG] 2022-08-12 15:23:49.293 [main] PooledByteBufAllocator - -Dio.netty.allocator.pageSize: 8192
[DEBUG] 2022-08-12 15:23:49.293 [main] PooledByteBufAllocator - -Dio.netty.allocator.maxOrder: 9
[DEBUG] 2022-08-12 15:23:49.294 [main] PooledByteBufAllocator - -Dio.netty.allocator.chunkSize: 4194304
[DEBUG] 2022-08-12 15:23:49.294 [main] PooledByteBufAllocator - -Dio.netty.allocator.smallCacheSize: 256
[DEBUG] 2022-08-12 15:23:49.294 [main] PooledByteBufAllocator - -Dio.netty.allocator.normalCacheSize: 64
[DEBUG] 2022-08-12 15:23:49.294 [main] PooledByteBufAllocator - -Dio.netty.allocator.maxCachedBufferCapacity: 32768
[DEBUG] 2022-08-12 15:23:49.294 [main] PooledByteBufAllocator - -Dio.netty.allocator.cacheTrimInterval: 8192
[DEBUG] 2022-08-12 15:23:49.294 [main] PooledByteBufAllocator - -Dio.netty.allocator.cacheTrimIntervalMillis: 0
[DEBUG] 2022-08-12 15:23:49.294 [main] PooledByteBufAllocator - -Dio.netty.allocator.useCacheForAllThreads: false
[DEBUG] 2022-08-12 15:23:49.294 [main] PooledByteBufAllocator - -Dio.netty.allocator.maxCachedByteBuffersPerChunk: 1023
[DEBUG] 2022-08-12 15:23:49.312 [main] ByteBufUtil - -Dio.netty.allocator.type: pooled
[DEBUG] 2022-08-12 15:23:49.312 [main] ByteBufUtil - -Dio.netty.threadLocalDirectBufferSize: 0
[DEBUG] 2022-08-12 15:23:49.313 [main] ByteBufUtil - -Dio.netty.maxThreadLocalCharBufferSize: 16384
[DEBUG] 2022-08-12 15:23:50.347 [Forwarding newSession on session null to remote] DefaultChannelId - -Dio.netty.processId: 9564 (auto-detected)
[DEBUG] 2022-08-12 15:23:50.349 [Forwarding newSession on session null to remote] NetUtil - -Djava.net.preferIPv4Stack: false
[DEBUG] 2022-08-12 15:23:50.350 [Forwarding newSession on session null to remote] NetUtil - -Djava.net.preferIPv6Addresses: false
[DEBUG] 2022-08-12 15:23:50.369 [Forwarding newSession on session null to remote] NetUtilInitializations - Loopback interface: lo (Software Loopback Interface 1, 127.0.0.1)
[DEBUG] 2022-08-12 15:23:50.370 [Forwarding newSession on session null to remote] NetUtil - Failed to get SOMAXCONN from sysctl and file \proc\sys\net\core\somaxconn. Default: 200
[DEBUG] 2022-08-12 15:23:50.419 [Forwarding newSession on session null to remote] DefaultChannelId - -Dio.netty.machineId: f4:7b:09:ff:fe:3d:cf:0c (auto-detected)
[DEBUG] 2022-08-12 15:23:50.562 [AsyncHttpClient-1-2] AbstractByteBuf - -Dio.netty.buffer.checkAccessible: true
[DEBUG] 2022-08-12 15:23:50.564 [AsyncHttpClient-1-2] AbstractByteBuf - -Dio.netty.buffer.checkBounds: true
[DEBUG] 2022-08-12 15:23:50.564 [AsyncHttpClient-1-2] ResourceLeakDetectorFactory - Loaded default ResourceLeakDetector: io.netty.util.ResourceLeakDetector@64ff5074
[DEBUG] 2022-08-12 15:23:50.655 [AsyncHttpClient-1-2] Recycler - -Dio.netty.recycler.maxCapacityPerThread: 4096
[DEBUG] 2022-08-12 15:23:50.655 [AsyncHttpClient-1-2] Recycler - -Dio.netty.recycler.ratio: 8
[DEBUG] 2022-08-12 15:23:50.656 [AsyncHttpClient-1-2] Recycler - -Dio.netty.recycler.chunkSize: 32
[DEBUG] 2022-08-12 15:23:50.656 [AsyncHttpClient-1-2] Recycler - -Dio.netty.recycler.blocking: false
[DEBUG] 2022-08-12 15:23:53.647 [AsyncHttpClient-1-2] Brotli - brotli4j not in the classpath; Brotli support will be unavailable.
[DEBUG] 2022-08-12 15:23:53.817 [main] ThreadLocalRandom - -Dio.netty.initialSeedUniquifier: 0xb5b10578769e7dea
[INFO ] 2022-08-12 15:23:53.876 [main] Log - Open the urlhttps://naveenautomationlabs.com/opencart/
[INFO ] 2022-08-12 15:23:57.387 [main] Log - https://naveenautomationlabs.com/opencart/
[INFO ] 2022-08-12 15:23:58.421 [main] Log - wait for until element [[ChromeDriver: chrome on WINDOWS (02c837370985b6d6d3eb0ef78cbce15c)] -> xpath: //span[normalize-space()='My Account']] is visible
[INFO ] 2022-08-12 15:23:58.568 [main] Log - Click on element: [[ChromeDriver: chrome on WINDOWS (02c837370985b6d6d3eb0ef78cbce15c)] -> xpath: //span[normalize-space()='My Account']]
[INFO ] 2022-08-12 15:23:58.620 [main] Log - wait for until element [[ChromeDriver: chrome on WINDOWS (02c837370985b6d6d3eb0ef78cbce15c)] -> xpath: (//a[normalize-space()='Login'])[1]] is visible
[INFO ] 2022-08-12 15:23:58.958 [main] Log - Click on element: [[ChromeDriver: chrome on WINDOWS (02c837370985b6d6d3eb0ef78cbce15c)] -> xpath: (//a[normalize-space()='Login'])[1]]
[INFO ] 2022-08-12 15:23:59.021 [main] Log - Text in element : [[ChromeDriver: chrome on WINDOWS (02c837370985b6d6d3eb0ef78cbce15c)] -> id: input-email] is cleared
[INFO ] 2022-08-12 15:23:59.079 [main] Log - Click on Text Box: [[ChromeDriver: chrome on WINDOWS (02c837370985b6d6d3eb0ef78cbce15c)] -> id: input-email]
[INFO ] 2022-08-12 15:23:59.160 [main] Log - Enter text on [[ChromeDriver: chrome on WINDOWS (02c837370985b6d6d3eb0ef78cbce15c)] -> id: input-email] :dineshkumar.icon.dk@gmail.com
[INFO ] 2022-08-12 15:23:59.222 [main] Log - Text in element : [[ChromeDriver: chrome on WINDOWS (02c837370985b6d6d3eb0ef78cbce15c)] -> id: input-password] is cleared
[INFO ] 2022-08-12 15:23:59.269 [main] Log - Click on Text Box: [[ChromeDriver: chrome on WINDOWS (02c837370985b6d6d3eb0ef78cbce15c)] -> id: input-password]
[INFO ] 2022-08-12 15:23:59.301 [main] Log - Enter text on [[ChromeDriver: chrome on WINDOWS (02c837370985b6d6d3eb0ef78cbce15c)] -> id: input-password] :
[INFO ] 2022-08-12 15:23:59.344 [main] Log - wait for until element [[ChromeDriver: chrome on WINDOWS (02c837370985b6d6d3eb0ef78cbce15c)] -> xpath: //input[@value='Login']] is visible
[INFO ] 2022-08-12 15:23:59.721 [main] Log - Click on element: [[ChromeDriver: chrome on WINDOWS (02c837370985b6d6d3eb0ef78cbce15c)] -> xpath: //input[@value='Login']]
