[INFO ] 2022-07-19 13:30:39.233 [main] Log - Open chrome browser
[INFO ] 2022-07-19 13:30:39.264 [main] Log - chrome browser is selected
[DEBUG] 2022-07-19 13:30:41.964 [main] InternalLoggerFactory - Using Log4J2 as the default logging framework
[DEBUG] 2022-07-19 13:30:41.972 [main] ResourceLeakDetector - -Dio.netty.leakDetection.level: simple
[DEBUG] 2022-07-19 13:30:41.972 [main] ResourceLeakDetector - -Dio.netty.leakDetection.targetRecords: 4
[DEBUG] 2022-07-19 13:30:41.978 [main] ResourceLeakDetectorFactory - Loaded default ResourceLeakDetector: io.netty.util.ResourceLeakDetector@2de50ee4
[DEBUG] 2022-07-19 13:30:42.005 [main] PlatformDependent0 - -Dio.netty.noUnsafe: false
[DEBUG] 2022-07-19 13:30:42.005 [main] PlatformDependent0 - Java version: 17
[DEBUG] 2022-07-19 13:30:42.007 [main] PlatformDependent0 - sun.misc.Unsafe.theUnsafe: available
[DEBUG] 2022-07-19 13:30:42.008 [main] PlatformDependent0 - sun.misc.Unsafe.copyMemory: available
[DEBUG] 2022-07-19 13:30:42.009 [main] PlatformDependent0 - sun.misc.Unsafe.storeFence: available
[DEBUG] 2022-07-19 13:30:42.010 [main] PlatformDependent0 - java.nio.Buffer.address: available
[DEBUG] 2022-07-19 13:30:42.011 [main] PlatformDependent0 - direct buffer constructor: unavailable: Reflective setAccessible(true) disabled
[DEBUG] 2022-07-19 13:30:42.012 [main] PlatformDependent0 - java.nio.Bits.unaligned: available, true
[DEBUG] 2022-07-19 13:30:42.014 [main] PlatformDependent0 - jdk.internal.misc.Unsafe.allocateUninitializedArray(int): unavailable: class io.netty.util.internal.PlatformDependent0$7 cannot access class jdk.internal.misc.Unsafe (in module java.base) because module java.base does not export jdk.internal.misc to unnamed module @6ea12c19
[DEBUG] 2022-07-19 13:30:42.016 [main] PlatformDependent0 - java.nio.DirectByteBuffer.<init>(long, int): unavailable
[DEBUG] 2022-07-19 13:30:42.016 [main] PlatformDependent - sun.misc.Unsafe: available
[DEBUG] 2022-07-19 13:30:42.017 [main] PlatformDependent - maxDirectMemory: 2086666240 bytes (maybe)
[DEBUG] 2022-07-19 13:30:42.018 [main] PlatformDependent - -Dio.netty.tmpdir: C:\Users\DINESH~1.PED\AppData\Local\Temp (java.io.tmpdir)
[DEBUG] 2022-07-19 13:30:42.018 [main] PlatformDependent - -Dio.netty.bitMode: 64 (sun.arch.data.model)
[DEBUG] 2022-07-19 13:30:42.018 [main] PlatformDependent - Platform: Windows
[DEBUG] 2022-07-19 13:30:42.018 [main] PlatformDependent - -Dio.netty.maxDirectMemory: -1 bytes
[DEBUG] 2022-07-19 13:30:42.018 [main] PlatformDependent - -Dio.netty.uninitializedArrayAllocationThreshold: -1
[DEBUG] 2022-07-19 13:30:42.019 [main] CleanerJava9 - java.nio.ByteBuffer.cleaner(): available
[DEBUG] 2022-07-19 13:30:42.020 [main] PlatformDependent - -Dio.netty.noPreferDirect: false
[DEBUG] 2022-07-19 13:30:42.030 [main] PlatformDependent - org.jctools-core.MpscChunkedArrayQueue: available
[DEBUG] 2022-07-19 13:30:42.057 [main] InternalThreadLocalMap - -Dio.netty.threadLocalMap.stringBuilder.initialSize: 1024
[DEBUG] 2022-07-19 13:30:42.058 [main] InternalThreadLocalMap - -Dio.netty.threadLocalMap.stringBuilder.maxSize: 4096
[DEBUG] 2022-07-19 13:30:42.079 [main] JdkSslContext - Default protocols (JDK): [TLSv1.3, TLSv1.2] 
[DEBUG] 2022-07-19 13:30:42.079 [main] JdkSslContext - Default cipher suites (JDK): [TLS_ECDHE_ECDSA_WITH_AES_256_GCM_SHA384, TLS_ECDHE_ECDSA_WITH_AES_128_GCM_SHA256, TLS_ECDHE_RSA_WITH_AES_128_GCM_SHA256, TLS_ECDHE_RSA_WITH_AES_256_GCM_SHA384, TLS_ECDHE_RSA_WITH_AES_128_CBC_SHA, TLS_ECDHE_RSA_WITH_AES_256_CBC_SHA, TLS_RSA_WITH_AES_128_GCM_SHA256, TLS_RSA_WITH_AES_128_CBC_SHA, TLS_RSA_WITH_AES_256_CBC_SHA, TLS_AES_128_GCM_SHA256, TLS_AES_256_GCM_SHA384]
[DEBUG] 2022-07-19 13:30:42.119 [main] MultithreadEventLoopGroup - -Dio.netty.eventLoopThreads: 16
[DEBUG] 2022-07-19 13:30:42.132 [main] NioEventLoop - -Dio.netty.noKeySetOptimization: false
[DEBUG] 2022-07-19 13:30:42.132 [main] NioEventLoop - -Dio.netty.selectorAutoRebuildThreshold: 512
[DEBUG] 2022-07-19 13:30:42.580 [main] PooledByteBufAllocator - -Dio.netty.allocator.numHeapArenas: 16
[DEBUG] 2022-07-19 13:30:42.581 [main] PooledByteBufAllocator - -Dio.netty.allocator.numDirectArenas: 16
[DEBUG] 2022-07-19 13:30:42.582 [main] PooledByteBufAllocator - -Dio.netty.allocator.pageSize: 8192
[DEBUG] 2022-07-19 13:30:42.582 [main] PooledByteBufAllocator - -Dio.netty.allocator.maxOrder: 9
[DEBUG] 2022-07-19 13:30:42.582 [main] PooledByteBufAllocator - -Dio.netty.allocator.chunkSize: 4194304
[DEBUG] 2022-07-19 13:30:42.583 [main] PooledByteBufAllocator - -Dio.netty.allocator.smallCacheSize: 256
[DEBUG] 2022-07-19 13:30:42.583 [main] PooledByteBufAllocator - -Dio.netty.allocator.normalCacheSize: 64
[DEBUG] 2022-07-19 13:30:42.583 [main] PooledByteBufAllocator - -Dio.netty.allocator.maxCachedBufferCapacity: 32768
[DEBUG] 2022-07-19 13:30:42.583 [main] PooledByteBufAllocator - -Dio.netty.allocator.cacheTrimInterval: 8192
[DEBUG] 2022-07-19 13:30:42.584 [main] PooledByteBufAllocator - -Dio.netty.allocator.cacheTrimIntervalMillis: 0
[DEBUG] 2022-07-19 13:30:42.584 [main] PooledByteBufAllocator - -Dio.netty.allocator.useCacheForAllThreads: false
[DEBUG] 2022-07-19 13:30:42.585 [main] PooledByteBufAllocator - -Dio.netty.allocator.maxCachedByteBuffersPerChunk: 1023
[DEBUG] 2022-07-19 13:30:42.613 [main] ByteBufUtil - -Dio.netty.allocator.type: pooled
[DEBUG] 2022-07-19 13:30:42.613 [main] ByteBufUtil - -Dio.netty.threadLocalDirectBufferSize: 0
[DEBUG] 2022-07-19 13:30:42.614 [main] ByteBufUtil - -Dio.netty.maxThreadLocalCharBufferSize: 16384
[DEBUG] 2022-07-19 13:30:44.779 [Forwarding newSession on session null to remote] DefaultChannelId - -Dio.netty.processId: 17064 (auto-detected)
[DEBUG] 2022-07-19 13:30:44.784 [Forwarding newSession on session null to remote] NetUtil - -Djava.net.preferIPv4Stack: false
[DEBUG] 2022-07-19 13:30:44.785 [Forwarding newSession on session null to remote] NetUtil - -Djava.net.preferIPv6Addresses: false
[DEBUG] 2022-07-19 13:30:44.895 [Forwarding newSession on session null to remote] NetUtilInitializations - Loopback interface: lo (Software Loopback Interface 1, 127.0.0.1)
[DEBUG] 2022-07-19 13:30:44.898 [Forwarding newSession on session null to remote] NetUtil - Failed to get SOMAXCONN from sysctl and file \proc\sys\net\core\somaxconn. Default: 200
[DEBUG] 2022-07-19 13:30:45.152 [Forwarding newSession on session null to remote] DefaultChannelId - -Dio.netty.machineId: f4:7b:09:ff:fe:3d:cf:0c (auto-detected)
[DEBUG] 2022-07-19 13:30:45.509 [AsyncHttpClient-1-2] AbstractByteBuf - -Dio.netty.buffer.checkAccessible: true
[DEBUG] 2022-07-19 13:30:45.511 [AsyncHttpClient-1-2] AbstractByteBuf - -Dio.netty.buffer.checkBounds: true
[DEBUG] 2022-07-19 13:30:45.511 [AsyncHttpClient-1-2] ResourceLeakDetectorFactory - Loaded default ResourceLeakDetector: io.netty.util.ResourceLeakDetector@54c3e757
[DEBUG] 2022-07-19 13:30:45.551 [AsyncHttpClient-1-2] Recycler - -Dio.netty.recycler.maxCapacityPerThread: 4096
[DEBUG] 2022-07-19 13:30:45.552 [AsyncHttpClient-1-2] Recycler - -Dio.netty.recycler.ratio: 8
[DEBUG] 2022-07-19 13:30:45.552 [AsyncHttpClient-1-2] Recycler - -Dio.netty.recycler.chunkSize: 32
[DEBUG] 2022-07-19 13:30:45.552 [AsyncHttpClient-1-2] Recycler - -Dio.netty.recycler.blocking: false
[DEBUG] 2022-07-19 13:30:55.241 [AsyncHttpClient-1-2] Brotli - brotli4j not in the classpath; Brotli support will be unavailable.
[DEBUG] 2022-07-19 13:30:55.507 [main] ThreadLocalRandom - -Dio.netty.initialSeedUniquifier: 0x5f55449c5946c28c
[INFO ] 2022-07-19 13:30:55.566 [main] Log - Open the urlhttps://naveenautomationlabs.com/opencart/
[INFO ] 2022-07-19 13:31:02.855 [main] Log - https://naveenautomationlabs.com/opencart/
[INFO ] 2022-07-19 13:31:03.309 [main] Log - navigateToLoginPage test is starting.
[INFO ] 2022-07-19 13:31:03.980 [main] Log - wait for until element [[ChromeDriver: chrome on WINDOWS (4d65bfad8c0f4cdd69047462cdad3406)] -> xpath: //span[normalize-space()='My Account']] is visible
[INFO ] 2022-07-19 13:31:04.305 [main] Log - Click on element: [[ChromeDriver: chrome on WINDOWS (4d65bfad8c0f4cdd69047462cdad3406)] -> xpath: //span[normalize-space()='My Account']]
[INFO ] 2022-07-19 13:31:04.532 [main] Log - wait for until element [[ChromeDriver: chrome on WINDOWS (4d65bfad8c0f4cdd69047462cdad3406)] -> xpath: (//a[normalize-space()='Login'])[1]] is visible
[INFO ] 2022-07-19 13:31:05.244 [main] Log - Click on element: [[ChromeDriver: chrome on WINDOWS (4d65bfad8c0f4cdd69047462cdad3406)] -> xpath: (//a[normalize-space()='Login'])[1]]
[INFO ] 2022-07-19 13:31:05.456 [main] Log - navigateToLoginPage Test is passed
[INFO ] 2022-07-19 13:31:05.457 [main] Log - navigateToLoginPage com.blazeclan.qa.test.testng.TestFramework  null ea807f7c-6616-41cc-b276-0bc43d3b97c9  []
[INFO ] 2022-07-19 13:31:06.072 [main] Log - loginToApplication test is starting.
[INFO ] 2022-07-19 13:31:06.269 [main] Log - deleted all cookies
[INFO ] 2022-07-19 13:31:06.984 [main] Log - Text in element : [[ChromeDriver: chrome on WINDOWS (4d65bfad8c0f4cdd69047462cdad3406)] -> id: input-email] is cleared
[INFO ] 2022-07-19 13:31:07.129 [main] Log - Click on Text Box: [[ChromeDriver: chrome on WINDOWS (4d65bfad8c0f4cdd69047462cdad3406)] -> id: input-email]
[INFO ] 2022-07-19 13:31:07.657 [main] Log - Enter text on [[ChromeDriver: chrome on WINDOWS (4d65bfad8c0f4cdd69047462cdad3406)] -> id: input-email] :dineshkumar.icon.dk@gmail.com
[INFO ] 2022-07-19 13:31:07.754 [main] Log - Text in element : [[ChromeDriver: chrome on WINDOWS (4d65bfad8c0f4cdd69047462cdad3406)] -> id: input-password] is cleared
[INFO ] 2022-07-19 13:31:08.002 [main] Log - Click on Text Box: [[ChromeDriver: chrome on WINDOWS (4d65bfad8c0f4cdd69047462cdad3406)] -> id: input-password]
[INFO ] 2022-07-19 13:31:08.565 [main] Log - Enter text on [[ChromeDriver: chrome on WINDOWS (4d65bfad8c0f4cdd69047462cdad3406)] -> id: input-password] :Dinnu@4318
[INFO ] 2022-07-19 13:31:09.596 [main] Log - wait for until element [[ChromeDriver: chrome on WINDOWS (4d65bfad8c0f4cdd69047462cdad3406)] -> xpath: //input[@value='Login']] is visible
[INFO ] 2022-07-19 13:31:14.133 [main] Log - Click on element: Proxy element for: DefaultElementLocator 'By.xpath: //input[@value='Login']'
[INFO ] 2022-07-19 13:31:14.182 [main] Log - loginToApplication Test is passed
[INFO ] 2022-07-19 13:31:14.183 [main] Log - loginToApplication com.blazeclan.qa.test.testng.TestFramework  null e7eb5c40-1763-4b3c-948f-ac1ea283082b  []
[INFO ] 2022-07-19 13:31:15.816 [main] Log - I am in onFinish method BlazeclanAutomationFramework
