[INFO ] 2022-08-14 12:49:52.293 [main] Log - Open chrome browser
[INFO ] 2022-08-14 12:49:52.335 [main] Log - chrome browser is selected
[DEBUG] 2022-08-14 12:49:54.198 [main] InternalLoggerFactory - Using Log4J2 as the default logging framework
[DEBUG] 2022-08-14 12:49:54.205 [main] ResourceLeakDetector - -Dio.netty.leakDetection.level: simple
[DEBUG] 2022-08-14 12:49:54.205 [main] ResourceLeakDetector - -Dio.netty.leakDetection.targetRecords: 4
[DEBUG] 2022-08-14 12:49:54.210 [main] ResourceLeakDetectorFactory - Loaded default ResourceLeakDetector: io.netty.util.ResourceLeakDetector@5934153e
[DEBUG] 2022-08-14 12:49:54.236 [main] PlatformDependent0 - -Dio.netty.noUnsafe: false
[DEBUG] 2022-08-14 12:49:54.236 [main] PlatformDependent0 - Java version: 18
[DEBUG] 2022-08-14 12:49:54.238 [main] PlatformDependent0 - sun.misc.Unsafe.theUnsafe: available
[DEBUG] 2022-08-14 12:49:54.239 [main] PlatformDependent0 - sun.misc.Unsafe.copyMemory: available
[DEBUG] 2022-08-14 12:49:54.240 [main] PlatformDependent0 - sun.misc.Unsafe.storeFence: available
[DEBUG] 2022-08-14 12:49:54.241 [main] PlatformDependent0 - java.nio.Buffer.address: available
[DEBUG] 2022-08-14 12:49:54.242 [main] PlatformDependent0 - direct buffer constructor: unavailable: Reflective setAccessible(true) disabled
[DEBUG] 2022-08-14 12:49:54.243 [main] PlatformDependent0 - java.nio.Bits.unaligned: available, true
[DEBUG] 2022-08-14 12:49:54.245 [main] PlatformDependent0 - jdk.internal.misc.Unsafe.allocateUninitializedArray(int): unavailable: class io.netty.util.internal.PlatformDependent0$7 cannot access class jdk.internal.misc.Unsafe (in module java.base) because module java.base does not export jdk.internal.misc to unnamed module @180bc464
[DEBUG] 2022-08-14 12:49:54.247 [main] PlatformDependent0 - java.nio.DirectByteBuffer.<init>(long, int): unavailable
[DEBUG] 2022-08-14 12:49:54.247 [main] PlatformDependent - sun.misc.Unsafe: available
[DEBUG] 2022-08-14 12:49:54.248 [main] PlatformDependent - maxDirectMemory: 2086666240 bytes (maybe)
[DEBUG] 2022-08-14 12:49:54.248 [main] PlatformDependent - -Dio.netty.tmpdir: C:\Users\DINESH~1.PED\AppData\Local\Temp (java.io.tmpdir)
[DEBUG] 2022-08-14 12:49:54.249 [main] PlatformDependent - -Dio.netty.bitMode: 64 (sun.arch.data.model)
[DEBUG] 2022-08-14 12:49:54.249 [main] PlatformDependent - Platform: Windows
[DEBUG] 2022-08-14 12:49:54.250 [main] PlatformDependent - -Dio.netty.maxDirectMemory: -1 bytes
[DEBUG] 2022-08-14 12:49:54.250 [main] PlatformDependent - -Dio.netty.uninitializedArrayAllocationThreshold: -1
[DEBUG] 2022-08-14 12:49:54.252 [main] CleanerJava9 - java.nio.ByteBuffer.cleaner(): available
[DEBUG] 2022-08-14 12:49:54.252 [main] PlatformDependent - -Dio.netty.noPreferDirect: false
[DEBUG] 2022-08-14 12:49:54.277 [main] PlatformDependent - org.jctools-core.MpscChunkedArrayQueue: available
[DEBUG] 2022-08-14 12:49:54.317 [main] InternalThreadLocalMap - -Dio.netty.threadLocalMap.stringBuilder.initialSize: 1024
[DEBUG] 2022-08-14 12:49:54.318 [main] InternalThreadLocalMap - -Dio.netty.threadLocalMap.stringBuilder.maxSize: 4096
[DEBUG] 2022-08-14 12:49:54.353 [main] JdkSslContext - Default protocols (JDK): [TLSv1.3, TLSv1.2] 
[DEBUG] 2022-08-14 12:49:54.353 [main] JdkSslContext - Default cipher suites (JDK): [TLS_ECDHE_ECDSA_WITH_AES_256_GCM_SHA384, TLS_ECDHE_ECDSA_WITH_AES_128_GCM_SHA256, TLS_ECDHE_RSA_WITH_AES_128_GCM_SHA256, TLS_ECDHE_RSA_WITH_AES_256_GCM_SHA384, TLS_ECDHE_RSA_WITH_AES_128_CBC_SHA, TLS_ECDHE_RSA_WITH_AES_256_CBC_SHA, TLS_RSA_WITH_AES_128_GCM_SHA256, TLS_RSA_WITH_AES_128_CBC_SHA, TLS_RSA_WITH_AES_256_CBC_SHA, TLS_AES_128_GCM_SHA256, TLS_AES_256_GCM_SHA384]
[DEBUG] 2022-08-14 12:49:54.403 [main] MultithreadEventLoopGroup - -Dio.netty.eventLoopThreads: 16
[DEBUG] 2022-08-14 12:49:54.422 [main] NioEventLoop - -Dio.netty.noKeySetOptimization: false
[DEBUG] 2022-08-14 12:49:54.422 [main] NioEventLoop - -Dio.netty.selectorAutoRebuildThreshold: 512
[DEBUG] 2022-08-14 12:49:54.546 [main] PooledByteBufAllocator - -Dio.netty.allocator.numHeapArenas: 16
[DEBUG] 2022-08-14 12:49:54.547 [main] PooledByteBufAllocator - -Dio.netty.allocator.numDirectArenas: 16
[DEBUG] 2022-08-14 12:49:54.547 [main] PooledByteBufAllocator - -Dio.netty.allocator.pageSize: 8192
[DEBUG] 2022-08-14 12:49:54.548 [main] PooledByteBufAllocator - -Dio.netty.allocator.maxOrder: 9
[DEBUG] 2022-08-14 12:49:54.548 [main] PooledByteBufAllocator - -Dio.netty.allocator.chunkSize: 4194304
[DEBUG] 2022-08-14 12:49:54.548 [main] PooledByteBufAllocator - -Dio.netty.allocator.smallCacheSize: 256
[DEBUG] 2022-08-14 12:49:54.548 [main] PooledByteBufAllocator - -Dio.netty.allocator.normalCacheSize: 64
[DEBUG] 2022-08-14 12:49:54.548 [main] PooledByteBufAllocator - -Dio.netty.allocator.maxCachedBufferCapacity: 32768
[DEBUG] 2022-08-14 12:49:54.548 [main] PooledByteBufAllocator - -Dio.netty.allocator.cacheTrimInterval: 8192
[DEBUG] 2022-08-14 12:49:54.549 [main] PooledByteBufAllocator - -Dio.netty.allocator.cacheTrimIntervalMillis: 0
[DEBUG] 2022-08-14 12:49:54.549 [main] PooledByteBufAllocator - -Dio.netty.allocator.useCacheForAllThreads: false
[DEBUG] 2022-08-14 12:49:54.549 [main] PooledByteBufAllocator - -Dio.netty.allocator.maxCachedByteBuffersPerChunk: 1023
[DEBUG] 2022-08-14 12:49:54.571 [main] ByteBufUtil - -Dio.netty.allocator.type: pooled
[DEBUG] 2022-08-14 12:49:54.572 [main] ByteBufUtil - -Dio.netty.threadLocalDirectBufferSize: 0
[DEBUG] 2022-08-14 12:49:54.572 [main] ByteBufUtil - -Dio.netty.maxThreadLocalCharBufferSize: 16384
[DEBUG] 2022-08-14 12:49:55.884 [Forwarding newSession on session null to remote] DefaultChannelId - -Dio.netty.processId: 14824 (auto-detected)
[DEBUG] 2022-08-14 12:49:55.890 [Forwarding newSession on session null to remote] NetUtil - -Djava.net.preferIPv4Stack: false
[DEBUG] 2022-08-14 12:49:55.891 [Forwarding newSession on session null to remote] NetUtil - -Djava.net.preferIPv6Addresses: false
[DEBUG] 2022-08-14 12:49:55.932 [Forwarding newSession on session null to remote] NetUtilInitializations - Loopback interface: lo (Software Loopback Interface 1, 127.0.0.1)
[DEBUG] 2022-08-14 12:49:55.934 [Forwarding newSession on session null to remote] NetUtil - Failed to get SOMAXCONN from sysctl and file \proc\sys\net\core\somaxconn. Default: 200
[DEBUG] 2022-08-14 12:49:56.061 [Forwarding newSession on session null to remote] DefaultChannelId - -Dio.netty.machineId: f4:7b:09:ff:fe:3d:cf:0c (auto-detected)
[DEBUG] 2022-08-14 12:49:56.206 [AsyncHttpClient-1-2] AbstractByteBuf - -Dio.netty.buffer.checkAccessible: true
[DEBUG] 2022-08-14 12:49:56.208 [AsyncHttpClient-1-2] AbstractByteBuf - -Dio.netty.buffer.checkBounds: true
[DEBUG] 2022-08-14 12:49:56.208 [AsyncHttpClient-1-2] ResourceLeakDetectorFactory - Loaded default ResourceLeakDetector: io.netty.util.ResourceLeakDetector@1e0ab7bd
[DEBUG] 2022-08-14 12:49:56.276 [AsyncHttpClient-1-2] Recycler - -Dio.netty.recycler.maxCapacityPerThread: 4096
[DEBUG] 2022-08-14 12:49:56.277 [AsyncHttpClient-1-2] Recycler - -Dio.netty.recycler.ratio: 8
[DEBUG] 2022-08-14 12:49:56.277 [AsyncHttpClient-1-2] Recycler - -Dio.netty.recycler.chunkSize: 32
[DEBUG] 2022-08-14 12:49:56.277 [AsyncHttpClient-1-2] Recycler - -Dio.netty.recycler.blocking: false
[DEBUG] 2022-08-14 12:50:00.696 [AsyncHttpClient-1-2] Brotli - brotli4j not in the classpath; Brotli support will be unavailable.
[DEBUG] 2022-08-14 12:50:00.925 [main] ThreadLocalRandom - -Dio.netty.initialSeedUniquifier: 0xd4d8a1212d0fbc88
[INFO ] 2022-08-14 12:50:01.024 [main] Log - Open the urlhttps://naveenautomationlabs.com/opencart/
[INFO ] 2022-08-14 12:50:04.737 [main] Log - https://naveenautomationlabs.com/opencart/
[INFO ] 2022-08-14 12:50:05.402 [main] Log - Text in element : [[ChromeDriver: chrome on WINDOWS (dcddb50fef7be3d1187878aa65e11ffb)] -> xpath: //input[@placeholder='Search']] is cleared
[INFO ] 2022-08-14 12:50:05.584 [main] Log - Click on Text Box: [[ChromeDriver: chrome on WINDOWS (dcddb50fef7be3d1187878aa65e11ffb)] -> xpath: //input[@placeholder='Search']]
[INFO ] 2022-08-14 12:50:05.748 [main] Log - Enter text on [[ChromeDriver: chrome on WINDOWS (dcddb50fef7be3d1187878aa65e11ffb)] -> xpath: //input[@placeholder='Search']] :Apple
[INFO ] 2022-08-14 12:50:05.803 [main] Log - wait for until element [[ChromeDriver: chrome on WINDOWS (dcddb50fef7be3d1187878aa65e11ffb)] -> xpath: //div[@id='search']/span] is visible
[INFO ] 2022-08-14 12:50:06.293 [main] Log - Click on element: [[ChromeDriver: chrome on WINDOWS (dcddb50fef7be3d1187878aa65e11ffb)] -> xpath: //div[@id='search']/span]
[INFO ] 2022-08-14 12:50:08.379 [main] Log - Kills the browsers
[INFO ] 2022-08-14 12:50:08.646 [main] Log - Open chrome browser
[INFO ] 2022-08-14 12:50:08.647 [main] Log - chrome browser is selected
[INFO ] 2022-08-14 12:50:13.640 [main] Log - Open the urlhttps://naveenautomationlabs.com/opencart/
[INFO ] 2022-08-14 12:50:17.601 [main] Log - https://naveenautomationlabs.com/opencart/
[INFO ] 2022-08-14 12:50:18.449 [main] Log - wait for until element [[ChromeDriver: chrome on WINDOWS (dd52ce1705ad7ca49a6c4544bffb382f)] -> xpath: //span[normalize-space()='My Account']] is visible
[INFO ] 2022-08-14 12:50:18.598 [main] Log - Click on element: [[ChromeDriver: chrome on WINDOWS (dd52ce1705ad7ca49a6c4544bffb382f)] -> xpath: //span[normalize-space()='My Account']]
[INFO ] 2022-08-14 12:50:18.674 [main] Log - wait for until element [[ChromeDriver: chrome on WINDOWS (dd52ce1705ad7ca49a6c4544bffb382f)] -> xpath: (//a[normalize-space()='Login'])[1]] is visible
[INFO ] 2022-08-14 12:50:19.148 [main] Log - Click on element: [[ChromeDriver: chrome on WINDOWS (dd52ce1705ad7ca49a6c4544bffb382f)] -> xpath: (//a[normalize-space()='Login'])[1]]
[INFO ] 2022-08-14 12:50:19.347 [main] Log - Text in element : [[ChromeDriver: chrome on WINDOWS (dd52ce1705ad7ca49a6c4544bffb382f)] -> id: input-email] is cleared
[INFO ] 2022-08-14 12:50:19.527 [main] Log - Click on Text Box: [[ChromeDriver: chrome on WINDOWS (dd52ce1705ad7ca49a6c4544bffb382f)] -> id: input-email]
[INFO ] 2022-08-14 12:50:19.762 [main] Log - Enter text on [[ChromeDriver: chrome on WINDOWS (dd52ce1705ad7ca49a6c4544bffb382f)] -> id: input-email] :dineshkumar.icon.dk@gmail.com
[INFO ] 2022-08-14 12:50:19.861 [main] Log - Text in element : [[ChromeDriver: chrome on WINDOWS (dd52ce1705ad7ca49a6c4544bffb382f)] -> id: input-password] is cleared
[INFO ] 2022-08-14 12:50:19.921 [main] Log - Click on Text Box: [[ChromeDriver: chrome on WINDOWS (dd52ce1705ad7ca49a6c4544bffb382f)] -> id: input-password]
[INFO ] 2022-08-14 12:50:19.993 [main] Log - Enter text on [[ChromeDriver: chrome on WINDOWS (dd52ce1705ad7ca49a6c4544bffb382f)] -> id: input-password] :Dinnu@4318
[INFO ] 2022-08-14 12:50:20.040 [main] Log - wait for until element [[ChromeDriver: chrome on WINDOWS (dd52ce1705ad7ca49a6c4544bffb382f)] -> xpath: //input[@value='Login']] is visible
[INFO ] 2022-08-14 12:50:21.679 [main] Log - Click on element: Proxy element for: DefaultElementLocator 'By.xpath: //input[@value='Login']'
[INFO ] 2022-08-14 12:50:23.331 [main] Log - Kills the browsers
[INFO ] 2022-08-14 13:57:28.961 [main] Log - Open chrome browser
[INFO ] 2022-08-14 13:57:28.975 [main] Log - chrome browser is selected
[DEBUG] 2022-08-14 13:57:31.065 [main] InternalLoggerFactory - Using Log4J2 as the default logging framework
[DEBUG] 2022-08-14 13:57:31.071 [main] ResourceLeakDetector - -Dio.netty.leakDetection.level: simple
[DEBUG] 2022-08-14 13:57:31.071 [main] ResourceLeakDetector - -Dio.netty.leakDetection.targetRecords: 4
[DEBUG] 2022-08-14 13:57:31.075 [main] ResourceLeakDetectorFactory - Loaded default ResourceLeakDetector: io.netty.util.ResourceLeakDetector@515b9d4a
[DEBUG] 2022-08-14 13:57:31.110 [main] PlatformDependent0 - -Dio.netty.noUnsafe: false
[DEBUG] 2022-08-14 13:57:31.111 [main] PlatformDependent0 - Java version: 18
[DEBUG] 2022-08-14 13:57:31.112 [main] PlatformDependent0 - sun.misc.Unsafe.theUnsafe: available
[DEBUG] 2022-08-14 13:57:31.113 [main] PlatformDependent0 - sun.misc.Unsafe.copyMemory: available
[DEBUG] 2022-08-14 13:57:31.114 [main] PlatformDependent0 - sun.misc.Unsafe.storeFence: available
[DEBUG] 2022-08-14 13:57:31.114 [main] PlatformDependent0 - java.nio.Buffer.address: available
[DEBUG] 2022-08-14 13:57:31.115 [main] PlatformDependent0 - direct buffer constructor: unavailable: Reflective setAccessible(true) disabled
[DEBUG] 2022-08-14 13:57:31.116 [main] PlatformDependent0 - java.nio.Bits.unaligned: available, true
[DEBUG] 2022-08-14 13:57:31.118 [main] PlatformDependent0 - jdk.internal.misc.Unsafe.allocateUninitializedArray(int): unavailable: class io.netty.util.internal.PlatformDependent0$7 cannot access class jdk.internal.misc.Unsafe (in module java.base) because module java.base does not export jdk.internal.misc to unnamed module @2ef9b8bc
[DEBUG] 2022-08-14 13:57:31.120 [main] PlatformDependent0 - java.nio.DirectByteBuffer.<init>(long, int): unavailable
[DEBUG] 2022-08-14 13:57:31.120 [main] PlatformDependent - sun.misc.Unsafe: available
[DEBUG] 2022-08-14 13:57:31.121 [main] PlatformDependent - maxDirectMemory: 2086666240 bytes (maybe)
[DEBUG] 2022-08-14 13:57:31.122 [main] PlatformDependent - -Dio.netty.tmpdir: C:\Users\DINESH~1.PED\AppData\Local\Temp (java.io.tmpdir)
[DEBUG] 2022-08-14 13:57:31.122 [main] PlatformDependent - -Dio.netty.bitMode: 64 (sun.arch.data.model)
[DEBUG] 2022-08-14 13:57:31.122 [main] PlatformDependent - Platform: Windows
[DEBUG] 2022-08-14 13:57:31.123 [main] PlatformDependent - -Dio.netty.maxDirectMemory: -1 bytes
[DEBUG] 2022-08-14 13:57:31.123 [main] PlatformDependent - -Dio.netty.uninitializedArrayAllocationThreshold: -1
[DEBUG] 2022-08-14 13:57:31.126 [main] CleanerJava9 - java.nio.ByteBuffer.cleaner(): available
[DEBUG] 2022-08-14 13:57:31.126 [main] PlatformDependent - -Dio.netty.noPreferDirect: false
[DEBUG] 2022-08-14 13:57:31.140 [main] PlatformDependent - org.jctools-core.MpscChunkedArrayQueue: available
[DEBUG] 2022-08-14 13:57:31.187 [main] InternalThreadLocalMap - -Dio.netty.threadLocalMap.stringBuilder.initialSize: 1024
[DEBUG] 2022-08-14 13:57:31.187 [main] InternalThreadLocalMap - -Dio.netty.threadLocalMap.stringBuilder.maxSize: 4096
[DEBUG] 2022-08-14 13:57:31.225 [main] JdkSslContext - Default protocols (JDK): [TLSv1.3, TLSv1.2] 
[DEBUG] 2022-08-14 13:57:31.226 [main] JdkSslContext - Default cipher suites (JDK): [TLS_ECDHE_ECDSA_WITH_AES_256_GCM_SHA384, TLS_ECDHE_ECDSA_WITH_AES_128_GCM_SHA256, TLS_ECDHE_RSA_WITH_AES_128_GCM_SHA256, TLS_ECDHE_RSA_WITH_AES_256_GCM_SHA384, TLS_ECDHE_RSA_WITH_AES_128_CBC_SHA, TLS_ECDHE_RSA_WITH_AES_256_CBC_SHA, TLS_RSA_WITH_AES_128_GCM_SHA256, TLS_RSA_WITH_AES_128_CBC_SHA, TLS_RSA_WITH_AES_256_CBC_SHA, TLS_AES_128_GCM_SHA256, TLS_AES_256_GCM_SHA384]
[DEBUG] 2022-08-14 13:57:31.278 [main] MultithreadEventLoopGroup - -Dio.netty.eventLoopThreads: 16
[DEBUG] 2022-08-14 13:57:31.295 [main] NioEventLoop - -Dio.netty.noKeySetOptimization: false
[DEBUG] 2022-08-14 13:57:31.297 [main] NioEventLoop - -Dio.netty.selectorAutoRebuildThreshold: 512
[DEBUG] 2022-08-14 13:57:31.415 [main] PooledByteBufAllocator - -Dio.netty.allocator.numHeapArenas: 16
[DEBUG] 2022-08-14 13:57:31.415 [main] PooledByteBufAllocator - -Dio.netty.allocator.numDirectArenas: 16
[DEBUG] 2022-08-14 13:57:31.415 [main] PooledByteBufAllocator - -Dio.netty.allocator.pageSize: 8192
[DEBUG] 2022-08-14 13:57:31.415 [main] PooledByteBufAllocator - -Dio.netty.allocator.maxOrder: 9
[DEBUG] 2022-08-14 13:57:31.416 [main] PooledByteBufAllocator - -Dio.netty.allocator.chunkSize: 4194304
[DEBUG] 2022-08-14 13:57:31.416 [main] PooledByteBufAllocator - -Dio.netty.allocator.smallCacheSize: 256
[DEBUG] 2022-08-14 13:57:31.416 [main] PooledByteBufAllocator - -Dio.netty.allocator.normalCacheSize: 64
[DEBUG] 2022-08-14 13:57:31.416 [main] PooledByteBufAllocator - -Dio.netty.allocator.maxCachedBufferCapacity: 32768
[DEBUG] 2022-08-14 13:57:31.417 [main] PooledByteBufAllocator - -Dio.netty.allocator.cacheTrimInterval: 8192
[DEBUG] 2022-08-14 13:57:31.417 [main] PooledByteBufAllocator - -Dio.netty.allocator.cacheTrimIntervalMillis: 0
[DEBUG] 2022-08-14 13:57:31.417 [main] PooledByteBufAllocator - -Dio.netty.allocator.useCacheForAllThreads: false
[DEBUG] 2022-08-14 13:57:31.417 [main] PooledByteBufAllocator - -Dio.netty.allocator.maxCachedByteBuffersPerChunk: 1023
[DEBUG] 2022-08-14 13:57:31.440 [main] ByteBufUtil - -Dio.netty.allocator.type: pooled
[DEBUG] 2022-08-14 13:57:31.440 [main] ByteBufUtil - -Dio.netty.threadLocalDirectBufferSize: 0
[DEBUG] 2022-08-14 13:57:31.440 [main] ByteBufUtil - -Dio.netty.maxThreadLocalCharBufferSize: 16384
[DEBUG] 2022-08-14 13:57:32.736 [Forwarding newSession on session null to remote] DefaultChannelId - -Dio.netty.processId: 22148 (auto-detected)
[DEBUG] 2022-08-14 13:57:32.742 [Forwarding newSession on session null to remote] NetUtil - -Djava.net.preferIPv4Stack: false
[DEBUG] 2022-08-14 13:57:32.743 [Forwarding newSession on session null to remote] NetUtil - -Djava.net.preferIPv6Addresses: false
[DEBUG] 2022-08-14 13:57:32.780 [Forwarding newSession on session null to remote] NetUtilInitializations - Loopback interface: lo (Software Loopback Interface 1, 127.0.0.1)
[DEBUG] 2022-08-14 13:57:32.782 [Forwarding newSession on session null to remote] NetUtil - Failed to get SOMAXCONN from sysctl and file \proc\sys\net\core\somaxconn. Default: 200
[DEBUG] 2022-08-14 13:57:32.882 [Forwarding newSession on session null to remote] DefaultChannelId - -Dio.netty.machineId: f4:7b:09:ff:fe:3d:cf:0c (auto-detected)
[DEBUG] 2022-08-14 13:57:32.990 [AsyncHttpClient-1-2] AbstractByteBuf - -Dio.netty.buffer.checkAccessible: true
[DEBUG] 2022-08-14 13:57:32.991 [AsyncHttpClient-1-2] AbstractByteBuf - -Dio.netty.buffer.checkBounds: true
[DEBUG] 2022-08-14 13:57:32.992 [AsyncHttpClient-1-2] ResourceLeakDetectorFactory - Loaded default ResourceLeakDetector: io.netty.util.ResourceLeakDetector@48cb23ec
[DEBUG] 2022-08-14 13:57:33.043 [AsyncHttpClient-1-2] Recycler - -Dio.netty.recycler.maxCapacityPerThread: 4096
[DEBUG] 2022-08-14 13:57:33.045 [AsyncHttpClient-1-2] Recycler - -Dio.netty.recycler.ratio: 8
[DEBUG] 2022-08-14 13:57:33.045 [AsyncHttpClient-1-2] Recycler - -Dio.netty.recycler.chunkSize: 32
[DEBUG] 2022-08-14 13:57:33.045 [AsyncHttpClient-1-2] Recycler - -Dio.netty.recycler.blocking: false
[DEBUG] 2022-08-14 13:57:37.487 [AsyncHttpClient-1-2] Brotli - brotli4j not in the classpath; Brotli support will be unavailable.
[DEBUG] 2022-08-14 13:57:37.692 [main] ThreadLocalRandom - -Dio.netty.initialSeedUniquifier: 0x00153e2bdb112614
[INFO ] 2022-08-14 13:57:37.806 [main] Log - Open the urlhttps://naveenautomationlabs.com/opencart/
[INFO ] 2022-08-14 13:57:41.890 [main] Log - https://naveenautomationlabs.com/opencart/
[INFO ] 2022-08-14 13:57:42.249 [main] Log - Text in element : [[ChromeDriver: chrome on WINDOWS (ae688996d6cd4b6919cbb31932549255)] -> xpath: //input[@placeholder='Search']] is cleared
[INFO ] 2022-08-14 13:57:42.335 [main] Log - Click on Text Box: [[ChromeDriver: chrome on WINDOWS (ae688996d6cd4b6919cbb31932549255)] -> xpath: //input[@placeholder='Search']]
[INFO ] 2022-08-14 13:57:42.469 [main] Log - Enter text on [[ChromeDriver: chrome on WINDOWS (ae688996d6cd4b6919cbb31932549255)] -> xpath: //input[@placeholder='Search']] :Apple
[INFO ] 2022-08-14 13:57:42.528 [main] Log - wait for until element [[ChromeDriver: chrome on WINDOWS (ae688996d6cd4b6919cbb31932549255)] -> xpath: //div[@id='search']/span] is visible
[INFO ] 2022-08-14 13:57:43.004 [main] Log - Click on element: [[ChromeDriver: chrome on WINDOWS (ae688996d6cd4b6919cbb31932549255)] -> xpath: //div[@id='search']/span]
[INFO ] 2022-08-14 13:57:45.205 [main] Log - Kills the browsers
[INFO ] 2022-08-14 13:57:45.370 [main] Log - Open chrome browser
[INFO ] 2022-08-14 13:57:45.370 [main] Log - chrome browser is selected
[INFO ] 2022-08-14 13:57:50.574 [main] Log - Open the urlhttps://naveenautomationlabs.com/opencart/
[INFO ] 2022-08-14 13:57:55.024 [main] Log - https://naveenautomationlabs.com/opencart/
[INFO ] 2022-08-14 13:57:55.969 [main] Log - wait for until element [[ChromeDriver: chrome on WINDOWS (0d466c3616286d8957416fd6dfc325b8)] -> xpath: //span[normalize-space()='My Account']] is visible
[INFO ] 2022-08-14 13:57:56.204 [main] Log - Click on element: [[ChromeDriver: chrome on WINDOWS (0d466c3616286d8957416fd6dfc325b8)] -> xpath: //span[normalize-space()='My Account']]
[INFO ] 2022-08-14 13:57:56.287 [main] Log - wait for until element [[ChromeDriver: chrome on WINDOWS (0d466c3616286d8957416fd6dfc325b8)] -> xpath: (//a[normalize-space()='Login'])[1]] is visible
[INFO ] 2022-08-14 13:57:56.846 [main] Log - Click on element: [[ChromeDriver: chrome on WINDOWS (0d466c3616286d8957416fd6dfc325b8)] -> xpath: (//a[normalize-space()='Login'])[1]]
[INFO ] 2022-08-14 13:57:57.030 [main] Log - Text in element : [[ChromeDriver: chrome on WINDOWS (0d466c3616286d8957416fd6dfc325b8)] -> id: input-email] is cleared
[INFO ] 2022-08-14 13:57:57.130 [main] Log - Click on Text Box: [[ChromeDriver: chrome on WINDOWS (0d466c3616286d8957416fd6dfc325b8)] -> id: input-email]
[INFO ] 2022-08-14 13:57:57.265 [main] Log - Enter text on [[ChromeDriver: chrome on WINDOWS (0d466c3616286d8957416fd6dfc325b8)] -> id: input-email] :dineshkumar.icon.dk@gmail.com
[INFO ] 2022-08-14 13:57:57.331 [main] Log - Text in element : [[ChromeDriver: chrome on WINDOWS (0d466c3616286d8957416fd6dfc325b8)] -> id: input-password] is cleared
[INFO ] 2022-08-14 13:57:57.476 [main] Log - Click on Text Box: [[ChromeDriver: chrome on WINDOWS (0d466c3616286d8957416fd6dfc325b8)] -> id: input-password]
[INFO ] 2022-08-14 13:57:57.667 [main] Log - Enter text on [[ChromeDriver: chrome on WINDOWS (0d466c3616286d8957416fd6dfc325b8)] -> id: input-password] :Dinnu@4318
[INFO ] 2022-08-14 13:57:57.779 [main] Log - wait for until element [[ChromeDriver: chrome on WINDOWS (0d466c3616286d8957416fd6dfc325b8)] -> xpath: //input[@value='Login']] is visible
[INFO ] 2022-08-14 13:57:59.539 [main] Log - Click on element: Proxy element for: DefaultElementLocator 'By.xpath: //input[@value='Login']'
[INFO ] 2022-08-14 13:58:01.161 [main] Log - Kills the browsers
[INFO ] 2022-08-14 14:06:08.105 [main] Log - Open chrome browser
[INFO ] 2022-08-14 14:06:08.120 [main] Log - chrome browser is selected
[DEBUG] 2022-08-14 14:06:09.132 [main] InternalLoggerFactory - Using Log4J2 as the default logging framework
[DEBUG] 2022-08-14 14:06:09.139 [main] ResourceLeakDetector - -Dio.netty.leakDetection.level: simple
[DEBUG] 2022-08-14 14:06:09.139 [main] ResourceLeakDetector - -Dio.netty.leakDetection.targetRecords: 4
[DEBUG] 2022-08-14 14:06:09.144 [main] ResourceLeakDetectorFactory - Loaded default ResourceLeakDetector: io.netty.util.ResourceLeakDetector@4f169009
[DEBUG] 2022-08-14 14:06:09.167 [main] PlatformDependent0 - -Dio.netty.noUnsafe: false
[DEBUG] 2022-08-14 14:06:09.167 [main] PlatformDependent0 - Java version: 18
[DEBUG] 2022-08-14 14:06:09.169 [main] PlatformDependent0 - sun.misc.Unsafe.theUnsafe: available
[DEBUG] 2022-08-14 14:06:09.170 [main] PlatformDependent0 - sun.misc.Unsafe.copyMemory: available
[DEBUG] 2022-08-14 14:06:09.170 [main] PlatformDependent0 - sun.misc.Unsafe.storeFence: available
[DEBUG] 2022-08-14 14:06:09.171 [main] PlatformDependent0 - java.nio.Buffer.address: available
[DEBUG] 2022-08-14 14:06:09.172 [main] PlatformDependent0 - direct buffer constructor: unavailable: Reflective setAccessible(true) disabled
[DEBUG] 2022-08-14 14:06:09.173 [main] PlatformDependent0 - java.nio.Bits.unaligned: available, true
[DEBUG] 2022-08-14 14:06:09.174 [main] PlatformDependent0 - jdk.internal.misc.Unsafe.allocateUninitializedArray(int): unavailable: class io.netty.util.internal.PlatformDependent0$7 cannot access class jdk.internal.misc.Unsafe (in module java.base) because module java.base does not export jdk.internal.misc to unnamed module @68be2bc2
[DEBUG] 2022-08-14 14:06:09.175 [main] PlatformDependent0 - java.nio.DirectByteBuffer.<init>(long, int): unavailable
[DEBUG] 2022-08-14 14:06:09.176 [main] PlatformDependent - sun.misc.Unsafe: available
[DEBUG] 2022-08-14 14:06:09.177 [main] PlatformDependent - maxDirectMemory: 2086666240 bytes (maybe)
[DEBUG] 2022-08-14 14:06:09.178 [main] PlatformDependent - -Dio.netty.tmpdir: C:\Users\DINESH~1.PED\AppData\Local\Temp (java.io.tmpdir)
[DEBUG] 2022-08-14 14:06:09.178 [main] PlatformDependent - -Dio.netty.bitMode: 64 (sun.arch.data.model)
[DEBUG] 2022-08-14 14:06:09.179 [main] PlatformDependent - Platform: Windows
[DEBUG] 2022-08-14 14:06:09.180 [main] PlatformDependent - -Dio.netty.maxDirectMemory: -1 bytes
[DEBUG] 2022-08-14 14:06:09.180 [main] PlatformDependent - -Dio.netty.uninitializedArrayAllocationThreshold: -1
[DEBUG] 2022-08-14 14:06:09.182 [main] CleanerJava9 - java.nio.ByteBuffer.cleaner(): available
[DEBUG] 2022-08-14 14:06:09.182 [main] PlatformDependent - -Dio.netty.noPreferDirect: false
[DEBUG] 2022-08-14 14:06:09.192 [main] PlatformDependent - org.jctools-core.MpscChunkedArrayQueue: available
[DEBUG] 2022-08-14 14:06:09.219 [main] InternalThreadLocalMap - -Dio.netty.threadLocalMap.stringBuilder.initialSize: 1024
[DEBUG] 2022-08-14 14:06:09.219 [main] InternalThreadLocalMap - -Dio.netty.threadLocalMap.stringBuilder.maxSize: 4096
[DEBUG] 2022-08-14 14:06:09.303 [main] JdkSslContext - Default protocols (JDK): [TLSv1.3, TLSv1.2] 
[DEBUG] 2022-08-14 14:06:09.303 [main] JdkSslContext - Default cipher suites (JDK): [TLS_ECDHE_ECDSA_WITH_AES_256_GCM_SHA384, TLS_ECDHE_ECDSA_WITH_AES_128_GCM_SHA256, TLS_ECDHE_RSA_WITH_AES_128_GCM_SHA256, TLS_ECDHE_RSA_WITH_AES_256_GCM_SHA384, TLS_ECDHE_RSA_WITH_AES_128_CBC_SHA, TLS_ECDHE_RSA_WITH_AES_256_CBC_SHA, TLS_RSA_WITH_AES_128_GCM_SHA256, TLS_RSA_WITH_AES_128_CBC_SHA, TLS_RSA_WITH_AES_256_CBC_SHA, TLS_AES_128_GCM_SHA256, TLS_AES_256_GCM_SHA384]
[DEBUG] 2022-08-14 14:06:09.353 [main] MultithreadEventLoopGroup - -Dio.netty.eventLoopThreads: 16
[DEBUG] 2022-08-14 14:06:09.372 [main] NioEventLoop - -Dio.netty.noKeySetOptimization: false
[DEBUG] 2022-08-14 14:06:09.373 [main] NioEventLoop - -Dio.netty.selectorAutoRebuildThreshold: 512
[DEBUG] 2022-08-14 14:06:09.499 [main] PooledByteBufAllocator - -Dio.netty.allocator.numHeapArenas: 16
[DEBUG] 2022-08-14 14:06:09.500 [main] PooledByteBufAllocator - -Dio.netty.allocator.numDirectArenas: 16
[DEBUG] 2022-08-14 14:06:09.500 [main] PooledByteBufAllocator - -Dio.netty.allocator.pageSize: 8192
[DEBUG] 2022-08-14 14:06:09.500 [main] PooledByteBufAllocator - -Dio.netty.allocator.maxOrder: 9
[DEBUG] 2022-08-14 14:06:09.500 [main] PooledByteBufAllocator - -Dio.netty.allocator.chunkSize: 4194304
[DEBUG] 2022-08-14 14:06:09.501 [main] PooledByteBufAllocator - -Dio.netty.allocator.smallCacheSize: 256
[DEBUG] 2022-08-14 14:06:09.501 [main] PooledByteBufAllocator - -Dio.netty.allocator.normalCacheSize: 64
[DEBUG] 2022-08-14 14:06:09.501 [main] PooledByteBufAllocator - -Dio.netty.allocator.maxCachedBufferCapacity: 32768
[DEBUG] 2022-08-14 14:06:09.501 [main] PooledByteBufAllocator - -Dio.netty.allocator.cacheTrimInterval: 8192
[DEBUG] 2022-08-14 14:06:09.502 [main] PooledByteBufAllocator - -Dio.netty.allocator.cacheTrimIntervalMillis: 0
[DEBUG] 2022-08-14 14:06:09.502 [main] PooledByteBufAllocator - -Dio.netty.allocator.useCacheForAllThreads: false
[DEBUG] 2022-08-14 14:06:09.502 [main] PooledByteBufAllocator - -Dio.netty.allocator.maxCachedByteBuffersPerChunk: 1023
[DEBUG] 2022-08-14 14:06:09.522 [main] ByteBufUtil - -Dio.netty.allocator.type: pooled
[DEBUG] 2022-08-14 14:06:09.522 [main] ByteBufUtil - -Dio.netty.threadLocalDirectBufferSize: 0
[DEBUG] 2022-08-14 14:06:09.522 [main] ByteBufUtil - -Dio.netty.maxThreadLocalCharBufferSize: 16384
[DEBUG] 2022-08-14 14:06:10.372 [Forwarding newSession on session null to remote] DefaultChannelId - -Dio.netty.processId: 18840 (auto-detected)
[DEBUG] 2022-08-14 14:06:10.377 [Forwarding newSession on session null to remote] NetUtil - -Djava.net.preferIPv4Stack: false
[DEBUG] 2022-08-14 14:06:10.377 [Forwarding newSession on session null to remote] NetUtil - -Djava.net.preferIPv6Addresses: false
[DEBUG] 2022-08-14 14:06:10.410 [Forwarding newSession on session null to remote] NetUtilInitializations - Loopback interface: lo (Software Loopback Interface 1, 127.0.0.1)
[DEBUG] 2022-08-14 14:06:10.412 [Forwarding newSession on session null to remote] NetUtil - Failed to get SOMAXCONN from sysctl and file \proc\sys\net\core\somaxconn. Default: 200
[DEBUG] 2022-08-14 14:06:10.517 [Forwarding newSession on session null to remote] DefaultChannelId - -Dio.netty.machineId: f4:7b:09:ff:fe:3d:cf:0c (auto-detected)
[DEBUG] 2022-08-14 14:06:10.574 [AsyncHttpClient-1-2] AbstractByteBuf - -Dio.netty.buffer.checkAccessible: true
[DEBUG] 2022-08-14 14:06:10.574 [AsyncHttpClient-1-2] AbstractByteBuf - -Dio.netty.buffer.checkBounds: true
[DEBUG] 2022-08-14 14:06:10.575 [AsyncHttpClient-1-2] ResourceLeakDetectorFactory - Loaded default ResourceLeakDetector: io.netty.util.ResourceLeakDetector@6226e3e9
[DEBUG] 2022-08-14 14:06:10.615 [AsyncHttpClient-1-2] Recycler - -Dio.netty.recycler.maxCapacityPerThread: 4096
[DEBUG] 2022-08-14 14:06:10.615 [AsyncHttpClient-1-2] Recycler - -Dio.netty.recycler.ratio: 8
[DEBUG] 2022-08-14 14:06:10.616 [AsyncHttpClient-1-2] Recycler - -Dio.netty.recycler.chunkSize: 32
[DEBUG] 2022-08-14 14:06:10.616 [AsyncHttpClient-1-2] Recycler - -Dio.netty.recycler.blocking: false
[DEBUG] 2022-08-14 14:06:15.269 [AsyncHttpClient-1-2] Brotli - brotli4j not in the classpath; Brotli support will be unavailable.
[DEBUG] 2022-08-14 14:06:15.455 [main] ThreadLocalRandom - -Dio.netty.initialSeedUniquifier: 0xe61a9fc8b054a227
[INFO ] 2022-08-14 14:06:15.515 [main] Log - Open the urlhttps://naveenautomationlabs.com/opencart/
[INFO ] 2022-08-14 14:06:19.670 [main] Log - https://naveenautomationlabs.com/opencart/
[INFO ] 2022-08-14 14:06:22.852 [main] Log - Text in element : [[ChromeDriver: chrome on WINDOWS (b84df72d7604b255c63f1587462e91df)] -> xpath: //input[@placeholder='Search']] is cleared
[INFO ] 2022-08-14 14:06:22.942 [main] Log - Click on Text Box: [[ChromeDriver: chrome on WINDOWS (b84df72d7604b255c63f1587462e91df)] -> xpath: //input[@placeholder='Search']]
[INFO ] 2022-08-14 14:06:23.030 [main] Log - Enter text on [[ChromeDriver: chrome on WINDOWS (b84df72d7604b255c63f1587462e91df)] -> xpath: //input[@placeholder='Search']] :Apple
[INFO ] 2022-08-14 14:06:23.084 [main] Log - wait for until element [[ChromeDriver: chrome on WINDOWS (b84df72d7604b255c63f1587462e91df)] -> xpath: //div[@id='search']/span] is visible
[INFO ] 2022-08-14 14:06:23.635 [main] Log - Click on element: [[ChromeDriver: chrome on WINDOWS (b84df72d7604b255c63f1587462e91df)] -> xpath: //div[@id='search']/span]
[INFO ] 2022-08-14 14:06:26.053 [main] Log - Kills the browsers
[INFO ] 2022-08-14 14:06:26.250 [main] Log - Open chrome browser
[INFO ] 2022-08-14 14:06:26.250 [main] Log - chrome browser is selected
[INFO ] 2022-08-14 14:06:31.004 [main] Log - Open the urlhttps://naveenautomationlabs.com/opencart/
[INFO ] 2022-08-14 14:06:34.894 [main] Log - https://naveenautomationlabs.com/opencart/
[INFO ] 2022-08-14 14:06:35.741 [main] Log - wait for until element [[ChromeDriver: chrome on WINDOWS (22b4bb539ba458b7e6e19860198b4a46)] -> xpath: //span[normalize-space()='My Account']] is visible
[INFO ] 2022-08-14 14:06:35.869 [main] Log - Click on element: [[ChromeDriver: chrome on WINDOWS (22b4bb539ba458b7e6e19860198b4a46)] -> xpath: //span[normalize-space()='My Account']]
[INFO ] 2022-08-14 14:06:35.947 [main] Log - wait for until element [[ChromeDriver: chrome on WINDOWS (22b4bb539ba458b7e6e19860198b4a46)] -> xpath: (//a[normalize-space()='Login'])[1]] is visible
[INFO ] 2022-08-14 14:06:36.521 [main] Log - Click on element: [[ChromeDriver: chrome on WINDOWS (22b4bb539ba458b7e6e19860198b4a46)] -> xpath: (//a[normalize-space()='Login'])[1]]
[INFO ] 2022-08-14 14:06:37.034 [main] Log - Text in element : [[ChromeDriver: chrome on WINDOWS (22b4bb539ba458b7e6e19860198b4a46)] -> id: input-email] is cleared
[INFO ] 2022-08-14 14:06:37.294 [main] Log - Click on Text Box: [[ChromeDriver: chrome on WINDOWS (22b4bb539ba458b7e6e19860198b4a46)] -> id: input-email]
[INFO ] 2022-08-14 14:06:37.521 [main] Log - Enter text on [[ChromeDriver: chrome on WINDOWS (22b4bb539ba458b7e6e19860198b4a46)] -> id: input-email] :dineshkumar.icon.dk@gmail.com
[INFO ] 2022-08-14 14:06:37.589 [main] Log - Text in element : [[ChromeDriver: chrome on WINDOWS (22b4bb539ba458b7e6e19860198b4a46)] -> id: input-password] is cleared
[INFO ] 2022-08-14 14:06:37.731 [main] Log - Click on Text Box: [[ChromeDriver: chrome on WINDOWS (22b4bb539ba458b7e6e19860198b4a46)] -> id: input-password]
[INFO ] 2022-08-14 14:06:37.904 [main] Log - Enter text on [[ChromeDriver: chrome on WINDOWS (22b4bb539ba458b7e6e19860198b4a46)] -> id: input-password] :Dinnu@4318
[INFO ] 2022-08-14 14:06:38.021 [main] Log - wait for until element [[ChromeDriver: chrome on WINDOWS (22b4bb539ba458b7e6e19860198b4a46)] -> xpath: //input[@value='Login']] is visible
[INFO ] 2022-08-14 14:06:39.971 [main] Log - Click on element: Proxy element for: DefaultElementLocator 'By.xpath: //input[@value='Login']'
[INFO ] 2022-08-14 14:06:42.031 [main] Log - Kills the browsers
[INFO ] 2022-08-14 16:45:06.622 [main] Log - Open chrome browser
[INFO ] 2022-08-14 16:45:06.633 [main] Log - chrome browser is selected
[DEBUG] 2022-08-14 16:45:08.219 [main] InternalLoggerFactory - Using Log4J2 as the default logging framework
[DEBUG] 2022-08-14 16:45:08.223 [main] ResourceLeakDetector - -Dio.netty.leakDetection.level: simple
[DEBUG] 2022-08-14 16:45:08.223 [main] ResourceLeakDetector - -Dio.netty.leakDetection.targetRecords: 4
[DEBUG] 2022-08-14 16:45:08.227 [main] ResourceLeakDetectorFactory - Loaded default ResourceLeakDetector: io.netty.util.ResourceLeakDetector@4fba8eec
[DEBUG] 2022-08-14 16:45:08.248 [main] PlatformDependent0 - -Dio.netty.noUnsafe: false
[DEBUG] 2022-08-14 16:45:08.248 [main] PlatformDependent0 - Java version: 18
[DEBUG] 2022-08-14 16:45:08.249 [main] PlatformDependent0 - sun.misc.Unsafe.theUnsafe: available
[DEBUG] 2022-08-14 16:45:08.250 [main] PlatformDependent0 - sun.misc.Unsafe.copyMemory: available
[DEBUG] 2022-08-14 16:45:08.250 [main] PlatformDependent0 - sun.misc.Unsafe.storeFence: available
[DEBUG] 2022-08-14 16:45:08.250 [main] PlatformDependent0 - java.nio.Buffer.address: available
[DEBUG] 2022-08-14 16:45:08.251 [main] PlatformDependent0 - direct buffer constructor: unavailable: Reflective setAccessible(true) disabled
[DEBUG] 2022-08-14 16:45:08.251 [main] PlatformDependent0 - java.nio.Bits.unaligned: available, true
[DEBUG] 2022-08-14 16:45:08.252 [main] PlatformDependent0 - jdk.internal.misc.Unsafe.allocateUninitializedArray(int): unavailable: class io.netty.util.internal.PlatformDependent0$7 cannot access class jdk.internal.misc.Unsafe (in module java.base) because module java.base does not export jdk.internal.misc to unnamed module @4520ebad
[DEBUG] 2022-08-14 16:45:08.253 [main] PlatformDependent0 - java.nio.DirectByteBuffer.<init>(long, int): unavailable
[DEBUG] 2022-08-14 16:45:08.254 [main] PlatformDependent - sun.misc.Unsafe: available
[DEBUG] 2022-08-14 16:45:08.254 [main] PlatformDependent - maxDirectMemory: 2086666240 bytes (maybe)
[DEBUG] 2022-08-14 16:45:08.255 [main] PlatformDependent - -Dio.netty.tmpdir: C:\Users\DINESH~1.PED\AppData\Local\Temp (java.io.tmpdir)
[DEBUG] 2022-08-14 16:45:08.255 [main] PlatformDependent - -Dio.netty.bitMode: 64 (sun.arch.data.model)
[DEBUG] 2022-08-14 16:45:08.255 [main] PlatformDependent - Platform: Windows
[DEBUG] 2022-08-14 16:45:08.255 [main] PlatformDependent - -Dio.netty.maxDirectMemory: -1 bytes
[DEBUG] 2022-08-14 16:45:08.256 [main] PlatformDependent - -Dio.netty.uninitializedArrayAllocationThreshold: -1
[DEBUG] 2022-08-14 16:45:08.257 [main] CleanerJava9 - java.nio.ByteBuffer.cleaner(): available
[DEBUG] 2022-08-14 16:45:08.257 [main] PlatformDependent - -Dio.netty.noPreferDirect: false
[DEBUG] 2022-08-14 16:45:08.264 [main] PlatformDependent - org.jctools-core.MpscChunkedArrayQueue: available
[DEBUG] 2022-08-14 16:45:08.285 [main] InternalThreadLocalMap - -Dio.netty.threadLocalMap.stringBuilder.initialSize: 1024
[DEBUG] 2022-08-14 16:45:08.285 [main] InternalThreadLocalMap - -Dio.netty.threadLocalMap.stringBuilder.maxSize: 4096
[DEBUG] 2022-08-14 16:45:08.302 [main] JdkSslContext - Default protocols (JDK): [TLSv1.3, TLSv1.2] 
[DEBUG] 2022-08-14 16:45:08.302 [main] JdkSslContext - Default cipher suites (JDK): [TLS_ECDHE_ECDSA_WITH_AES_256_GCM_SHA384, TLS_ECDHE_ECDSA_WITH_AES_128_GCM_SHA256, TLS_ECDHE_RSA_WITH_AES_128_GCM_SHA256, TLS_ECDHE_RSA_WITH_AES_256_GCM_SHA384, TLS_ECDHE_RSA_WITH_AES_128_CBC_SHA, TLS_ECDHE_RSA_WITH_AES_256_CBC_SHA, TLS_RSA_WITH_AES_128_GCM_SHA256, TLS_RSA_WITH_AES_128_CBC_SHA, TLS_RSA_WITH_AES_256_CBC_SHA, TLS_AES_128_GCM_SHA256, TLS_AES_256_GCM_SHA384]
[DEBUG] 2022-08-14 16:45:08.325 [main] MultithreadEventLoopGroup - -Dio.netty.eventLoopThreads: 16
[DEBUG] 2022-08-14 16:45:08.333 [main] NioEventLoop - -Dio.netty.noKeySetOptimization: false
[DEBUG] 2022-08-14 16:45:08.333 [main] NioEventLoop - -Dio.netty.selectorAutoRebuildThreshold: 512
[DEBUG] 2022-08-14 16:45:08.380 [main] PooledByteBufAllocator - -Dio.netty.allocator.numHeapArenas: 16
[DEBUG] 2022-08-14 16:45:08.381 [main] PooledByteBufAllocator - -Dio.netty.allocator.numDirectArenas: 16
[DEBUG] 2022-08-14 16:45:08.381 [main] PooledByteBufAllocator - -Dio.netty.allocator.pageSize: 8192
[DEBUG] 2022-08-14 16:45:08.381 [main] PooledByteBufAllocator - -Dio.netty.allocator.maxOrder: 9
[DEBUG] 2022-08-14 16:45:08.381 [main] PooledByteBufAllocator - -Dio.netty.allocator.chunkSize: 4194304
[DEBUG] 2022-08-14 16:45:08.381 [main] PooledByteBufAllocator - -Dio.netty.allocator.smallCacheSize: 256
[DEBUG] 2022-08-14 16:45:08.381 [main] PooledByteBufAllocator - -Dio.netty.allocator.normalCacheSize: 64
[DEBUG] 2022-08-14 16:45:08.381 [main] PooledByteBufAllocator - -Dio.netty.allocator.maxCachedBufferCapacity: 32768
[DEBUG] 2022-08-14 16:45:08.381 [main] PooledByteBufAllocator - -Dio.netty.allocator.cacheTrimInterval: 8192
[DEBUG] 2022-08-14 16:45:08.381 [main] PooledByteBufAllocator - -Dio.netty.allocator.cacheTrimIntervalMillis: 0
[DEBUG] 2022-08-14 16:45:08.381 [main] PooledByteBufAllocator - -Dio.netty.allocator.useCacheForAllThreads: false
[DEBUG] 2022-08-14 16:45:08.381 [main] PooledByteBufAllocator - -Dio.netty.allocator.maxCachedByteBuffersPerChunk: 1023
[DEBUG] 2022-08-14 16:45:08.391 [main] ByteBufUtil - -Dio.netty.allocator.type: pooled
[DEBUG] 2022-08-14 16:45:08.391 [main] ByteBufUtil - -Dio.netty.threadLocalDirectBufferSize: 0
[DEBUG] 2022-08-14 16:45:08.391 [main] ByteBufUtil - -Dio.netty.maxThreadLocalCharBufferSize: 16384
[DEBUG] 2022-08-14 16:45:09.357 [Forwarding newSession on session null to remote] DefaultChannelId - -Dio.netty.processId: 23004 (auto-detected)
[DEBUG] 2022-08-14 16:45:09.359 [Forwarding newSession on session null to remote] NetUtil - -Djava.net.preferIPv4Stack: false
[DEBUG] 2022-08-14 16:45:09.360 [Forwarding newSession on session null to remote] NetUtil - -Djava.net.preferIPv6Addresses: false
[DEBUG] 2022-08-14 16:45:09.378 [Forwarding newSession on session null to remote] NetUtilInitializations - Loopback interface: lo (Software Loopback Interface 1, 127.0.0.1)
[DEBUG] 2022-08-14 16:45:09.379 [Forwarding newSession on session null to remote] NetUtil - Failed to get SOMAXCONN from sysctl and file \proc\sys\net\core\somaxconn. Default: 200
[DEBUG] 2022-08-14 16:45:09.420 [Forwarding newSession on session null to remote] DefaultChannelId - -Dio.netty.machineId: f4:7b:09:ff:fe:3d:cf:0c (auto-detected)
[DEBUG] 2022-08-14 16:45:09.469 [AsyncHttpClient-1-2] AbstractByteBuf - -Dio.netty.buffer.checkAccessible: true
[DEBUG] 2022-08-14 16:45:09.469 [AsyncHttpClient-1-2] AbstractByteBuf - -Dio.netty.buffer.checkBounds: true
[DEBUG] 2022-08-14 16:45:09.469 [AsyncHttpClient-1-2] ResourceLeakDetectorFactory - Loaded default ResourceLeakDetector: io.netty.util.ResourceLeakDetector@1b7a8f11
[DEBUG] 2022-08-14 16:45:09.489 [AsyncHttpClient-1-2] Recycler - -Dio.netty.recycler.maxCapacityPerThread: 4096
[DEBUG] 2022-08-14 16:45:09.489 [AsyncHttpClient-1-2] Recycler - -Dio.netty.recycler.ratio: 8
[DEBUG] 2022-08-14 16:45:09.489 [AsyncHttpClient-1-2] Recycler - -Dio.netty.recycler.chunkSize: 32
[DEBUG] 2022-08-14 16:45:09.489 [AsyncHttpClient-1-2] Recycler - -Dio.netty.recycler.blocking: false
[DEBUG] 2022-08-14 16:45:12.399 [AsyncHttpClient-1-2] Brotli - brotli4j not in the classpath; Brotli support will be unavailable.
[DEBUG] 2022-08-14 16:45:12.578 [main] ThreadLocalRandom - -Dio.netty.initialSeedUniquifier: 0x62fe72ba3a463156
[INFO ] 2022-08-14 16:45:12.634 [main] Log - Open the urlhttps://naveenautomationlabs.com/opencart/
[INFO ] 2022-08-14 16:45:15.505 [main] Log - https://naveenautomationlabs.com/opencart/
[INFO ] 2022-08-14 16:45:16.310 [main] Log - Text in element : [[ChromeDriver: chrome on WINDOWS (ea9e487e4da5d242eacc4733468cd5eb)] -> xpath: //input[@placeholder='Search']] is cleared
[INFO ] 2022-08-14 16:45:16.379 [main] Log - Click on Text Box: [[ChromeDriver: chrome on WINDOWS (ea9e487e4da5d242eacc4733468cd5eb)] -> xpath: //input[@placeholder='Search']]
[INFO ] 2022-08-14 16:45:16.443 [main] Log - Enter text on [[ChromeDriver: chrome on WINDOWS (ea9e487e4da5d242eacc4733468cd5eb)] -> xpath: //input[@placeholder='Search']] :Apple
[INFO ] 2022-08-14 16:45:16.482 [main] Log - wait for until element [[ChromeDriver: chrome on WINDOWS (ea9e487e4da5d242eacc4733468cd5eb)] -> xpath: //div[@id='search']/span] is visible
[INFO ] 2022-08-14 16:45:17.214 [main] Log - Click on element: [[ChromeDriver: chrome on WINDOWS (ea9e487e4da5d242eacc4733468cd5eb)] -> xpath: //div[@id='search']/span]
[INFO ] 2022-08-14 16:45:18.860 [main] Log - Kills the browsers
[INFO ] 2022-08-14 16:45:19.208 [main] Log - Open chrome browser
[INFO ] 2022-08-14 16:45:19.209 [main] Log - chrome browser is selected
[INFO ] 2022-08-14 16:45:21.987 [main] Log - Open the urlhttps://naveenautomationlabs.com/opencart/
[INFO ] 2022-08-14 16:45:24.608 [main] Log - https://naveenautomationlabs.com/opencart/
[INFO ] 2022-08-14 16:45:24.808 [main] Log - wait for until element [[ChromeDriver: chrome on WINDOWS (82549dcdd5da5a1fe432e07d5ed8e0ae)] -> xpath: //span[normalize-space()='My Account']] is visible
[INFO ] 2022-08-14 16:45:24.875 [main] Log - Click on element: [[ChromeDriver: chrome on WINDOWS (82549dcdd5da5a1fe432e07d5ed8e0ae)] -> xpath: //span[normalize-space()='My Account']]
[INFO ] 2022-08-14 16:45:24.912 [main] Log - wait for until element [[ChromeDriver: chrome on WINDOWS (82549dcdd5da5a1fe432e07d5ed8e0ae)] -> xpath: (//a[normalize-space()='Login'])[1]] is visible
[INFO ] 2022-08-14 16:45:25.276 [main] Log - Click on element: [[ChromeDriver: chrome on WINDOWS (82549dcdd5da5a1fe432e07d5ed8e0ae)] -> xpath: (//a[normalize-space()='Login'])[1]]
[INFO ] 2022-08-14 16:45:25.579 [main] Log - Text in element : [[ChromeDriver: chrome on WINDOWS (82549dcdd5da5a1fe432e07d5ed8e0ae)] -> id: input-email] is cleared
[INFO ] 2022-08-14 16:45:25.626 [main] Log - Click on Text Box: [[ChromeDriver: chrome on WINDOWS (82549dcdd5da5a1fe432e07d5ed8e0ae)] -> id: input-email]
[INFO ] 2022-08-14 16:45:25.706 [main] Log - Enter text on [[ChromeDriver: chrome on WINDOWS (82549dcdd5da5a1fe432e07d5ed8e0ae)] -> id: input-email] :dineshkumar.icon.dk@gmail.com
[INFO ] 2022-08-14 16:45:25.757 [main] Log - Text in element : [[ChromeDriver: chrome on WINDOWS (82549dcdd5da5a1fe432e07d5ed8e0ae)] -> id: input-password] is cleared
[INFO ] 2022-08-14 16:45:25.833 [main] Log - Click on Text Box: [[ChromeDriver: chrome on WINDOWS (82549dcdd5da5a1fe432e07d5ed8e0ae)] -> id: input-password]
[INFO ] 2022-08-14 16:45:25.880 [main] Log - Enter text on [[ChromeDriver: chrome on WINDOWS (82549dcdd5da5a1fe432e07d5ed8e0ae)] -> id: input-password] :Dinnu@4318
[INFO ] 2022-08-14 16:45:25.913 [main] Log - wait for until element [[ChromeDriver: chrome on WINDOWS (82549dcdd5da5a1fe432e07d5ed8e0ae)] -> xpath: //input[@value='Login']] is visible
[INFO ] 2022-08-14 16:45:28.205 [main] Log - Click on element: Proxy element for: DefaultElementLocator 'By.xpath: //input[@value='Login']'
[INFO ] 2022-08-14 16:45:29.776 [main] Log - Kills the browsers
[INFO ] 2022-08-14 16:48:17.619 [main] Log - Open chrome browser
[INFO ] 2022-08-14 16:48:17.628 [main] Log - chrome browser is selected
[DEBUG] 2022-08-14 16:48:18.093 [main] InternalLoggerFactory - Using Log4J2 as the default logging framework
[DEBUG] 2022-08-14 16:48:18.097 [main] ResourceLeakDetector - -Dio.netty.leakDetection.level: simple
[DEBUG] 2022-08-14 16:48:18.098 [main] ResourceLeakDetector - -Dio.netty.leakDetection.targetRecords: 4
[DEBUG] 2022-08-14 16:48:18.101 [main] ResourceLeakDetectorFactory - Loaded default ResourceLeakDetector: io.netty.util.ResourceLeakDetector@4f169009
[DEBUG] 2022-08-14 16:48:18.117 [main] PlatformDependent0 - -Dio.netty.noUnsafe: false
[DEBUG] 2022-08-14 16:48:18.117 [main] PlatformDependent0 - Java version: 18
[DEBUG] 2022-08-14 16:48:18.118 [main] PlatformDependent0 - sun.misc.Unsafe.theUnsafe: available
[DEBUG] 2022-08-14 16:48:18.118 [main] PlatformDependent0 - sun.misc.Unsafe.copyMemory: available
[DEBUG] 2022-08-14 16:48:18.119 [main] PlatformDependent0 - sun.misc.Unsafe.storeFence: available
[DEBUG] 2022-08-14 16:48:18.119 [main] PlatformDependent0 - java.nio.Buffer.address: available
[DEBUG] 2022-08-14 16:48:18.120 [main] PlatformDependent0 - direct buffer constructor: unavailable: Reflective setAccessible(true) disabled
[DEBUG] 2022-08-14 16:48:18.120 [main] PlatformDependent0 - java.nio.Bits.unaligned: available, true
[DEBUG] 2022-08-14 16:48:18.121 [main] PlatformDependent0 - jdk.internal.misc.Unsafe.allocateUninitializedArray(int): unavailable: class io.netty.util.internal.PlatformDependent0$7 cannot access class jdk.internal.misc.Unsafe (in module java.base) because module java.base does not export jdk.internal.misc to unnamed module @2a2d45ba
[DEBUG] 2022-08-14 16:48:18.122 [main] PlatformDependent0 - java.nio.DirectByteBuffer.<init>(long, int): unavailable
[DEBUG] 2022-08-14 16:48:18.122 [main] PlatformDependent - sun.misc.Unsafe: available
[DEBUG] 2022-08-14 16:48:18.123 [main] PlatformDependent - maxDirectMemory: 2086666240 bytes (maybe)
[DEBUG] 2022-08-14 16:48:18.123 [main] PlatformDependent - -Dio.netty.tmpdir: C:\Users\DINESH~1.PED\AppData\Local\Temp (java.io.tmpdir)
[DEBUG] 2022-08-14 16:48:18.123 [main] PlatformDependent - -Dio.netty.bitMode: 64 (sun.arch.data.model)
[DEBUG] 2022-08-14 16:48:18.123 [main] PlatformDependent - Platform: Windows
[DEBUG] 2022-08-14 16:48:18.124 [main] PlatformDependent - -Dio.netty.maxDirectMemory: -1 bytes
[DEBUG] 2022-08-14 16:48:18.124 [main] PlatformDependent - -Dio.netty.uninitializedArrayAllocationThreshold: -1
[DEBUG] 2022-08-14 16:48:18.125 [main] CleanerJava9 - java.nio.ByteBuffer.cleaner(): available
[DEBUG] 2022-08-14 16:48:18.125 [main] PlatformDependent - -Dio.netty.noPreferDirect: false
[DEBUG] 2022-08-14 16:48:18.132 [main] PlatformDependent - org.jctools-core.MpscChunkedArrayQueue: available
[DEBUG] 2022-08-14 16:48:18.149 [main] InternalThreadLocalMap - -Dio.netty.threadLocalMap.stringBuilder.initialSize: 1024
[DEBUG] 2022-08-14 16:48:18.149 [main] InternalThreadLocalMap - -Dio.netty.threadLocalMap.stringBuilder.maxSize: 4096
[DEBUG] 2022-08-14 16:48:18.196 [main] JdkSslContext - Default protocols (JDK): [TLSv1.3, TLSv1.2] 
[DEBUG] 2022-08-14 16:48:18.196 [main] JdkSslContext - Default cipher suites (JDK): [TLS_ECDHE_ECDSA_WITH_AES_256_GCM_SHA384, TLS_ECDHE_ECDSA_WITH_AES_128_GCM_SHA256, TLS_ECDHE_RSA_WITH_AES_128_GCM_SHA256, TLS_ECDHE_RSA_WITH_AES_256_GCM_SHA384, TLS_ECDHE_RSA_WITH_AES_128_CBC_SHA, TLS_ECDHE_RSA_WITH_AES_256_CBC_SHA, TLS_RSA_WITH_AES_128_GCM_SHA256, TLS_RSA_WITH_AES_128_CBC_SHA, TLS_RSA_WITH_AES_256_CBC_SHA, TLS_AES_128_GCM_SHA256, TLS_AES_256_GCM_SHA384]
[DEBUG] 2022-08-14 16:48:18.219 [main] MultithreadEventLoopGroup - -Dio.netty.eventLoopThreads: 16
[DEBUG] 2022-08-14 16:48:18.226 [main] NioEventLoop - -Dio.netty.noKeySetOptimization: false
[DEBUG] 2022-08-14 16:48:18.227 [main] NioEventLoop - -Dio.netty.selectorAutoRebuildThreshold: 512
[DEBUG] 2022-08-14 16:48:18.283 [main] PooledByteBufAllocator - -Dio.netty.allocator.numHeapArenas: 16
[DEBUG] 2022-08-14 16:48:18.284 [main] PooledByteBufAllocator - -Dio.netty.allocator.numDirectArenas: 16
[DEBUG] 2022-08-14 16:48:18.284 [main] PooledByteBufAllocator - -Dio.netty.allocator.pageSize: 8192
[DEBUG] 2022-08-14 16:48:18.284 [main] PooledByteBufAllocator - -Dio.netty.allocator.maxOrder: 9
[DEBUG] 2022-08-14 16:48:18.284 [main] PooledByteBufAllocator - -Dio.netty.allocator.chunkSize: 4194304
[DEBUG] 2022-08-14 16:48:18.284 [main] PooledByteBufAllocator - -Dio.netty.allocator.smallCacheSize: 256
[DEBUG] 2022-08-14 16:48:18.284 [main] PooledByteBufAllocator - -Dio.netty.allocator.normalCacheSize: 64
[DEBUG] 2022-08-14 16:48:18.284 [main] PooledByteBufAllocator - -Dio.netty.allocator.maxCachedBufferCapacity: 32768
[DEBUG] 2022-08-14 16:48:18.284 [main] PooledByteBufAllocator - -Dio.netty.allocator.cacheTrimInterval: 8192
[DEBUG] 2022-08-14 16:48:18.285 [main] PooledByteBufAllocator - -Dio.netty.allocator.cacheTrimIntervalMillis: 0
[DEBUG] 2022-08-14 16:48:18.285 [main] PooledByteBufAllocator - -Dio.netty.allocator.useCacheForAllThreads: false
[DEBUG] 2022-08-14 16:48:18.285 [main] PooledByteBufAllocator - -Dio.netty.allocator.maxCachedByteBuffersPerChunk: 1023
[DEBUG] 2022-08-14 16:48:18.295 [main] ByteBufUtil - -Dio.netty.allocator.type: pooled
[DEBUG] 2022-08-14 16:48:18.295 [main] ByteBufUtil - -Dio.netty.threadLocalDirectBufferSize: 0
[DEBUG] 2022-08-14 16:48:18.295 [main] ByteBufUtil - -Dio.netty.maxThreadLocalCharBufferSize: 16384
[DEBUG] 2022-08-14 16:48:18.741 [Forwarding newSession on session null to remote] DefaultChannelId - -Dio.netty.processId: 26000 (auto-detected)
[DEBUG] 2022-08-14 16:48:18.744 [Forwarding newSession on session null to remote] NetUtil - -Djava.net.preferIPv4Stack: false
[DEBUG] 2022-08-14 16:48:18.744 [Forwarding newSession on session null to remote] NetUtil - -Djava.net.preferIPv6Addresses: false
[DEBUG] 2022-08-14 16:48:18.762 [Forwarding newSession on session null to remote] NetUtilInitializations - Loopback interface: lo (Software Loopback Interface 1, 127.0.0.1)
[DEBUG] 2022-08-14 16:48:18.762 [Forwarding newSession on session null to remote] NetUtil - Failed to get SOMAXCONN from sysctl and file \proc\sys\net\core\somaxconn. Default: 200
[DEBUG] 2022-08-14 16:48:18.811 [Forwarding newSession on session null to remote] DefaultChannelId - -Dio.netty.machineId: f4:7b:09:ff:fe:3d:cf:0c (auto-detected)
[DEBUG] 2022-08-14 16:48:18.859 [AsyncHttpClient-1-2] AbstractByteBuf - -Dio.netty.buffer.checkAccessible: true
[DEBUG] 2022-08-14 16:48:18.860 [AsyncHttpClient-1-2] AbstractByteBuf - -Dio.netty.buffer.checkBounds: true
[DEBUG] 2022-08-14 16:48:18.860 [AsyncHttpClient-1-2] ResourceLeakDetectorFactory - Loaded default ResourceLeakDetector: io.netty.util.ResourceLeakDetector@562122c6
[DEBUG] 2022-08-14 16:48:18.882 [AsyncHttpClient-1-2] Recycler - -Dio.netty.recycler.maxCapacityPerThread: 4096
[DEBUG] 2022-08-14 16:48:18.882 [AsyncHttpClient-1-2] Recycler - -Dio.netty.recycler.ratio: 8
[DEBUG] 2022-08-14 16:48:18.882 [AsyncHttpClient-1-2] Recycler - -Dio.netty.recycler.chunkSize: 32
[DEBUG] 2022-08-14 16:48:18.882 [AsyncHttpClient-1-2] Recycler - -Dio.netty.recycler.blocking: false
[DEBUG] 2022-08-14 16:48:21.390 [AsyncHttpClient-1-2] Brotli - brotli4j not in the classpath; Brotli support will be unavailable.
[DEBUG] 2022-08-14 16:48:21.561 [main] ThreadLocalRandom - -Dio.netty.initialSeedUniquifier: 0x25b1338f85b4dcef
[INFO ] 2022-08-14 16:48:21.617 [main] Log - Open the urlhttps://naveenautomationlabs.com/opencart/
[INFO ] 2022-08-14 16:48:24.334 [main] Log - https://naveenautomationlabs.com/opencart/
[INFO ] 2022-08-14 16:48:25.005 [main] Log - Text in element : [[ChromeDriver: chrome on WINDOWS (765f21f4489a01a9476253ff09fa80a2)] -> xpath: //input[@placeholder='Search']] is cleared
[INFO ] 2022-08-14 16:48:25.061 [main] Log - Click on Text Box: [[ChromeDriver: chrome on WINDOWS (765f21f4489a01a9476253ff09fa80a2)] -> xpath: //input[@placeholder='Search']]
[INFO ] 2022-08-14 16:48:25.116 [main] Log - Enter text on [[ChromeDriver: chrome on WINDOWS (765f21f4489a01a9476253ff09fa80a2)] -> xpath: //input[@placeholder='Search']] :Apple
[INFO ] 2022-08-14 16:48:25.151 [main] Log - wait for until element [[ChromeDriver: chrome on WINDOWS (765f21f4489a01a9476253ff09fa80a2)] -> xpath: //div[@id='search']/span] is visible
[INFO ] 2022-08-14 16:48:25.934 [main] Log - Click on element: [[ChromeDriver: chrome on WINDOWS (765f21f4489a01a9476253ff09fa80a2)] -> xpath: //div[@id='search']/span]
[INFO ] 2022-08-14 16:48:28.022 [main] Log - Kills the browsers
[INFO ] 2022-08-14 16:48:28.125 [main] Log - Open chrome browser
[INFO ] 2022-08-14 16:48:28.125 [main] Log - chrome browser is selected
[INFO ] 2022-08-14 16:48:30.652 [main] Log - Open the urlhttps://naveenautomationlabs.com/opencart/
[INFO ] 2022-08-14 16:48:33.481 [main] Log - https://naveenautomationlabs.com/opencart/
[INFO ] 2022-08-14 16:48:34.228 [main] Log - wait for until element [[ChromeDriver: chrome on WINDOWS (0200a1a16ad141afe8bfe90618038e18)] -> xpath: //span[normalize-space()='My Account']] is visible
[INFO ] 2022-08-14 16:48:34.285 [main] Log - Click on element: [[ChromeDriver: chrome on WINDOWS (0200a1a16ad141afe8bfe90618038e18)] -> xpath: //span[normalize-space()='My Account']]
[INFO ] 2022-08-14 16:48:34.316 [main] Log - wait for until element [[ChromeDriver: chrome on WINDOWS (0200a1a16ad141afe8bfe90618038e18)] -> xpath: (//a[normalize-space()='Login'])[1]] is visible
[INFO ] 2022-08-14 16:48:34.622 [main] Log - Click on element: [[ChromeDriver: chrome on WINDOWS (0200a1a16ad141afe8bfe90618038e18)] -> xpath: (//a[normalize-space()='Login'])[1]]
[INFO ] 2022-08-14 16:48:34.906 [main] Log - Text in element : [[ChromeDriver: chrome on WINDOWS (0200a1a16ad141afe8bfe90618038e18)] -> id: input-email] is cleared
[INFO ] 2022-08-14 16:48:34.962 [main] Log - Click on Text Box: [[ChromeDriver: chrome on WINDOWS (0200a1a16ad141afe8bfe90618038e18)] -> id: input-email]
[INFO ] 2022-08-14 16:48:35.037 [main] Log - Enter text on [[ChromeDriver: chrome on WINDOWS (0200a1a16ad141afe8bfe90618038e18)] -> id: input-email] :dineshkumar.icon.dk@gmail.com
[INFO ] 2022-08-14 16:48:35.093 [main] Log - Text in element : [[ChromeDriver: chrome on WINDOWS (0200a1a16ad141afe8bfe90618038e18)] -> id: input-password] is cleared
[INFO ] 2022-08-14 16:48:35.150 [main] Log - Click on Text Box: [[ChromeDriver: chrome on WINDOWS (0200a1a16ad141afe8bfe90618038e18)] -> id: input-password]
[INFO ] 2022-08-14 16:48:35.199 [main] Log - Enter text on [[ChromeDriver: chrome on WINDOWS (0200a1a16ad141afe8bfe90618038e18)] -> id: input-password] :Dinnu@4318
[INFO ] 2022-08-14 16:48:35.228 [main] Log - wait for until element [[ChromeDriver: chrome on WINDOWS (0200a1a16ad141afe8bfe90618038e18)] -> xpath: //input[@value='Login']] is visible
[INFO ] 2022-08-14 16:48:36.726 [main] Log - Click on element: Proxy element for: DefaultElementLocator 'By.xpath: //input[@value='Login']'
[INFO ] 2022-08-14 16:48:38.095 [main] Log - Kills the browsers
[INFO ] 2022-08-14 16:50:13.462 [main] Log - Open chrome browser
[INFO ] 2022-08-14 16:50:13.470 [main] Log - chrome browser is selected
[DEBUG] 2022-08-14 16:50:13.900 [main] InternalLoggerFactory - Using Log4J2 as the default logging framework
[DEBUG] 2022-08-14 16:50:13.904 [main] ResourceLeakDetector - -Dio.netty.leakDetection.level: simple
[DEBUG] 2022-08-14 16:50:13.904 [main] ResourceLeakDetector - -Dio.netty.leakDetection.targetRecords: 4
[DEBUG] 2022-08-14 16:50:13.906 [main] ResourceLeakDetectorFactory - Loaded default ResourceLeakDetector: io.netty.util.ResourceLeakDetector@70d77826
[DEBUG] 2022-08-14 16:50:13.918 [main] PlatformDependent0 - -Dio.netty.noUnsafe: false
[DEBUG] 2022-08-14 16:50:13.918 [main] PlatformDependent0 - Java version: 18
[DEBUG] 2022-08-14 16:50:13.919 [main] PlatformDependent0 - sun.misc.Unsafe.theUnsafe: available
[DEBUG] 2022-08-14 16:50:13.919 [main] PlatformDependent0 - sun.misc.Unsafe.copyMemory: available
[DEBUG] 2022-08-14 16:50:13.920 [main] PlatformDependent0 - sun.misc.Unsafe.storeFence: available
[DEBUG] 2022-08-14 16:50:13.920 [main] PlatformDependent0 - java.nio.Buffer.address: available
[DEBUG] 2022-08-14 16:50:13.920 [main] PlatformDependent0 - direct buffer constructor: unavailable: Reflective setAccessible(true) disabled
[DEBUG] 2022-08-14 16:50:13.920 [main] PlatformDependent0 - java.nio.Bits.unaligned: available, true
[DEBUG] 2022-08-14 16:50:13.921 [main] PlatformDependent0 - jdk.internal.misc.Unsafe.allocateUninitializedArray(int): unavailable: class io.netty.util.internal.PlatformDependent0$7 cannot access class jdk.internal.misc.Unsafe (in module java.base) because module java.base does not export jdk.internal.misc to unnamed module @482f8f11
[DEBUG] 2022-08-14 16:50:13.922 [main] PlatformDependent0 - java.nio.DirectByteBuffer.<init>(long, int): unavailable
[DEBUG] 2022-08-14 16:50:13.922 [main] PlatformDependent - sun.misc.Unsafe: available
[DEBUG] 2022-08-14 16:50:13.922 [main] PlatformDependent - maxDirectMemory: 2086666240 bytes (maybe)
[DEBUG] 2022-08-14 16:50:13.923 [main] PlatformDependent - -Dio.netty.tmpdir: C:\Users\DINESH~1.PED\AppData\Local\Temp (java.io.tmpdir)
[DEBUG] 2022-08-14 16:50:13.923 [main] PlatformDependent - -Dio.netty.bitMode: 64 (sun.arch.data.model)
[DEBUG] 2022-08-14 16:50:13.923 [main] PlatformDependent - Platform: Windows
[DEBUG] 2022-08-14 16:50:13.923 [main] PlatformDependent - -Dio.netty.maxDirectMemory: -1 bytes
[DEBUG] 2022-08-14 16:50:13.924 [main] PlatformDependent - -Dio.netty.uninitializedArrayAllocationThreshold: -1
[DEBUG] 2022-08-14 16:50:13.924 [main] CleanerJava9 - java.nio.ByteBuffer.cleaner(): available
[DEBUG] 2022-08-14 16:50:13.924 [main] PlatformDependent - -Dio.netty.noPreferDirect: false
[DEBUG] 2022-08-14 16:50:13.930 [main] PlatformDependent - org.jctools-core.MpscChunkedArrayQueue: available
[DEBUG] 2022-08-14 16:50:13.942 [main] InternalThreadLocalMap - -Dio.netty.threadLocalMap.stringBuilder.initialSize: 1024
[DEBUG] 2022-08-14 16:50:13.942 [main] InternalThreadLocalMap - -Dio.netty.threadLocalMap.stringBuilder.maxSize: 4096
[DEBUG] 2022-08-14 16:50:14.016 [main] JdkSslContext - Default protocols (JDK): [TLSv1.3, TLSv1.2] 
[DEBUG] 2022-08-14 16:50:14.016 [main] JdkSslContext - Default cipher suites (JDK): [TLS_ECDHE_ECDSA_WITH_AES_256_GCM_SHA384, TLS_ECDHE_ECDSA_WITH_AES_128_GCM_SHA256, TLS_ECDHE_RSA_WITH_AES_128_GCM_SHA256, TLS_ECDHE_RSA_WITH_AES_256_GCM_SHA384, TLS_ECDHE_RSA_WITH_AES_128_CBC_SHA, TLS_ECDHE_RSA_WITH_AES_256_CBC_SHA, TLS_RSA_WITH_AES_128_GCM_SHA256, TLS_RSA_WITH_AES_128_CBC_SHA, TLS_RSA_WITH_AES_256_CBC_SHA, TLS_AES_128_GCM_SHA256, TLS_AES_256_GCM_SHA384]
[DEBUG] 2022-08-14 16:50:14.033 [main] MultithreadEventLoopGroup - -Dio.netty.eventLoopThreads: 16
[DEBUG] 2022-08-14 16:50:14.039 [main] NioEventLoop - -Dio.netty.noKeySetOptimization: false
[DEBUG] 2022-08-14 16:50:14.040 [main] NioEventLoop - -Dio.netty.selectorAutoRebuildThreshold: 512
[DEBUG] 2022-08-14 16:50:14.086 [main] PooledByteBufAllocator - -Dio.netty.allocator.numHeapArenas: 16
[DEBUG] 2022-08-14 16:50:14.087 [main] PooledByteBufAllocator - -Dio.netty.allocator.numDirectArenas: 16
[DEBUG] 2022-08-14 16:50:14.087 [main] PooledByteBufAllocator - -Dio.netty.allocator.pageSize: 8192
[DEBUG] 2022-08-14 16:50:14.087 [main] PooledByteBufAllocator - -Dio.netty.allocator.maxOrder: 9
[DEBUG] 2022-08-14 16:50:14.087 [main] PooledByteBufAllocator - -Dio.netty.allocator.chunkSize: 4194304
[DEBUG] 2022-08-14 16:50:14.087 [main] PooledByteBufAllocator - -Dio.netty.allocator.smallCacheSize: 256
[DEBUG] 2022-08-14 16:50:14.087 [main] PooledByteBufAllocator - -Dio.netty.allocator.normalCacheSize: 64
[DEBUG] 2022-08-14 16:50:14.087 [main] PooledByteBufAllocator - -Dio.netty.allocator.maxCachedBufferCapacity: 32768
[DEBUG] 2022-08-14 16:50:14.087 [main] PooledByteBufAllocator - -Dio.netty.allocator.cacheTrimInterval: 8192
[DEBUG] 2022-08-14 16:50:14.087 [main] PooledByteBufAllocator - -Dio.netty.allocator.cacheTrimIntervalMillis: 0
[DEBUG] 2022-08-14 16:50:14.087 [main] PooledByteBufAllocator - -Dio.netty.allocator.useCacheForAllThreads: false
[DEBUG] 2022-08-14 16:50:14.088 [main] PooledByteBufAllocator - -Dio.netty.allocator.maxCachedByteBuffersPerChunk: 1023
[DEBUG] 2022-08-14 16:50:14.095 [main] ByteBufUtil - -Dio.netty.allocator.type: pooled
[DEBUG] 2022-08-14 16:50:14.095 [main] ByteBufUtil - -Dio.netty.threadLocalDirectBufferSize: 0
[DEBUG] 2022-08-14 16:50:14.095 [main] ByteBufUtil - -Dio.netty.maxThreadLocalCharBufferSize: 16384
[DEBUG] 2022-08-14 16:50:14.527 [Forwarding newSession on session null to remote] DefaultChannelId - -Dio.netty.processId: 13692 (auto-detected)
[DEBUG] 2022-08-14 16:50:14.529 [Forwarding newSession on session null to remote] NetUtil - -Djava.net.preferIPv4Stack: false
[DEBUG] 2022-08-14 16:50:14.529 [Forwarding newSession on session null to remote] NetUtil - -Djava.net.preferIPv6Addresses: false
[DEBUG] 2022-08-14 16:50:14.548 [Forwarding newSession on session null to remote] NetUtilInitializations - Loopback interface: lo (Software Loopback Interface 1, 127.0.0.1)
[DEBUG] 2022-08-14 16:50:14.549 [Forwarding newSession on session null to remote] NetUtil - Failed to get SOMAXCONN from sysctl and file \proc\sys\net\core\somaxconn. Default: 200
[DEBUG] 2022-08-14 16:50:14.594 [Forwarding newSession on session null to remote] DefaultChannelId - -Dio.netty.machineId: f4:7b:09:ff:fe:3d:cf:0c (auto-detected)
[DEBUG] 2022-08-14 16:50:14.623 [AsyncHttpClient-1-2] AbstractByteBuf - -Dio.netty.buffer.checkAccessible: true
[DEBUG] 2022-08-14 16:50:14.623 [AsyncHttpClient-1-2] AbstractByteBuf - -Dio.netty.buffer.checkBounds: true
[DEBUG] 2022-08-14 16:50:14.623 [AsyncHttpClient-1-2] ResourceLeakDetectorFactory - Loaded default ResourceLeakDetector: io.netty.util.ResourceLeakDetector@562122c6
[DEBUG] 2022-08-14 16:50:14.641 [AsyncHttpClient-1-2] Recycler - -Dio.netty.recycler.maxCapacityPerThread: 4096
[DEBUG] 2022-08-14 16:50:14.641 [AsyncHttpClient-1-2] Recycler - -Dio.netty.recycler.ratio: 8
[DEBUG] 2022-08-14 16:50:14.641 [AsyncHttpClient-1-2] Recycler - -Dio.netty.recycler.chunkSize: 32
[DEBUG] 2022-08-14 16:50:14.641 [AsyncHttpClient-1-2] Recycler - -Dio.netty.recycler.blocking: false
[DEBUG] 2022-08-14 16:50:17.013 [AsyncHttpClient-1-2] Brotli - brotli4j not in the classpath; Brotli support will be unavailable.
[DEBUG] 2022-08-14 16:50:17.206 [main] ThreadLocalRandom - -Dio.netty.initialSeedUniquifier: 0x58a373b52b80dc0a
[INFO ] 2022-08-14 16:50:17.259 [main] Log - Open the urlhttps://naveenautomationlabs.com/opencart/
[INFO ] 2022-08-14 16:50:20.147 [main] Log - https://naveenautomationlabs.com/opencart/
[INFO ] 2022-08-14 16:50:20.776 [main] Log - Text in element : [[ChromeDriver: chrome on WINDOWS (75376da52d838e301a89827ab49cc50a)] -> xpath: //input[@placeholder='Search']] is cleared
[INFO ] 2022-08-14 16:50:20.829 [main] Log - Click on Text Box: [[ChromeDriver: chrome on WINDOWS (75376da52d838e301a89827ab49cc50a)] -> xpath: //input[@placeholder='Search']]
[INFO ] 2022-08-14 16:50:20.879 [main] Log - Enter text on [[ChromeDriver: chrome on WINDOWS (75376da52d838e301a89827ab49cc50a)] -> xpath: //input[@placeholder='Search']] :Apple
[INFO ] 2022-08-14 16:50:20.911 [main] Log - wait for until element [[ChromeDriver: chrome on WINDOWS (75376da52d838e301a89827ab49cc50a)] -> xpath: //div[@id='search']/span] is visible
[INFO ] 2022-08-14 16:50:21.542 [main] Log - Click on element: [[ChromeDriver: chrome on WINDOWS (75376da52d838e301a89827ab49cc50a)] -> xpath: //div[@id='search']/span]
[INFO ] 2022-08-14 16:50:22.917 [main] Log - Kills the browsers
[INFO ] 2022-08-14 16:50:23.023 [main] Log - Open chrome browser
[INFO ] 2022-08-14 16:50:23.023 [main] Log - chrome browser is selected
[INFO ] 2022-08-14 16:50:25.814 [main] Log - Open the urlhttps://naveenautomationlabs.com/opencart/
[INFO ] 2022-08-14 16:50:28.820 [main] Log - https://naveenautomationlabs.com/opencart/
[INFO ] 2022-08-14 16:50:29.571 [main] Log - wait for until element [[ChromeDriver: chrome on WINDOWS (9d90fde66903a37e23eed9b2e50b5d81)] -> xpath: //span[normalize-space()='My Account']] is visible
[INFO ] 2022-08-14 16:50:29.627 [main] Log - Click on element: [[ChromeDriver: chrome on WINDOWS (9d90fde66903a37e23eed9b2e50b5d81)] -> xpath: //span[normalize-space()='My Account']]
[INFO ] 2022-08-14 16:50:29.657 [main] Log - wait for until element [[ChromeDriver: chrome on WINDOWS (9d90fde66903a37e23eed9b2e50b5d81)] -> xpath: (//a[normalize-space()='Login'])[1]] is visible
[INFO ] 2022-08-14 16:50:30.311 [main] Log - Click on element: [[ChromeDriver: chrome on WINDOWS (9d90fde66903a37e23eed9b2e50b5d81)] -> xpath: (//a[normalize-space()='Login'])[1]]
[INFO ] 2022-08-14 16:50:30.601 [main] Log - Text in element : [[ChromeDriver: chrome on WINDOWS (9d90fde66903a37e23eed9b2e50b5d81)] -> id: input-email] is cleared
[INFO ] 2022-08-14 16:50:30.665 [main] Log - Click on Text Box: [[ChromeDriver: chrome on WINDOWS (9d90fde66903a37e23eed9b2e50b5d81)] -> id: input-email]
[INFO ] 2022-08-14 16:50:30.738 [main] Log - Enter text on [[ChromeDriver: chrome on WINDOWS (9d90fde66903a37e23eed9b2e50b5d81)] -> id: input-email] :dineshkumar.icon.dk@gmail.com
[INFO ] 2022-08-14 16:50:30.797 [main] Log - Text in element : [[ChromeDriver: chrome on WINDOWS (9d90fde66903a37e23eed9b2e50b5d81)] -> id: input-password] is cleared
[INFO ] 2022-08-14 16:50:30.842 [main] Log - Click on Text Box: [[ChromeDriver: chrome on WINDOWS (9d90fde66903a37e23eed9b2e50b5d81)] -> id: input-password]
[INFO ] 2022-08-14 16:50:30.883 [main] Log - Enter text on [[ChromeDriver: chrome on WINDOWS (9d90fde66903a37e23eed9b2e50b5d81)] -> id: input-password] :Dinnu@4318
[INFO ] 2022-08-14 16:50:30.911 [main] Log - wait for until element [[ChromeDriver: chrome on WINDOWS (9d90fde66903a37e23eed9b2e50b5d81)] -> xpath: //input[@value='Login']] is visible
[INFO ] 2022-08-14 16:50:32.612 [main] Log - Click on element: Proxy element for: DefaultElementLocator 'By.xpath: //input[@value='Login']'
[INFO ] 2022-08-14 16:50:33.938 [main] Log - Kills the browsers
