[INFO ] 2022-08-08 14:03:58.906 [main] Log - Open chrome browser
[INFO ] 2022-08-08 14:03:58.924 [main] Log - chrome browser is selected
[DEBUG] 2022-08-08 14:04:01.944 [main] InternalLoggerFactory - Using Log4J2 as the default logging framework
[DEBUG] 2022-08-08 14:04:01.955 [main] ResourceLeakDetector - -Dio.netty.leakDetection.level: simple
[DEBUG] 2022-08-08 14:04:01.956 [main] ResourceLeakDetector - -Dio.netty.leakDetection.targetRecords: 4
[DEBUG] 2022-08-08 14:04:01.963 [main] ResourceLeakDetectorFactory - Loaded default ResourceLeakDetector: io.netty.util.ResourceLeakDetector@3bb5ceb
[DEBUG] 2022-08-08 14:04:01.998 [main] PlatformDependent0 - -Dio.netty.noUnsafe: false
[DEBUG] 2022-08-08 14:04:01.998 [main] PlatformDependent0 - Java version: 18
[DEBUG] 2022-08-08 14:04:02.001 [main] PlatformDependent0 - sun.misc.Unsafe.theUnsafe: available
[DEBUG] 2022-08-08 14:04:02.002 [main] PlatformDependent0 - sun.misc.Unsafe.copyMemory: available
[DEBUG] 2022-08-08 14:04:02.003 [main] PlatformDependent0 - sun.misc.Unsafe.storeFence: available
[DEBUG] 2022-08-08 14:04:02.004 [main] PlatformDependent0 - java.nio.Buffer.address: available
[DEBUG] 2022-08-08 14:04:02.005 [main] PlatformDependent0 - direct buffer constructor: unavailable: Reflective setAccessible(true) disabled
[DEBUG] 2022-08-08 14:04:02.006 [main] PlatformDependent0 - java.nio.Bits.unaligned: available, true
[DEBUG] 2022-08-08 14:04:02.008 [main] PlatformDependent0 - jdk.internal.misc.Unsafe.allocateUninitializedArray(int): unavailable: class io.netty.util.internal.PlatformDependent0$7 cannot access class jdk.internal.misc.Unsafe (in module java.base) because module java.base does not export jdk.internal.misc to unnamed module @180bc464
[DEBUG] 2022-08-08 14:04:02.010 [main] PlatformDependent0 - java.nio.DirectByteBuffer.<init>(long, int): unavailable
[DEBUG] 2022-08-08 14:04:02.010 [main] PlatformDependent - sun.misc.Unsafe: available
[DEBUG] 2022-08-08 14:04:02.012 [main] PlatformDependent - maxDirectMemory: 2086666240 bytes (maybe)
[DEBUG] 2022-08-08 14:04:02.013 [main] PlatformDependent - -Dio.netty.tmpdir: C:\Users\DINESH~1.PED\AppData\Local\Temp (java.io.tmpdir)
[DEBUG] 2022-08-08 14:04:02.013 [main] PlatformDependent - -Dio.netty.bitMode: 64 (sun.arch.data.model)
[DEBUG] 2022-08-08 14:04:02.013 [main] PlatformDependent - Platform: Windows
[DEBUG] 2022-08-08 14:04:02.015 [main] PlatformDependent - -Dio.netty.maxDirectMemory: -1 bytes
[DEBUG] 2022-08-08 14:04:02.015 [main] PlatformDependent - -Dio.netty.uninitializedArrayAllocationThreshold: -1
[DEBUG] 2022-08-08 14:04:02.017 [main] CleanerJava9 - java.nio.ByteBuffer.cleaner(): available
[DEBUG] 2022-08-08 14:04:02.018 [main] PlatformDependent - -Dio.netty.noPreferDirect: false
[DEBUG] 2022-08-08 14:04:02.031 [main] PlatformDependent - org.jctools-core.MpscChunkedArrayQueue: available
[DEBUG] 2022-08-08 14:04:02.066 [main] InternalThreadLocalMap - -Dio.netty.threadLocalMap.stringBuilder.initialSize: 1024
[DEBUG] 2022-08-08 14:04:02.067 [main] InternalThreadLocalMap - -Dio.netty.threadLocalMap.stringBuilder.maxSize: 4096
[DEBUG] 2022-08-08 14:04:02.093 [main] JdkSslContext - Default protocols (JDK): [TLSv1.3, TLSv1.2] 
[DEBUG] 2022-08-08 14:04:02.093 [main] JdkSslContext - Default cipher suites (JDK): [TLS_ECDHE_ECDSA_WITH_AES_256_GCM_SHA384, TLS_ECDHE_ECDSA_WITH_AES_128_GCM_SHA256, TLS_ECDHE_RSA_WITH_AES_128_GCM_SHA256, TLS_ECDHE_RSA_WITH_AES_256_GCM_SHA384, TLS_ECDHE_RSA_WITH_AES_128_CBC_SHA, TLS_ECDHE_RSA_WITH_AES_256_CBC_SHA, TLS_RSA_WITH_AES_128_GCM_SHA256, TLS_RSA_WITH_AES_128_CBC_SHA, TLS_RSA_WITH_AES_256_CBC_SHA, TLS_AES_128_GCM_SHA256, TLS_AES_256_GCM_SHA384]
[DEBUG] 2022-08-08 14:04:02.136 [main] MultithreadEventLoopGroup - -Dio.netty.eventLoopThreads: 16
[DEBUG] 2022-08-08 14:04:02.151 [main] NioEventLoop - -Dio.netty.noKeySetOptimization: false
[DEBUG] 2022-08-08 14:04:02.152 [main] NioEventLoop - -Dio.netty.selectorAutoRebuildThreshold: 512
[DEBUG] 2022-08-08 14:04:02.230 [main] PooledByteBufAllocator - -Dio.netty.allocator.numHeapArenas: 16
[DEBUG] 2022-08-08 14:04:02.231 [main] PooledByteBufAllocator - -Dio.netty.allocator.numDirectArenas: 16
[DEBUG] 2022-08-08 14:04:02.231 [main] PooledByteBufAllocator - -Dio.netty.allocator.pageSize: 8192
[DEBUG] 2022-08-08 14:04:02.232 [main] PooledByteBufAllocator - -Dio.netty.allocator.maxOrder: 9
[DEBUG] 2022-08-08 14:04:02.232 [main] PooledByteBufAllocator - -Dio.netty.allocator.chunkSize: 4194304
[DEBUG] 2022-08-08 14:04:02.232 [main] PooledByteBufAllocator - -Dio.netty.allocator.smallCacheSize: 256
[DEBUG] 2022-08-08 14:04:02.232 [main] PooledByteBufAllocator - -Dio.netty.allocator.normalCacheSize: 64
[DEBUG] 2022-08-08 14:04:02.232 [main] PooledByteBufAllocator - -Dio.netty.allocator.maxCachedBufferCapacity: 32768
[DEBUG] 2022-08-08 14:04:02.233 [main] PooledByteBufAllocator - -Dio.netty.allocator.cacheTrimInterval: 8192
[DEBUG] 2022-08-08 14:04:02.233 [main] PooledByteBufAllocator - -Dio.netty.allocator.cacheTrimIntervalMillis: 0
[DEBUG] 2022-08-08 14:04:02.233 [main] PooledByteBufAllocator - -Dio.netty.allocator.useCacheForAllThreads: false
[DEBUG] 2022-08-08 14:04:02.233 [main] PooledByteBufAllocator - -Dio.netty.allocator.maxCachedByteBuffersPerChunk: 1023
[DEBUG] 2022-08-08 14:04:02.252 [main] ByteBufUtil - -Dio.netty.allocator.type: pooled
[DEBUG] 2022-08-08 14:04:02.252 [main] ByteBufUtil - -Dio.netty.threadLocalDirectBufferSize: 0
[DEBUG] 2022-08-08 14:04:02.252 [main] ByteBufUtil - -Dio.netty.maxThreadLocalCharBufferSize: 16384
[DEBUG] 2022-08-08 14:04:03.334 [Forwarding newSession on session null to remote] DefaultChannelId - -Dio.netty.processId: 28628 (auto-detected)
[DEBUG] 2022-08-08 14:04:03.337 [Forwarding newSession on session null to remote] NetUtil - -Djava.net.preferIPv4Stack: false
[DEBUG] 2022-08-08 14:04:03.337 [Forwarding newSession on session null to remote] NetUtil - -Djava.net.preferIPv6Addresses: false
[DEBUG] 2022-08-08 14:04:03.363 [Forwarding newSession on session null to remote] NetUtilInitializations - Loopback interface: lo (Software Loopback Interface 1, 127.0.0.1)
[DEBUG] 2022-08-08 14:04:03.364 [Forwarding newSession on session null to remote] NetUtil - Failed to get SOMAXCONN from sysctl and file \proc\sys\net\core\somaxconn. Default: 200
[DEBUG] 2022-08-08 14:04:03.451 [Forwarding newSession on session null to remote] DefaultChannelId - -Dio.netty.machineId: f4:7b:09:ff:fe:3d:cf:0c (auto-detected)
[DEBUG] 2022-08-08 14:04:03.542 [AsyncHttpClient-1-2] AbstractByteBuf - -Dio.netty.buffer.checkAccessible: true
[DEBUG] 2022-08-08 14:04:03.543 [AsyncHttpClient-1-2] AbstractByteBuf - -Dio.netty.buffer.checkBounds: true
[DEBUG] 2022-08-08 14:04:03.543 [AsyncHttpClient-1-2] ResourceLeakDetectorFactory - Loaded default ResourceLeakDetector: io.netty.util.ResourceLeakDetector@46b71801
[DEBUG] 2022-08-08 14:04:03.588 [AsyncHttpClient-1-2] Recycler - -Dio.netty.recycler.maxCapacityPerThread: 4096
[DEBUG] 2022-08-08 14:04:03.589 [AsyncHttpClient-1-2] Recycler - -Dio.netty.recycler.ratio: 8
[DEBUG] 2022-08-08 14:04:03.589 [AsyncHttpClient-1-2] Recycler - -Dio.netty.recycler.chunkSize: 32
[DEBUG] 2022-08-08 14:04:03.589 [AsyncHttpClient-1-2] Recycler - -Dio.netty.recycler.blocking: false
[DEBUG] 2022-08-08 14:04:06.581 [AsyncHttpClient-1-2] Brotli - brotli4j not in the classpath; Brotli support will be unavailable.
[DEBUG] 2022-08-08 14:04:06.835 [main] ThreadLocalRandom - -Dio.netty.initialSeedUniquifier: 0x541c7595f5c1cc53
[INFO ] 2022-08-08 14:04:06.906 [main] Log - Open the urlhttps://naveenautomationlabs.com/opencart/
[INFO ] 2022-08-08 14:04:13.448 [main] Log - https://naveenautomationlabs.com/opencart/
[INFO ] 2022-08-08 14:04:14.432 [main] Log - wait for until element [[ChromeDriver: chrome on WINDOWS (0055f3653ebbb2359448abe98a1d83c0)] -> xpath: //span[normalize-space()='My Account']] is visible
[INFO ] 2022-08-08 14:04:14.652 [main] Log - Click on element: [[ChromeDriver: chrome on WINDOWS (0055f3653ebbb2359448abe98a1d83c0)] -> xpath: //span[normalize-space()='My Account']]
[INFO ] 2022-08-08 14:04:14.773 [main] Log - wait for until element [[ChromeDriver: chrome on WINDOWS (0055f3653ebbb2359448abe98a1d83c0)] -> xpath: (//a[normalize-space()='Login'])[1]] is visible
[INFO ] 2022-08-08 14:04:15.506 [main] Log - Click on element: [[ChromeDriver: chrome on WINDOWS (0055f3653ebbb2359448abe98a1d83c0)] -> xpath: (//a[normalize-space()='Login'])[1]]
[INFO ] 2022-08-08 14:04:15.609 [main] Log - Text in element : [[ChromeDriver: chrome on WINDOWS (0055f3653ebbb2359448abe98a1d83c0)] -> id: input-email] is cleared
[INFO ] 2022-08-08 14:04:15.814 [main] Log - Click on Text Box: [[ChromeDriver: chrome on WINDOWS (0055f3653ebbb2359448abe98a1d83c0)] -> id: input-email]
[INFO ] 2022-08-08 14:04:16.089 [main] Log - Enter text on [[ChromeDriver: chrome on WINDOWS (0055f3653ebbb2359448abe98a1d83c0)] -> id: input-email] :dineshkumar.icon.dk@gmail.com
[INFO ] 2022-08-08 14:04:16.167 [main] Log - Text in element : [[ChromeDriver: chrome on WINDOWS (0055f3653ebbb2359448abe98a1d83c0)] -> id: input-password] is cleared
[INFO ] 2022-08-08 14:04:16.226 [main] Log - Click on Text Box: [[ChromeDriver: chrome on WINDOWS (0055f3653ebbb2359448abe98a1d83c0)] -> id: input-password]
[INFO ] 2022-08-08 14:04:16.282 [main] Log - Enter text on [[ChromeDriver: chrome on WINDOWS (0055f3653ebbb2359448abe98a1d83c0)] -> id: input-password] :
[INFO ] 2022-08-08 14:04:16.359 [main] Log - wait for until element [[ChromeDriver: chrome on WINDOWS (0055f3653ebbb2359448abe98a1d83c0)] -> xpath: //input[@value='Login']] is visible
[INFO ] 2022-08-08 14:04:16.886 [main] Log - Click on element: [[ChromeDriver: chrome on WINDOWS (0055f3653ebbb2359448abe98a1d83c0)] -> xpath: //input[@value='Login']]
[INFO ] 2022-08-08 14:06:11.847 [main] Log - Open chrome browser
[INFO ] 2022-08-08 14:06:11.864 [main] Log - chrome browser is selected
[DEBUG] 2022-08-08 14:06:12.695 [main] InternalLoggerFactory - Using Log4J2 as the default logging framework
[DEBUG] 2022-08-08 14:06:12.702 [main] ResourceLeakDetector - -Dio.netty.leakDetection.level: simple
[DEBUG] 2022-08-08 14:06:12.702 [main] ResourceLeakDetector - -Dio.netty.leakDetection.targetRecords: 4
[DEBUG] 2022-08-08 14:06:12.706 [main] ResourceLeakDetectorFactory - Loaded default ResourceLeakDetector: io.netty.util.ResourceLeakDetector@1a0d96a5
[DEBUG] 2022-08-08 14:06:12.732 [main] PlatformDependent0 - -Dio.netty.noUnsafe: false
[DEBUG] 2022-08-08 14:06:12.732 [main] PlatformDependent0 - Java version: 18
[DEBUG] 2022-08-08 14:06:12.734 [main] PlatformDependent0 - sun.misc.Unsafe.theUnsafe: available
[DEBUG] 2022-08-08 14:06:12.735 [main] PlatformDependent0 - sun.misc.Unsafe.copyMemory: available
[DEBUG] 2022-08-08 14:06:12.736 [main] PlatformDependent0 - sun.misc.Unsafe.storeFence: available
[DEBUG] 2022-08-08 14:06:12.737 [main] PlatformDependent0 - java.nio.Buffer.address: available
[DEBUG] 2022-08-08 14:06:12.738 [main] PlatformDependent0 - direct buffer constructor: unavailable: Reflective setAccessible(true) disabled
[DEBUG] 2022-08-08 14:06:12.739 [main] PlatformDependent0 - java.nio.Bits.unaligned: available, true
[DEBUG] 2022-08-08 14:06:12.741 [main] PlatformDependent0 - jdk.internal.misc.Unsafe.allocateUninitializedArray(int): unavailable: class io.netty.util.internal.PlatformDependent0$7 cannot access class jdk.internal.misc.Unsafe (in module java.base) because module java.base does not export jdk.internal.misc to unnamed module @675d3402
[DEBUG] 2022-08-08 14:06:12.743 [main] PlatformDependent0 - java.nio.DirectByteBuffer.<init>(long, int): unavailable
[DEBUG] 2022-08-08 14:06:12.743 [main] PlatformDependent - sun.misc.Unsafe: available
[DEBUG] 2022-08-08 14:06:12.745 [main] PlatformDependent - maxDirectMemory: 2086666240 bytes (maybe)
[DEBUG] 2022-08-08 14:06:12.746 [main] PlatformDependent - -Dio.netty.tmpdir: C:\Users\DINESH~1.PED\AppData\Local\Temp (java.io.tmpdir)
[DEBUG] 2022-08-08 14:06:12.746 [main] PlatformDependent - -Dio.netty.bitMode: 64 (sun.arch.data.model)
[DEBUG] 2022-08-08 14:06:12.747 [main] PlatformDependent - Platform: Windows
[DEBUG] 2022-08-08 14:06:12.748 [main] PlatformDependent - -Dio.netty.maxDirectMemory: -1 bytes
[DEBUG] 2022-08-08 14:06:12.749 [main] PlatformDependent - -Dio.netty.uninitializedArrayAllocationThreshold: -1
[DEBUG] 2022-08-08 14:06:12.751 [main] CleanerJava9 - java.nio.ByteBuffer.cleaner(): available
[DEBUG] 2022-08-08 14:06:12.751 [main] PlatformDependent - -Dio.netty.noPreferDirect: false
[DEBUG] 2022-08-08 14:06:12.767 [main] PlatformDependent - org.jctools-core.MpscChunkedArrayQueue: available
[DEBUG] 2022-08-08 14:06:12.809 [main] InternalThreadLocalMap - -Dio.netty.threadLocalMap.stringBuilder.initialSize: 1024
[DEBUG] 2022-08-08 14:06:12.809 [main] InternalThreadLocalMap - -Dio.netty.threadLocalMap.stringBuilder.maxSize: 4096
[DEBUG] 2022-08-08 14:06:12.901 [main] JdkSslContext - Default protocols (JDK): [TLSv1.3, TLSv1.2] 
[DEBUG] 2022-08-08 14:06:12.901 [main] JdkSslContext - Default cipher suites (JDK): [TLS_ECDHE_ECDSA_WITH_AES_256_GCM_SHA384, TLS_ECDHE_ECDSA_WITH_AES_128_GCM_SHA256, TLS_ECDHE_RSA_WITH_AES_128_GCM_SHA256, TLS_ECDHE_RSA_WITH_AES_256_GCM_SHA384, TLS_ECDHE_RSA_WITH_AES_128_CBC_SHA, TLS_ECDHE_RSA_WITH_AES_256_CBC_SHA, TLS_RSA_WITH_AES_128_GCM_SHA256, TLS_RSA_WITH_AES_128_CBC_SHA, TLS_RSA_WITH_AES_256_CBC_SHA, TLS_AES_128_GCM_SHA256, TLS_AES_256_GCM_SHA384]
[DEBUG] 2022-08-08 14:06:12.962 [main] MultithreadEventLoopGroup - -Dio.netty.eventLoopThreads: 16
[DEBUG] 2022-08-08 14:06:12.984 [main] NioEventLoop - -Dio.netty.noKeySetOptimization: false
[DEBUG] 2022-08-08 14:06:12.985 [main] NioEventLoop - -Dio.netty.selectorAutoRebuildThreshold: 512
[DEBUG] 2022-08-08 14:06:13.092 [main] PooledByteBufAllocator - -Dio.netty.allocator.numHeapArenas: 16
[DEBUG] 2022-08-08 14:06:13.093 [main] PooledByteBufAllocator - -Dio.netty.allocator.numDirectArenas: 16
[DEBUG] 2022-08-08 14:06:13.093 [main] PooledByteBufAllocator - -Dio.netty.allocator.pageSize: 8192
[DEBUG] 2022-08-08 14:06:13.093 [main] PooledByteBufAllocator - -Dio.netty.allocator.maxOrder: 9
[DEBUG] 2022-08-08 14:06:13.093 [main] PooledByteBufAllocator - -Dio.netty.allocator.chunkSize: 4194304
[DEBUG] 2022-08-08 14:06:13.093 [main] PooledByteBufAllocator - -Dio.netty.allocator.smallCacheSize: 256
[DEBUG] 2022-08-08 14:06:13.094 [main] PooledByteBufAllocator - -Dio.netty.allocator.normalCacheSize: 64
[DEBUG] 2022-08-08 14:06:13.094 [main] PooledByteBufAllocator - -Dio.netty.allocator.maxCachedBufferCapacity: 32768
[DEBUG] 2022-08-08 14:06:13.094 [main] PooledByteBufAllocator - -Dio.netty.allocator.cacheTrimInterval: 8192
[DEBUG] 2022-08-08 14:06:13.094 [main] PooledByteBufAllocator - -Dio.netty.allocator.cacheTrimIntervalMillis: 0
[DEBUG] 2022-08-08 14:06:13.095 [main] PooledByteBufAllocator - -Dio.netty.allocator.useCacheForAllThreads: false
[DEBUG] 2022-08-08 14:06:13.095 [main] PooledByteBufAllocator - -Dio.netty.allocator.maxCachedByteBuffersPerChunk: 1023
[DEBUG] 2022-08-08 14:06:13.117 [main] ByteBufUtil - -Dio.netty.allocator.type: pooled
[DEBUG] 2022-08-08 14:06:13.118 [main] ByteBufUtil - -Dio.netty.threadLocalDirectBufferSize: 0
[DEBUG] 2022-08-08 14:06:13.118 [main] ByteBufUtil - -Dio.netty.maxThreadLocalCharBufferSize: 16384
[DEBUG] 2022-08-08 14:06:14.372 [Forwarding newSession on session null to remote] DefaultChannelId - -Dio.netty.processId: 11072 (auto-detected)
[DEBUG] 2022-08-08 14:06:14.375 [Forwarding newSession on session null to remote] NetUtil - -Djava.net.preferIPv4Stack: false
[DEBUG] 2022-08-08 14:06:14.375 [Forwarding newSession on session null to remote] NetUtil - -Djava.net.preferIPv6Addresses: false
[DEBUG] 2022-08-08 14:06:14.396 [Forwarding newSession on session null to remote] NetUtilInitializations - Loopback interface: lo (Software Loopback Interface 1, 127.0.0.1)
[DEBUG] 2022-08-08 14:06:14.397 [Forwarding newSession on session null to remote] NetUtil - Failed to get SOMAXCONN from sysctl and file \proc\sys\net\core\somaxconn. Default: 200
[DEBUG] 2022-08-08 14:06:14.477 [Forwarding newSession on session null to remote] DefaultChannelId - -Dio.netty.machineId: f4:7b:09:ff:fe:3d:cf:0c (auto-detected)
[DEBUG] 2022-08-08 14:06:14.610 [AsyncHttpClient-1-2] AbstractByteBuf - -Dio.netty.buffer.checkAccessible: true
[DEBUG] 2022-08-08 14:06:14.611 [AsyncHttpClient-1-2] AbstractByteBuf - -Dio.netty.buffer.checkBounds: true
[DEBUG] 2022-08-08 14:06:14.612 [AsyncHttpClient-1-2] ResourceLeakDetectorFactory - Loaded default ResourceLeakDetector: io.netty.util.ResourceLeakDetector@ca10257
[DEBUG] 2022-08-08 14:06:14.670 [AsyncHttpClient-1-2] Recycler - -Dio.netty.recycler.maxCapacityPerThread: 4096
[DEBUG] 2022-08-08 14:06:14.670 [AsyncHttpClient-1-2] Recycler - -Dio.netty.recycler.ratio: 8
[DEBUG] 2022-08-08 14:06:14.671 [AsyncHttpClient-1-2] Recycler - -Dio.netty.recycler.chunkSize: 32
[DEBUG] 2022-08-08 14:06:14.671 [AsyncHttpClient-1-2] Recycler - -Dio.netty.recycler.blocking: false
[DEBUG] 2022-08-08 14:06:17.740 [AsyncHttpClient-1-2] Brotli - brotli4j not in the classpath; Brotli support will be unavailable.
[DEBUG] 2022-08-08 14:06:18.102 [main] ThreadLocalRandom - -Dio.netty.initialSeedUniquifier: 0xd0a55b3e68c27558
[INFO ] 2022-08-08 14:06:18.181 [main] Log - Open the urlhttps://naveenautomationlabs.com/opencart/
[INFO ] 2022-08-08 14:06:21.548 [main] Log - https://naveenautomationlabs.com/opencart/
[INFO ] 2022-08-08 14:06:22.392 [main] Log - wait for until element [[ChromeDriver: chrome on WINDOWS (94168a0e496e228b78d7dea23548fdd7)] -> xpath: //span[normalize-space()='My Account']] is visible
[INFO ] 2022-08-08 14:06:22.476 [main] Log - Click on element: [[ChromeDriver: chrome on WINDOWS (94168a0e496e228b78d7dea23548fdd7)] -> xpath: //span[normalize-space()='My Account']]
[INFO ] 2022-08-08 14:06:22.532 [main] Log - wait for until element [[ChromeDriver: chrome on WINDOWS (94168a0e496e228b78d7dea23548fdd7)] -> xpath: (//a[normalize-space()='Login'])[1]] is visible
[INFO ] 2022-08-08 14:06:23.014 [main] Log - Click on element: [[ChromeDriver: chrome on WINDOWS (94168a0e496e228b78d7dea23548fdd7)] -> xpath: (//a[normalize-space()='Login'])[1]]
[INFO ] 2022-08-08 14:06:23.102 [main] Log - Text in element : [[ChromeDriver: chrome on WINDOWS (94168a0e496e228b78d7dea23548fdd7)] -> id: input-email] is cleared
[INFO ] 2022-08-08 14:06:23.177 [main] Log - Click on Text Box: [[ChromeDriver: chrome on WINDOWS (94168a0e496e228b78d7dea23548fdd7)] -> id: input-email]
[INFO ] 2022-08-08 14:06:23.297 [main] Log - Enter text on [[ChromeDriver: chrome on WINDOWS (94168a0e496e228b78d7dea23548fdd7)] -> id: input-email] :dineshkumar.icon.dk@gmail.com
[INFO ] 2022-08-08 14:06:23.364 [main] Log - Text in element : [[ChromeDriver: chrome on WINDOWS (94168a0e496e228b78d7dea23548fdd7)] -> id: input-password] is cleared
[INFO ] 2022-08-08 14:06:23.424 [main] Log - Click on Text Box: [[ChromeDriver: chrome on WINDOWS (94168a0e496e228b78d7dea23548fdd7)] -> id: input-password]
[INFO ] 2022-08-08 14:06:23.476 [main] Log - Enter text on [[ChromeDriver: chrome on WINDOWS (94168a0e496e228b78d7dea23548fdd7)] -> id: input-password] :
[INFO ] 2022-08-08 14:06:23.535 [main] Log - wait for until element [[ChromeDriver: chrome on WINDOWS (94168a0e496e228b78d7dea23548fdd7)] -> xpath: //input[@value='Login']] is visible
[INFO ] 2022-08-08 14:06:23.973 [main] Log - Click on element: [[ChromeDriver: chrome on WINDOWS (94168a0e496e228b78d7dea23548fdd7)] -> xpath: //input[@value='Login']]
[INFO ] 2022-08-08 15:41:48.482 [main] Log - Open chrome browser
[INFO ] 2022-08-08 15:41:48.496 [main] Log - chrome browser is selected
[DEBUG] 2022-08-08 15:41:51.571 [main] InternalLoggerFactory - Using Log4J2 as the default logging framework
[DEBUG] 2022-08-08 15:41:51.579 [main] ResourceLeakDetector - -Dio.netty.leakDetection.level: simple
[DEBUG] 2022-08-08 15:41:51.579 [main] ResourceLeakDetector - -Dio.netty.leakDetection.targetRecords: 4
[DEBUG] 2022-08-08 15:41:51.584 [main] ResourceLeakDetectorFactory - Loaded default ResourceLeakDetector: io.netty.util.ResourceLeakDetector@315105f
[DEBUG] 2022-08-08 15:41:51.607 [main] PlatformDependent0 - -Dio.netty.noUnsafe: false
[DEBUG] 2022-08-08 15:41:51.607 [main] PlatformDependent0 - Java version: 18
[DEBUG] 2022-08-08 15:41:51.610 [main] PlatformDependent0 - sun.misc.Unsafe.theUnsafe: available
[DEBUG] 2022-08-08 15:41:51.611 [main] PlatformDependent0 - sun.misc.Unsafe.copyMemory: available
[DEBUG] 2022-08-08 15:41:51.612 [main] PlatformDependent0 - sun.misc.Unsafe.storeFence: available
[DEBUG] 2022-08-08 15:41:51.613 [main] PlatformDependent0 - java.nio.Buffer.address: available
[DEBUG] 2022-08-08 15:41:51.614 [main] PlatformDependent0 - direct buffer constructor: unavailable: Reflective setAccessible(true) disabled
[DEBUG] 2022-08-08 15:41:51.615 [main] PlatformDependent0 - java.nio.Bits.unaligned: available, true
[DEBUG] 2022-08-08 15:41:51.618 [main] PlatformDependent0 - jdk.internal.misc.Unsafe.allocateUninitializedArray(int): unavailable: class io.netty.util.internal.PlatformDependent0$7 cannot access class jdk.internal.misc.Unsafe (in module java.base) because module java.base does not export jdk.internal.misc to unnamed module @2ef5e5e3
[DEBUG] 2022-08-08 15:41:51.620 [main] PlatformDependent0 - java.nio.DirectByteBuffer.<init>(long, int): unavailable
[DEBUG] 2022-08-08 15:41:51.620 [main] PlatformDependent - sun.misc.Unsafe: available
[DEBUG] 2022-08-08 15:41:51.621 [main] PlatformDependent - maxDirectMemory: 2086666240 bytes (maybe)
[DEBUG] 2022-08-08 15:41:51.622 [main] PlatformDependent - -Dio.netty.tmpdir: C:\Users\DINESH~1.PED\AppData\Local\Temp (java.io.tmpdir)
[DEBUG] 2022-08-08 15:41:51.622 [main] PlatformDependent - -Dio.netty.bitMode: 64 (sun.arch.data.model)
[DEBUG] 2022-08-08 15:41:51.623 [main] PlatformDependent - Platform: Windows
[DEBUG] 2022-08-08 15:41:51.624 [main] PlatformDependent - -Dio.netty.maxDirectMemory: -1 bytes
[DEBUG] 2022-08-08 15:41:51.624 [main] PlatformDependent - -Dio.netty.uninitializedArrayAllocationThreshold: -1
[DEBUG] 2022-08-08 15:41:51.626 [main] CleanerJava9 - java.nio.ByteBuffer.cleaner(): available
[DEBUG] 2022-08-08 15:41:51.626 [main] PlatformDependent - -Dio.netty.noPreferDirect: false
[DEBUG] 2022-08-08 15:41:51.639 [main] PlatformDependent - org.jctools-core.MpscChunkedArrayQueue: available
[DEBUG] 2022-08-08 15:41:51.670 [main] InternalThreadLocalMap - -Dio.netty.threadLocalMap.stringBuilder.initialSize: 1024
[DEBUG] 2022-08-08 15:41:51.671 [main] InternalThreadLocalMap - -Dio.netty.threadLocalMap.stringBuilder.maxSize: 4096
[DEBUG] 2022-08-08 15:41:51.691 [main] JdkSslContext - Default protocols (JDK): [TLSv1.3, TLSv1.2] 
[DEBUG] 2022-08-08 15:41:51.692 [main] JdkSslContext - Default cipher suites (JDK): [TLS_ECDHE_ECDSA_WITH_AES_256_GCM_SHA384, TLS_ECDHE_ECDSA_WITH_AES_128_GCM_SHA256, TLS_ECDHE_RSA_WITH_AES_128_GCM_SHA256, TLS_ECDHE_RSA_WITH_AES_256_GCM_SHA384, TLS_ECDHE_RSA_WITH_AES_128_CBC_SHA, TLS_ECDHE_RSA_WITH_AES_256_CBC_SHA, TLS_RSA_WITH_AES_128_GCM_SHA256, TLS_RSA_WITH_AES_128_CBC_SHA, TLS_RSA_WITH_AES_256_CBC_SHA, TLS_AES_128_GCM_SHA256, TLS_AES_256_GCM_SHA384]
[DEBUG] 2022-08-08 15:41:51.732 [main] MultithreadEventLoopGroup - -Dio.netty.eventLoopThreads: 16
[DEBUG] 2022-08-08 15:41:51.746 [main] NioEventLoop - -Dio.netty.noKeySetOptimization: false
[DEBUG] 2022-08-08 15:41:51.746 [main] NioEventLoop - -Dio.netty.selectorAutoRebuildThreshold: 512
[DEBUG] 2022-08-08 15:41:51.818 [main] PooledByteBufAllocator - -Dio.netty.allocator.numHeapArenas: 16
[DEBUG] 2022-08-08 15:41:51.818 [main] PooledByteBufAllocator - -Dio.netty.allocator.numDirectArenas: 16
[DEBUG] 2022-08-08 15:41:51.818 [main] PooledByteBufAllocator - -Dio.netty.allocator.pageSize: 8192
[DEBUG] 2022-08-08 15:41:51.819 [main] PooledByteBufAllocator - -Dio.netty.allocator.maxOrder: 9
[DEBUG] 2022-08-08 15:41:51.819 [main] PooledByteBufAllocator - -Dio.netty.allocator.chunkSize: 4194304
[DEBUG] 2022-08-08 15:41:51.819 [main] PooledByteBufAllocator - -Dio.netty.allocator.smallCacheSize: 256
[DEBUG] 2022-08-08 15:41:51.819 [main] PooledByteBufAllocator - -Dio.netty.allocator.normalCacheSize: 64
[DEBUG] 2022-08-08 15:41:51.819 [main] PooledByteBufAllocator - -Dio.netty.allocator.maxCachedBufferCapacity: 32768
[DEBUG] 2022-08-08 15:41:51.820 [main] PooledByteBufAllocator - -Dio.netty.allocator.cacheTrimInterval: 8192
[DEBUG] 2022-08-08 15:41:51.820 [main] PooledByteBufAllocator - -Dio.netty.allocator.cacheTrimIntervalMillis: 0
[DEBUG] 2022-08-08 15:41:51.820 [main] PooledByteBufAllocator - -Dio.netty.allocator.useCacheForAllThreads: false
[DEBUG] 2022-08-08 15:41:51.820 [main] PooledByteBufAllocator - -Dio.netty.allocator.maxCachedByteBuffersPerChunk: 1023
[DEBUG] 2022-08-08 15:41:51.842 [main] ByteBufUtil - -Dio.netty.allocator.type: pooled
[DEBUG] 2022-08-08 15:41:51.842 [main] ByteBufUtil - -Dio.netty.threadLocalDirectBufferSize: 0
[DEBUG] 2022-08-08 15:41:51.843 [main] ByteBufUtil - -Dio.netty.maxThreadLocalCharBufferSize: 16384
[DEBUG] 2022-08-08 15:41:52.887 [Forwarding newSession on session null to remote] DefaultChannelId - -Dio.netty.processId: 12320 (auto-detected)
[DEBUG] 2022-08-08 15:41:52.891 [Forwarding newSession on session null to remote] NetUtil - -Djava.net.preferIPv4Stack: false
[DEBUG] 2022-08-08 15:41:52.891 [Forwarding newSession on session null to remote] NetUtil - -Djava.net.preferIPv6Addresses: false
[DEBUG] 2022-08-08 15:41:52.915 [Forwarding newSession on session null to remote] NetUtilInitializations - Loopback interface: lo (Software Loopback Interface 1, 127.0.0.1)
[DEBUG] 2022-08-08 15:41:52.916 [Forwarding newSession on session null to remote] NetUtil - Failed to get SOMAXCONN from sysctl and file \proc\sys\net\core\somaxconn. Default: 200
[DEBUG] 2022-08-08 15:41:52.974 [Forwarding newSession on session null to remote] DefaultChannelId - -Dio.netty.machineId: f4:7b:09:ff:fe:3d:cf:0c (auto-detected)
[DEBUG] 2022-08-08 15:41:53.034 [AsyncHttpClient-1-2] AbstractByteBuf - -Dio.netty.buffer.checkAccessible: true
[DEBUG] 2022-08-08 15:41:53.034 [AsyncHttpClient-1-2] AbstractByteBuf - -Dio.netty.buffer.checkBounds: true
[DEBUG] 2022-08-08 15:41:53.035 [AsyncHttpClient-1-2] ResourceLeakDetectorFactory - Loaded default ResourceLeakDetector: io.netty.util.ResourceLeakDetector@38a38937
[DEBUG] 2022-08-08 15:41:53.058 [AsyncHttpClient-1-2] Recycler - -Dio.netty.recycler.maxCapacityPerThread: 4096
[DEBUG] 2022-08-08 15:41:53.058 [AsyncHttpClient-1-2] Recycler - -Dio.netty.recycler.ratio: 8
[DEBUG] 2022-08-08 15:41:53.058 [AsyncHttpClient-1-2] Recycler - -Dio.netty.recycler.chunkSize: 32
[DEBUG] 2022-08-08 15:41:53.058 [AsyncHttpClient-1-2] Recycler - -Dio.netty.recycler.blocking: false
[DEBUG] 2022-08-08 15:41:57.105 [AsyncHttpClient-1-2] Brotli - brotli4j not in the classpath; Brotli support will be unavailable.
[DEBUG] 2022-08-08 15:41:57.300 [main] ThreadLocalRandom - -Dio.netty.initialSeedUniquifier: 0x791af7d64ea07e4f
[INFO ] 2022-08-08 15:41:57.393 [main] Log - Open the urlhttps://naveenautomationlabs.com/opencart/
[INFO ] 2022-08-08 15:42:00.364 [main] Log - https://naveenautomationlabs.com/opencart/
[INFO ] 2022-08-08 15:42:00.724 [main] Log - wait for until element [[ChromeDriver: chrome on WINDOWS (c33463dfdfbbfa5508d4e6eefbbcb50f)] -> xpath: //span[normalize-space()='My Account']] is visible
[INFO ] 2022-08-08 15:42:00.832 [main] Log - Click on element: [[ChromeDriver: chrome on WINDOWS (c33463dfdfbbfa5508d4e6eefbbcb50f)] -> xpath: //span[normalize-space()='My Account']]
[INFO ] 2022-08-08 15:42:00.891 [main] Log - wait for until element [[ChromeDriver: chrome on WINDOWS (c33463dfdfbbfa5508d4e6eefbbcb50f)] -> xpath: (//a[normalize-space()='Login'])[1]] is visible
[INFO ] 2022-08-08 15:42:01.551 [main] Log - Click on element: [[ChromeDriver: chrome on WINDOWS (c33463dfdfbbfa5508d4e6eefbbcb50f)] -> xpath: (//a[normalize-space()='Login'])[1]]
[INFO ] 2022-08-08 15:42:01.670 [main] Log - Text in element : [[ChromeDriver: chrome on WINDOWS (c33463dfdfbbfa5508d4e6eefbbcb50f)] -> id: input-email] is cleared
[INFO ] 2022-08-08 15:42:01.740 [main] Log - Click on Text Box: [[ChromeDriver: chrome on WINDOWS (c33463dfdfbbfa5508d4e6eefbbcb50f)] -> id: input-email]
[INFO ] 2022-08-08 15:42:01.835 [main] Log - Enter text on [[ChromeDriver: chrome on WINDOWS (c33463dfdfbbfa5508d4e6eefbbcb50f)] -> id: input-email] :dineshkumar.icon.dk@gmail.com
[INFO ] 2022-08-08 15:42:01.900 [main] Log - Text in element : [[ChromeDriver: chrome on WINDOWS (c33463dfdfbbfa5508d4e6eefbbcb50f)] -> id: input-password] is cleared
[INFO ] 2022-08-08 15:42:02.048 [main] Log - Click on Text Box: [[ChromeDriver: chrome on WINDOWS (c33463dfdfbbfa5508d4e6eefbbcb50f)] -> id: input-password]
[INFO ] 2022-08-08 15:42:02.180 [main] Log - Enter text on [[ChromeDriver: chrome on WINDOWS (c33463dfdfbbfa5508d4e6eefbbcb50f)] -> id: input-password] :
[INFO ] 2022-08-08 15:42:02.306 [main] Log - wait for until element [[ChromeDriver: chrome on WINDOWS (c33463dfdfbbfa5508d4e6eefbbcb50f)] -> xpath: //input[@value='Login']] is visible
[INFO ] 2022-08-08 15:42:02.955 [main] Log - Click on element: [[ChromeDriver: chrome on WINDOWS (c33463dfdfbbfa5508d4e6eefbbcb50f)] -> xpath: //input[@value='Login']]
[INFO ] 2022-08-08 17:45:33.657 [main] Log - Open chrome browser
[INFO ] 2022-08-08 17:45:33.678 [main] Log - chrome browser is selected
[DEBUG] 2022-08-08 17:45:36.095 [main] InternalLoggerFactory - Using Log4J2 as the default logging framework
[DEBUG] 2022-08-08 17:45:36.108 [main] ResourceLeakDetector - -Dio.netty.leakDetection.level: simple
[DEBUG] 2022-08-08 17:45:36.108 [main] ResourceLeakDetector - -Dio.netty.leakDetection.targetRecords: 4
[DEBUG] 2022-08-08 17:45:36.115 [main] ResourceLeakDetectorFactory - Loaded default ResourceLeakDetector: io.netty.util.ResourceLeakDetector@4e1459ea
[DEBUG] 2022-08-08 17:45:36.153 [main] PlatformDependent0 - -Dio.netty.noUnsafe: false
[DEBUG] 2022-08-08 17:45:36.154 [main] PlatformDependent0 - Java version: 18
[DEBUG] 2022-08-08 17:45:36.157 [main] PlatformDependent0 - sun.misc.Unsafe.theUnsafe: available
[DEBUG] 2022-08-08 17:45:36.159 [main] PlatformDependent0 - sun.misc.Unsafe.copyMemory: available
[DEBUG] 2022-08-08 17:45:36.160 [main] PlatformDependent0 - sun.misc.Unsafe.storeFence: available
[DEBUG] 2022-08-08 17:45:36.161 [main] PlatformDependent0 - java.nio.Buffer.address: available
[DEBUG] 2022-08-08 17:45:36.162 [main] PlatformDependent0 - direct buffer constructor: unavailable: Reflective setAccessible(true) disabled
[DEBUG] 2022-08-08 17:45:36.163 [main] PlatformDependent0 - java.nio.Bits.unaligned: available, true
[DEBUG] 2022-08-08 17:45:36.166 [main] PlatformDependent0 - jdk.internal.misc.Unsafe.allocateUninitializedArray(int): unavailable: class io.netty.util.internal.PlatformDependent0$7 cannot access class jdk.internal.misc.Unsafe (in module java.base) because module java.base does not export jdk.internal.misc to unnamed module @9629756
[DEBUG] 2022-08-08 17:45:36.168 [main] PlatformDependent0 - java.nio.DirectByteBuffer.<init>(long, int): unavailable
[DEBUG] 2022-08-08 17:45:36.168 [main] PlatformDependent - sun.misc.Unsafe: available
[DEBUG] 2022-08-08 17:45:36.169 [main] PlatformDependent - maxDirectMemory: 2086666240 bytes (maybe)
[DEBUG] 2022-08-08 17:45:36.170 [main] PlatformDependent - -Dio.netty.tmpdir: C:\Users\DINESH~1.PED\AppData\Local\Temp (java.io.tmpdir)
[DEBUG] 2022-08-08 17:45:36.170 [main] PlatformDependent - -Dio.netty.bitMode: 64 (sun.arch.data.model)
[DEBUG] 2022-08-08 17:45:36.171 [main] PlatformDependent - Platform: Windows
[DEBUG] 2022-08-08 17:45:36.172 [main] PlatformDependent - -Dio.netty.maxDirectMemory: -1 bytes
[DEBUG] 2022-08-08 17:45:36.174 [main] PlatformDependent - -Dio.netty.uninitializedArrayAllocationThreshold: -1
[DEBUG] 2022-08-08 17:45:36.175 [main] CleanerJava9 - java.nio.ByteBuffer.cleaner(): available
[DEBUG] 2022-08-08 17:45:36.176 [main] PlatformDependent - -Dio.netty.noPreferDirect: false
[DEBUG] 2022-08-08 17:45:36.191 [main] PlatformDependent - org.jctools-core.MpscChunkedArrayQueue: available
[DEBUG] 2022-08-08 17:45:36.235 [main] InternalThreadLocalMap - -Dio.netty.threadLocalMap.stringBuilder.initialSize: 1024
[DEBUG] 2022-08-08 17:45:36.235 [main] InternalThreadLocalMap - -Dio.netty.threadLocalMap.stringBuilder.maxSize: 4096
[DEBUG] 2022-08-08 17:45:36.264 [main] JdkSslContext - Default protocols (JDK): [TLSv1.3, TLSv1.2] 
[DEBUG] 2022-08-08 17:45:36.265 [main] JdkSslContext - Default cipher suites (JDK): [TLS_ECDHE_ECDSA_WITH_AES_256_GCM_SHA384, TLS_ECDHE_ECDSA_WITH_AES_128_GCM_SHA256, TLS_ECDHE_RSA_WITH_AES_128_GCM_SHA256, TLS_ECDHE_RSA_WITH_AES_256_GCM_SHA384, TLS_ECDHE_RSA_WITH_AES_128_CBC_SHA, TLS_ECDHE_RSA_WITH_AES_256_CBC_SHA, TLS_RSA_WITH_AES_128_GCM_SHA256, TLS_RSA_WITH_AES_128_CBC_SHA, TLS_RSA_WITH_AES_256_CBC_SHA, TLS_AES_128_GCM_SHA256, TLS_AES_256_GCM_SHA384]
[DEBUG] 2022-08-08 17:45:36.322 [main] MultithreadEventLoopGroup - -Dio.netty.eventLoopThreads: 16
[DEBUG] 2022-08-08 17:45:36.340 [main] NioEventLoop - -Dio.netty.noKeySetOptimization: false
[DEBUG] 2022-08-08 17:45:36.340 [main] NioEventLoop - -Dio.netty.selectorAutoRebuildThreshold: 512
[DEBUG] 2022-08-08 17:45:36.435 [main] PooledByteBufAllocator - -Dio.netty.allocator.numHeapArenas: 16
[DEBUG] 2022-08-08 17:45:36.435 [main] PooledByteBufAllocator - -Dio.netty.allocator.numDirectArenas: 16
[DEBUG] 2022-08-08 17:45:36.435 [main] PooledByteBufAllocator - -Dio.netty.allocator.pageSize: 8192
[DEBUG] 2022-08-08 17:45:36.435 [main] PooledByteBufAllocator - -Dio.netty.allocator.maxOrder: 9
[DEBUG] 2022-08-08 17:45:36.435 [main] PooledByteBufAllocator - -Dio.netty.allocator.chunkSize: 4194304
[DEBUG] 2022-08-08 17:45:36.435 [main] PooledByteBufAllocator - -Dio.netty.allocator.smallCacheSize: 256
[DEBUG] 2022-08-08 17:45:36.436 [main] PooledByteBufAllocator - -Dio.netty.allocator.normalCacheSize: 64
[DEBUG] 2022-08-08 17:45:36.436 [main] PooledByteBufAllocator - -Dio.netty.allocator.maxCachedBufferCapacity: 32768
[DEBUG] 2022-08-08 17:45:36.436 [main] PooledByteBufAllocator - -Dio.netty.allocator.cacheTrimInterval: 8192
[DEBUG] 2022-08-08 17:45:36.436 [main] PooledByteBufAllocator - -Dio.netty.allocator.cacheTrimIntervalMillis: 0
[DEBUG] 2022-08-08 17:45:36.436 [main] PooledByteBufAllocator - -Dio.netty.allocator.useCacheForAllThreads: false
[DEBUG] 2022-08-08 17:45:36.436 [main] PooledByteBufAllocator - -Dio.netty.allocator.maxCachedByteBuffersPerChunk: 1023
[DEBUG] 2022-08-08 17:45:36.455 [main] ByteBufUtil - -Dio.netty.allocator.type: pooled
[DEBUG] 2022-08-08 17:45:36.455 [main] ByteBufUtil - -Dio.netty.threadLocalDirectBufferSize: 0
[DEBUG] 2022-08-08 17:45:36.455 [main] ByteBufUtil - -Dio.netty.maxThreadLocalCharBufferSize: 16384
[DEBUG] 2022-08-08 17:45:37.766 [Forwarding newSession on session null to remote] DefaultChannelId - -Dio.netty.processId: 32592 (auto-detected)
[DEBUG] 2022-08-08 17:45:37.769 [Forwarding newSession on session null to remote] NetUtil - -Djava.net.preferIPv4Stack: false
[DEBUG] 2022-08-08 17:45:37.769 [Forwarding newSession on session null to remote] NetUtil - -Djava.net.preferIPv6Addresses: false
[DEBUG] 2022-08-08 17:45:37.790 [Forwarding newSession on session null to remote] NetUtilInitializations - Loopback interface: lo (Software Loopback Interface 1, 127.0.0.1)
[DEBUG] 2022-08-08 17:45:37.792 [Forwarding newSession on session null to remote] NetUtil - Failed to get SOMAXCONN from sysctl and file \proc\sys\net\core\somaxconn. Default: 200
[DEBUG] 2022-08-08 17:45:37.849 [Forwarding newSession on session null to remote] DefaultChannelId - -Dio.netty.machineId: f4:7b:09:ff:fe:3d:cf:0c (auto-detected)
[DEBUG] 2022-08-08 17:45:37.950 [AsyncHttpClient-1-2] AbstractByteBuf - -Dio.netty.buffer.checkAccessible: true
[DEBUG] 2022-08-08 17:45:37.952 [AsyncHttpClient-1-2] AbstractByteBuf - -Dio.netty.buffer.checkBounds: true
[DEBUG] 2022-08-08 17:45:37.952 [AsyncHttpClient-1-2] ResourceLeakDetectorFactory - Loaded default ResourceLeakDetector: io.netty.util.ResourceLeakDetector@657a0738
[DEBUG] 2022-08-08 17:45:38.012 [AsyncHttpClient-1-2] Recycler - -Dio.netty.recycler.maxCapacityPerThread: 4096
[DEBUG] 2022-08-08 17:45:38.012 [AsyncHttpClient-1-2] Recycler - -Dio.netty.recycler.ratio: 8
[DEBUG] 2022-08-08 17:45:38.013 [AsyncHttpClient-1-2] Recycler - -Dio.netty.recycler.chunkSize: 32
[DEBUG] 2022-08-08 17:45:38.013 [AsyncHttpClient-1-2] Recycler - -Dio.netty.recycler.blocking: false
[DEBUG] 2022-08-08 17:45:41.923 [AsyncHttpClient-1-2] Brotli - brotli4j not in the classpath; Brotli support will be unavailable.
[DEBUG] 2022-08-08 17:45:42.328 [main] ThreadLocalRandom - -Dio.netty.initialSeedUniquifier: 0x3f2394e548508086
[INFO ] 2022-08-08 17:45:42.445 [main] Log - Open the urlhttps://naveenautomationlabs.com/opencart/
[INFO ] 2022-08-08 17:45:46.191 [main] Log - https://naveenautomationlabs.com/opencart/
[INFO ] 2022-08-08 17:45:46.494 [main] Log - navigateToLoginPage test is starting.
[INFO ] 2022-08-08 17:45:47.246 [main] Log - wait for until element [[ChromeDriver: chrome on WINDOWS (a76de1675292ff3bcb2021b47e266e0b)] -> xpath: //span[normalize-space()='My Account']] is visible
[INFO ] 2022-08-08 17:45:47.472 [main] Log - Click on element: [[ChromeDriver: chrome on WINDOWS (a76de1675292ff3bcb2021b47e266e0b)] -> xpath: //span[normalize-space()='My Account']]
[INFO ] 2022-08-08 17:45:47.606 [main] Log - wait for until element [[ChromeDriver: chrome on WINDOWS (a76de1675292ff3bcb2021b47e266e0b)] -> xpath: (//a[normalize-space()='Login'])[1]] is visible
[INFO ] 2022-08-08 17:45:48.017 [main] Log - Click on element: [[ChromeDriver: chrome on WINDOWS (a76de1675292ff3bcb2021b47e266e0b)] -> xpath: (//a[normalize-space()='Login'])[1]]
[INFO ] 2022-08-08 17:45:48.170 [main] Log - navigateToLoginPage Test is passed
[INFO ] 2022-08-08 17:45:48.171 [main] Log - navigateToLoginPage com.blazeclan.qa.test.testng.TestFramework  null 9ed0af4e-0f2a-473c-8e6b-6f84b5b4ae1e  []
[INFO ] 2022-08-08 17:45:49.534 [main] Log - Kills the browsers
[INFO ] 2022-08-08 17:45:49.597 [main] Log - I am in onFinish method BlazeclanAutomationFramework
[INFO ] 2022-08-08 18:27:14.268 [main] Log - Open chrome browser
[INFO ] 2022-08-08 18:27:14.283 [main] Log - chrome browser is selected
[DEBUG] 2022-08-08 18:27:15.169 [main] InternalLoggerFactory - Using Log4J2 as the default logging framework
[DEBUG] 2022-08-08 18:27:15.184 [main] ResourceLeakDetector - -Dio.netty.leakDetection.level: simple
[DEBUG] 2022-08-08 18:27:15.185 [main] ResourceLeakDetector - -Dio.netty.leakDetection.targetRecords: 4
[DEBUG] 2022-08-08 18:27:15.194 [main] ResourceLeakDetectorFactory - Loaded default ResourceLeakDetector: io.netty.util.ResourceLeakDetector@56399b9e
[DEBUG] 2022-08-08 18:27:15.239 [main] PlatformDependent0 - -Dio.netty.noUnsafe: false
[DEBUG] 2022-08-08 18:27:15.239 [main] PlatformDependent0 - Java version: 18
[DEBUG] 2022-08-08 18:27:15.243 [main] PlatformDependent0 - sun.misc.Unsafe.theUnsafe: available
[DEBUG] 2022-08-08 18:27:15.245 [main] PlatformDependent0 - sun.misc.Unsafe.copyMemory: available
[DEBUG] 2022-08-08 18:27:15.246 [main] PlatformDependent0 - sun.misc.Unsafe.storeFence: available
[DEBUG] 2022-08-08 18:27:15.247 [main] PlatformDependent0 - java.nio.Buffer.address: available
[DEBUG] 2022-08-08 18:27:15.248 [main] PlatformDependent0 - direct buffer constructor: unavailable: Reflective setAccessible(true) disabled
[DEBUG] 2022-08-08 18:27:15.250 [main] PlatformDependent0 - java.nio.Bits.unaligned: available, true
[DEBUG] 2022-08-08 18:27:15.252 [main] PlatformDependent0 - jdk.internal.misc.Unsafe.allocateUninitializedArray(int): unavailable: class io.netty.util.internal.PlatformDependent0$7 cannot access class jdk.internal.misc.Unsafe (in module java.base) because module java.base does not export jdk.internal.misc to unnamed module @4909b8da
[DEBUG] 2022-08-08 18:27:15.255 [main] PlatformDependent0 - java.nio.DirectByteBuffer.<init>(long, int): unavailable
[DEBUG] 2022-08-08 18:27:15.255 [main] PlatformDependent - sun.misc.Unsafe: available
[DEBUG] 2022-08-08 18:27:15.257 [main] PlatformDependent - maxDirectMemory: 2086666240 bytes (maybe)
[DEBUG] 2022-08-08 18:27:15.258 [main] PlatformDependent - -Dio.netty.tmpdir: C:\Users\DINESH~1.PED\AppData\Local\Temp (java.io.tmpdir)
[DEBUG] 2022-08-08 18:27:15.258 [main] PlatformDependent - -Dio.netty.bitMode: 64 (sun.arch.data.model)
[DEBUG] 2022-08-08 18:27:15.259 [main] PlatformDependent - Platform: Windows
[DEBUG] 2022-08-08 18:27:15.261 [main] PlatformDependent - -Dio.netty.maxDirectMemory: -1 bytes
[DEBUG] 2022-08-08 18:27:15.262 [main] PlatformDependent - -Dio.netty.uninitializedArrayAllocationThreshold: -1
[DEBUG] 2022-08-08 18:27:15.265 [main] CleanerJava9 - java.nio.ByteBuffer.cleaner(): available
[DEBUG] 2022-08-08 18:27:15.266 [main] PlatformDependent - -Dio.netty.noPreferDirect: false
[DEBUG] 2022-08-08 18:27:15.284 [main] PlatformDependent - org.jctools-core.MpscChunkedArrayQueue: available
[DEBUG] 2022-08-08 18:27:15.337 [main] InternalThreadLocalMap - -Dio.netty.threadLocalMap.stringBuilder.initialSize: 1024
[DEBUG] 2022-08-08 18:27:15.337 [main] InternalThreadLocalMap - -Dio.netty.threadLocalMap.stringBuilder.maxSize: 4096
[DEBUG] 2022-08-08 18:27:15.537 [main] JdkSslContext - Default protocols (JDK): [TLSv1.3, TLSv1.2] 
[DEBUG] 2022-08-08 18:27:15.538 [main] JdkSslContext - Default cipher suites (JDK): [TLS_ECDHE_ECDSA_WITH_AES_256_GCM_SHA384, TLS_ECDHE_ECDSA_WITH_AES_128_GCM_SHA256, TLS_ECDHE_RSA_WITH_AES_128_GCM_SHA256, TLS_ECDHE_RSA_WITH_AES_256_GCM_SHA384, TLS_ECDHE_RSA_WITH_AES_128_CBC_SHA, TLS_ECDHE_RSA_WITH_AES_256_CBC_SHA, TLS_RSA_WITH_AES_128_GCM_SHA256, TLS_RSA_WITH_AES_128_CBC_SHA, TLS_RSA_WITH_AES_256_CBC_SHA, TLS_AES_128_GCM_SHA256, TLS_AES_256_GCM_SHA384]
[DEBUG] 2022-08-08 18:27:15.634 [main] MultithreadEventLoopGroup - -Dio.netty.eventLoopThreads: 16
[DEBUG] 2022-08-08 18:27:15.659 [main] NioEventLoop - -Dio.netty.noKeySetOptimization: false
[DEBUG] 2022-08-08 18:27:15.659 [main] NioEventLoop - -Dio.netty.selectorAutoRebuildThreshold: 512
[DEBUG] 2022-08-08 18:27:15.720 [main] PooledByteBufAllocator - -Dio.netty.allocator.numHeapArenas: 16
[DEBUG] 2022-08-08 18:27:15.720 [main] PooledByteBufAllocator - -Dio.netty.allocator.numDirectArenas: 16
[DEBUG] 2022-08-08 18:27:15.721 [main] PooledByteBufAllocator - -Dio.netty.allocator.pageSize: 8192
[DEBUG] 2022-08-08 18:27:15.721 [main] PooledByteBufAllocator - -Dio.netty.allocator.maxOrder: 9
[DEBUG] 2022-08-08 18:27:15.721 [main] PooledByteBufAllocator - -Dio.netty.allocator.chunkSize: 4194304
[DEBUG] 2022-08-08 18:27:15.721 [main] PooledByteBufAllocator - -Dio.netty.allocator.smallCacheSize: 256
[DEBUG] 2022-08-08 18:27:15.721 [main] PooledByteBufAllocator - -Dio.netty.allocator.normalCacheSize: 64
[DEBUG] 2022-08-08 18:27:15.721 [main] PooledByteBufAllocator - -Dio.netty.allocator.maxCachedBufferCapacity: 32768
[DEBUG] 2022-08-08 18:27:15.722 [main] PooledByteBufAllocator - -Dio.netty.allocator.cacheTrimInterval: 8192
[DEBUG] 2022-08-08 18:27:15.722 [main] PooledByteBufAllocator - -Dio.netty.allocator.cacheTrimIntervalMillis: 0
[DEBUG] 2022-08-08 18:27:15.722 [main] PooledByteBufAllocator - -Dio.netty.allocator.useCacheForAllThreads: false
[DEBUG] 2022-08-08 18:27:15.722 [main] PooledByteBufAllocator - -Dio.netty.allocator.maxCachedByteBuffersPerChunk: 1023
[DEBUG] 2022-08-08 18:27:15.738 [main] ByteBufUtil - -Dio.netty.allocator.type: pooled
[DEBUG] 2022-08-08 18:27:15.738 [main] ByteBufUtil - -Dio.netty.threadLocalDirectBufferSize: 0
[DEBUG] 2022-08-08 18:27:15.739 [main] ByteBufUtil - -Dio.netty.maxThreadLocalCharBufferSize: 16384
[DEBUG] 2022-08-08 18:27:16.693 [Forwarding newSession on session null to remote] DefaultChannelId - -Dio.netty.processId: 27808 (auto-detected)
[DEBUG] 2022-08-08 18:27:16.699 [Forwarding newSession on session null to remote] NetUtil - -Djava.net.preferIPv4Stack: false
[DEBUG] 2022-08-08 18:27:16.700 [Forwarding newSession on session null to remote] NetUtil - -Djava.net.preferIPv6Addresses: false
[DEBUG] 2022-08-08 18:27:16.743 [Forwarding newSession on session null to remote] NetUtilInitializations - Loopback interface: lo (Software Loopback Interface 1, 127.0.0.1)
[DEBUG] 2022-08-08 18:27:16.746 [Forwarding newSession on session null to remote] NetUtil - Failed to get SOMAXCONN from sysctl and file \proc\sys\net\core\somaxconn. Default: 200
[DEBUG] 2022-08-08 18:27:16.850 [Forwarding newSession on session null to remote] DefaultChannelId - -Dio.netty.machineId: f4:7b:09:ff:fe:3d:cf:0c (auto-detected)
[DEBUG] 2022-08-08 18:27:16.956 [AsyncHttpClient-1-2] AbstractByteBuf - -Dio.netty.buffer.checkAccessible: true
[DEBUG] 2022-08-08 18:27:16.956 [AsyncHttpClient-1-2] AbstractByteBuf - -Dio.netty.buffer.checkBounds: true
[DEBUG] 2022-08-08 18:27:16.957 [AsyncHttpClient-1-2] ResourceLeakDetectorFactory - Loaded default ResourceLeakDetector: io.netty.util.ResourceLeakDetector@6b80f15
[DEBUG] 2022-08-08 18:27:16.984 [AsyncHttpClient-1-2] Recycler - -Dio.netty.recycler.maxCapacityPerThread: 4096
[DEBUG] 2022-08-08 18:27:16.985 [AsyncHttpClient-1-2] Recycler - -Dio.netty.recycler.ratio: 8
[DEBUG] 2022-08-08 18:27:16.985 [AsyncHttpClient-1-2] Recycler - -Dio.netty.recycler.chunkSize: 32
[DEBUG] 2022-08-08 18:27:16.985 [AsyncHttpClient-1-2] Recycler - -Dio.netty.recycler.blocking: false
[DEBUG] 2022-08-08 18:27:20.528 [AsyncHttpClient-1-2] Brotli - brotli4j not in the classpath; Brotli support will be unavailable.
[DEBUG] 2022-08-08 18:27:20.864 [main] ThreadLocalRandom - -Dio.netty.initialSeedUniquifier: 0xe2c9837d2b4b3ba8
[INFO ] 2022-08-08 18:27:20.967 [main] Log - Open the urlhttps://naveenautomationlabs.com/opencart/
[INFO ] 2022-08-08 18:27:26.544 [main] Log - https://naveenautomationlabs.com/opencart/
[INFO ] 2022-08-08 18:27:27.533 [main] Log - wait for until element [[ChromeDriver: chrome on WINDOWS (bae270714b5628a32ae6763ffac51611)] -> xpath: //span[normalize-space()='My Account']] is visible
[INFO ] 2022-08-08 18:27:27.633 [main] Log - Click on element: [[ChromeDriver: chrome on WINDOWS (bae270714b5628a32ae6763ffac51611)] -> xpath: //span[normalize-space()='My Account']]
[INFO ] 2022-08-08 18:27:27.692 [main] Log - wait for until element [[ChromeDriver: chrome on WINDOWS (bae270714b5628a32ae6763ffac51611)] -> xpath: (//a[normalize-space()='Login'])[1]] is visible
[INFO ] 2022-08-08 18:27:28.422 [main] Log - Click on element: [[ChromeDriver: chrome on WINDOWS (bae270714b5628a32ae6763ffac51611)] -> xpath: (//a[normalize-space()='Login'])[1]]
[INFO ] 2022-08-08 18:27:28.525 [main] Log - Text in element : [[ChromeDriver: chrome on WINDOWS (bae270714b5628a32ae6763ffac51611)] -> id: input-email] is cleared
[INFO ] 2022-08-08 18:27:28.599 [main] Log - Click on Text Box: [[ChromeDriver: chrome on WINDOWS (bae270714b5628a32ae6763ffac51611)] -> id: input-email]
[INFO ] 2022-08-08 18:27:28.706 [main] Log - Enter text on [[ChromeDriver: chrome on WINDOWS (bae270714b5628a32ae6763ffac51611)] -> id: input-email] :dineshkumar.icon.dk@gmail.com
[INFO ] 2022-08-08 18:27:28.773 [main] Log - Text in element : [[ChromeDriver: chrome on WINDOWS (bae270714b5628a32ae6763ffac51611)] -> id: input-password] is cleared
[INFO ] 2022-08-08 18:27:28.835 [main] Log - Click on Text Box: [[ChromeDriver: chrome on WINDOWS (bae270714b5628a32ae6763ffac51611)] -> id: input-password]
[INFO ] 2022-08-08 18:27:28.888 [main] Log - Enter text on [[ChromeDriver: chrome on WINDOWS (bae270714b5628a32ae6763ffac51611)] -> id: input-password] :
[INFO ] 2022-08-08 18:27:28.940 [main] Log - wait for until element [[ChromeDriver: chrome on WINDOWS (bae270714b5628a32ae6763ffac51611)] -> xpath: //input[@value='Login']] is visible
[INFO ] 2022-08-08 18:27:29.857 [main] Log - Click on element: [[ChromeDriver: chrome on WINDOWS (bae270714b5628a32ae6763ffac51611)] -> xpath: //input[@value='Login']]
