[INFO ] 2022-07-14 20:05:26.034 [main] Log - chrome browser is selected
[DEBUG] 2022-07-14 20:05:27.861 [main] InternalLoggerFactory - Using Log4J2 as the default logging framework
[DEBUG] 2022-07-14 20:05:27.866 [main] ResourceLeakDetector - -Dio.netty.leakDetection.level: simple
[DEBUG] 2022-07-14 20:05:27.866 [main] ResourceLeakDetector - -Dio.netty.leakDetection.targetRecords: 4
[DEBUG] 2022-07-14 20:05:27.869 [main] ResourceLeakDetectorFactory - Loaded default ResourceLeakDetector: io.netty.util.ResourceLeakDetector@1d0a61c8
[DEBUG] 2022-07-14 20:05:27.884 [main] PlatformDependent0 - -Dio.netty.noUnsafe: false
[DEBUG] 2022-07-14 20:05:27.884 [main] PlatformDependent0 - Java version: 17
[DEBUG] 2022-07-14 20:05:27.885 [main] PlatformDependent0 - sun.misc.Unsafe.theUnsafe: available
[DEBUG] 2022-07-14 20:05:27.887 [main] PlatformDependent0 - sun.misc.Unsafe.copyMemory: available
[DEBUG] 2022-07-14 20:05:27.887 [main] PlatformDependent0 - sun.misc.Unsafe.storeFence: available
[DEBUG] 2022-07-14 20:05:27.888 [main] PlatformDependent0 - java.nio.Buffer.address: available
[DEBUG] 2022-07-14 20:05:27.889 [main] PlatformDependent0 - direct buffer constructor: unavailable: Reflective setAccessible(true) disabled
[DEBUG] 2022-07-14 20:05:27.891 [main] PlatformDependent0 - java.nio.Bits.unaligned: available, true
[DEBUG] 2022-07-14 20:05:27.892 [main] PlatformDependent0 - jdk.internal.misc.Unsafe.allocateUninitializedArray(int): unavailable: class io.netty.util.internal.PlatformDependent0$7 cannot access class jdk.internal.misc.Unsafe (in module java.base) because module java.base does not export jdk.internal.misc to unnamed module @7f560810
[DEBUG] 2022-07-14 20:05:27.893 [main] PlatformDependent0 - java.nio.DirectByteBuffer.<init>(long, int): unavailable
[DEBUG] 2022-07-14 20:05:27.893 [main] PlatformDependent - sun.misc.Unsafe: available
[DEBUG] 2022-07-14 20:05:27.893 [main] PlatformDependent - maxDirectMemory: 2086666240 bytes (maybe)
[DEBUG] 2022-07-14 20:05:27.894 [main] PlatformDependent - -Dio.netty.tmpdir: C:\Users\DINESH~1.PED\AppData\Local\Temp (java.io.tmpdir)
[DEBUG] 2022-07-14 20:05:27.894 [main] PlatformDependent - -Dio.netty.bitMode: 64 (sun.arch.data.model)
[DEBUG] 2022-07-14 20:05:27.894 [main] PlatformDependent - Platform: Windows
[DEBUG] 2022-07-14 20:05:27.895 [main] PlatformDependent - -Dio.netty.maxDirectMemory: -1 bytes
[DEBUG] 2022-07-14 20:05:27.895 [main] PlatformDependent - -Dio.netty.uninitializedArrayAllocationThreshold: -1
[DEBUG] 2022-07-14 20:05:27.896 [main] CleanerJava9 - java.nio.ByteBuffer.cleaner(): available
[DEBUG] 2022-07-14 20:05:27.896 [main] PlatformDependent - -Dio.netty.noPreferDirect: false
[DEBUG] 2022-07-14 20:05:27.899 [main] PlatformDependent - org.jctools-core.MpscChunkedArrayQueue: available
[DEBUG] 2022-07-14 20:05:27.924 [main] InternalThreadLocalMap - -Dio.netty.threadLocalMap.stringBuilder.initialSize: 1024
[DEBUG] 2022-07-14 20:05:27.927 [main] InternalThreadLocalMap - -Dio.netty.threadLocalMap.stringBuilder.maxSize: 4096
[DEBUG] 2022-07-14 20:05:27.945 [main] JdkSslContext - Default protocols (JDK): [TLSv1.3, TLSv1.2] 
[DEBUG] 2022-07-14 20:05:27.945 [main] JdkSslContext - Default cipher suites (JDK): [TLS_ECDHE_ECDSA_WITH_AES_256_GCM_SHA384, TLS_ECDHE_ECDSA_WITH_AES_128_GCM_SHA256, TLS_ECDHE_RSA_WITH_AES_128_GCM_SHA256, TLS_ECDHE_RSA_WITH_AES_256_GCM_SHA384, TLS_ECDHE_RSA_WITH_AES_128_CBC_SHA, TLS_ECDHE_RSA_WITH_AES_256_CBC_SHA, TLS_RSA_WITH_AES_128_GCM_SHA256, TLS_RSA_WITH_AES_128_CBC_SHA, TLS_RSA_WITH_AES_256_CBC_SHA, TLS_AES_128_GCM_SHA256, TLS_AES_256_GCM_SHA384]
[DEBUG] 2022-07-14 20:05:27.973 [main] MultithreadEventLoopGroup - -Dio.netty.eventLoopThreads: 16
[DEBUG] 2022-07-14 20:05:27.983 [main] NioEventLoop - -Dio.netty.noKeySetOptimization: false
[DEBUG] 2022-07-14 20:05:27.983 [main] NioEventLoop - -Dio.netty.selectorAutoRebuildThreshold: 512
[DEBUG] 2022-07-14 20:05:28.170 [main] PooledByteBufAllocator - -Dio.netty.allocator.numHeapArenas: 16
[DEBUG] 2022-07-14 20:05:28.170 [main] PooledByteBufAllocator - -Dio.netty.allocator.numDirectArenas: 16
[DEBUG] 2022-07-14 20:05:28.173 [main] PooledByteBufAllocator - -Dio.netty.allocator.pageSize: 8192
[DEBUG] 2022-07-14 20:05:28.173 [main] PooledByteBufAllocator - -Dio.netty.allocator.maxOrder: 9
[DEBUG] 2022-07-14 20:05:28.173 [main] PooledByteBufAllocator - -Dio.netty.allocator.chunkSize: 4194304
[DEBUG] 2022-07-14 20:05:28.173 [main] PooledByteBufAllocator - -Dio.netty.allocator.smallCacheSize: 256
[DEBUG] 2022-07-14 20:05:28.173 [main] PooledByteBufAllocator - -Dio.netty.allocator.normalCacheSize: 64
[DEBUG] 2022-07-14 20:05:28.173 [main] PooledByteBufAllocator - -Dio.netty.allocator.maxCachedBufferCapacity: 32768
[DEBUG] 2022-07-14 20:05:28.173 [main] PooledByteBufAllocator - -Dio.netty.allocator.cacheTrimInterval: 8192
[DEBUG] 2022-07-14 20:05:28.173 [main] PooledByteBufAllocator - -Dio.netty.allocator.cacheTrimIntervalMillis: 0
[DEBUG] 2022-07-14 20:05:28.174 [main] PooledByteBufAllocator - -Dio.netty.allocator.useCacheForAllThreads: false
[DEBUG] 2022-07-14 20:05:28.174 [main] PooledByteBufAllocator - -Dio.netty.allocator.maxCachedByteBuffersPerChunk: 1023
[DEBUG] 2022-07-14 20:05:28.189 [main] ByteBufUtil - -Dio.netty.allocator.type: pooled
[DEBUG] 2022-07-14 20:05:28.189 [main] ByteBufUtil - -Dio.netty.threadLocalDirectBufferSize: 0
[DEBUG] 2022-07-14 20:05:28.189 [main] ByteBufUtil - -Dio.netty.maxThreadLocalCharBufferSize: 16384
[DEBUG] 2022-07-14 20:05:29.158 [Forwarding newSession on session null to remote] DefaultChannelId - -Dio.netty.processId: 2312 (auto-detected)
[DEBUG] 2022-07-14 20:05:29.162 [Forwarding newSession on session null to remote] NetUtil - -Djava.net.preferIPv4Stack: false
[DEBUG] 2022-07-14 20:05:29.162 [Forwarding newSession on session null to remote] NetUtil - -Djava.net.preferIPv6Addresses: false
[DEBUG] 2022-07-14 20:05:29.182 [Forwarding newSession on session null to remote] NetUtilInitializations - Loopback interface: lo (Software Loopback Interface 1, 127.0.0.1)
[DEBUG] 2022-07-14 20:05:29.182 [Forwarding newSession on session null to remote] NetUtil - Failed to get SOMAXCONN from sysctl and file \proc\sys\net\core\somaxconn. Default: 200
[DEBUG] 2022-07-14 20:05:29.226 [Forwarding newSession on session null to remote] DefaultChannelId - -Dio.netty.machineId: f4:7b:09:ff:fe:3d:cf:0c (auto-detected)
[DEBUG] 2022-07-14 20:05:29.272 [AsyncHttpClient-1-2] AbstractByteBuf - -Dio.netty.buffer.checkAccessible: true
[DEBUG] 2022-07-14 20:05:29.272 [AsyncHttpClient-1-2] AbstractByteBuf - -Dio.netty.buffer.checkBounds: true
[DEBUG] 2022-07-14 20:05:29.272 [AsyncHttpClient-1-2] ResourceLeakDetectorFactory - Loaded default ResourceLeakDetector: io.netty.util.ResourceLeakDetector@79b632f2
[DEBUG] 2022-07-14 20:05:29.291 [AsyncHttpClient-1-2] Recycler - -Dio.netty.recycler.maxCapacityPerThread: 4096
[DEBUG] 2022-07-14 20:05:29.291 [AsyncHttpClient-1-2] Recycler - -Dio.netty.recycler.ratio: 8
[DEBUG] 2022-07-14 20:05:29.291 [AsyncHttpClient-1-2] Recycler - -Dio.netty.recycler.chunkSize: 32
[DEBUG] 2022-07-14 20:05:29.291 [AsyncHttpClient-1-2] Recycler - -Dio.netty.recycler.blocking: false
[DEBUG] 2022-07-14 20:05:32.170 [AsyncHttpClient-1-2] Brotli - brotli4j not in the classpath; Brotli support will be unavailable.
[DEBUG] 2022-07-14 20:05:32.442 [main] ThreadLocalRandom - -Dio.netty.initialSeedUniquifier: 0x85f0df8d80d35aee
[INFO ] 2022-07-14 20:05:37.925 [main] Log - navigateToLoginPage test is starting.
[INFO ] 2022-07-14 20:05:39.636 [main] Log - navigateToLoginPage Test is passed
[INFO ] 2022-07-14 20:05:39.637 [main] Log - navigateToLoginPage com.blazeclan.qa.test.testng.TestFramework  null da6d78b7-a652-45a1-a97b-7908a8931b5a  []
[INFO ] 2022-07-14 20:05:39.883 [main] Log - loginToApplication test is starting.
[INFO ] 2022-07-14 20:05:40.078 [main] Log - Enter text on [[ChromeDriver: chrome on WINDOWS (7ccde1b5125698d80a7f7600bc09c383)] -> id: input-email] :dineshkumar.icon.dk@gmail.com
[INFO ] 2022-07-14 20:05:40.198 [main] Log - Enter text on [[ChromeDriver: chrome on WINDOWS (7ccde1b5125698d80a7f7600bc09c383)] -> id: input-password] :Dinnu@4318
[INFO ] 2022-07-14 20:05:40.808 [main] Log - loginToApplication Test is passed
[INFO ] 2022-07-14 20:05:40.808 [main] Log - loginToApplication com.blazeclan.qa.test.testng.TestFramework  null da2685c3-13af-4974-bff3-475562e912c8  []
[INFO ] 2022-07-14 20:05:41.816 [main] Log - I am in onFinish method BlazeclanAutomationFramework
[INFO ] 2022-07-14 20:13:19.233 [main] Log - chrome browser is selected
[DEBUG] 2022-07-14 20:13:19.743 [main] InternalLoggerFactory - Using Log4J2 as the default logging framework
[DEBUG] 2022-07-14 20:13:19.748 [main] ResourceLeakDetector - -Dio.netty.leakDetection.level: simple
[DEBUG] 2022-07-14 20:13:19.748 [main] ResourceLeakDetector - -Dio.netty.leakDetection.targetRecords: 4
[DEBUG] 2022-07-14 20:13:19.751 [main] ResourceLeakDetectorFactory - Loaded default ResourceLeakDetector: io.netty.util.ResourceLeakDetector@2f5c1332
[DEBUG] 2022-07-14 20:13:19.770 [main] PlatformDependent0 - -Dio.netty.noUnsafe: false
[DEBUG] 2022-07-14 20:13:19.770 [main] PlatformDependent0 - Java version: 17
[DEBUG] 2022-07-14 20:13:19.771 [main] PlatformDependent0 - sun.misc.Unsafe.theUnsafe: available
[DEBUG] 2022-07-14 20:13:19.771 [main] PlatformDependent0 - sun.misc.Unsafe.copyMemory: available
[DEBUG] 2022-07-14 20:13:19.772 [main] PlatformDependent0 - sun.misc.Unsafe.storeFence: available
[DEBUG] 2022-07-14 20:13:19.772 [main] PlatformDependent0 - java.nio.Buffer.address: available
[DEBUG] 2022-07-14 20:13:19.773 [main] PlatformDependent0 - direct buffer constructor: unavailable: Reflective setAccessible(true) disabled
[DEBUG] 2022-07-14 20:13:19.773 [main] PlatformDependent0 - java.nio.Bits.unaligned: available, true
[DEBUG] 2022-07-14 20:13:19.775 [main] PlatformDependent0 - jdk.internal.misc.Unsafe.allocateUninitializedArray(int): unavailable: class io.netty.util.internal.PlatformDependent0$7 cannot access class jdk.internal.misc.Unsafe (in module java.base) because module java.base does not export jdk.internal.misc to unnamed module @337d0578
[DEBUG] 2022-07-14 20:13:19.776 [main] PlatformDependent0 - java.nio.DirectByteBuffer.<init>(long, int): unavailable
[DEBUG] 2022-07-14 20:13:19.776 [main] PlatformDependent - sun.misc.Unsafe: available
[DEBUG] 2022-07-14 20:13:19.776 [main] PlatformDependent - maxDirectMemory: 2086666240 bytes (maybe)
[DEBUG] 2022-07-14 20:13:19.777 [main] PlatformDependent - -Dio.netty.tmpdir: C:\Users\DINESH~1.PED\AppData\Local\Temp (java.io.tmpdir)
[DEBUG] 2022-07-14 20:13:19.777 [main] PlatformDependent - -Dio.netty.bitMode: 64 (sun.arch.data.model)
[DEBUG] 2022-07-14 20:13:19.778 [main] PlatformDependent - Platform: Windows
[DEBUG] 2022-07-14 20:13:19.778 [main] PlatformDependent - -Dio.netty.maxDirectMemory: -1 bytes
[DEBUG] 2022-07-14 20:13:19.778 [main] PlatformDependent - -Dio.netty.uninitializedArrayAllocationThreshold: -1
[DEBUG] 2022-07-14 20:13:19.779 [main] CleanerJava9 - java.nio.ByteBuffer.cleaner(): available
[DEBUG] 2022-07-14 20:13:19.779 [main] PlatformDependent - -Dio.netty.noPreferDirect: false
[DEBUG] 2022-07-14 20:13:19.787 [main] PlatformDependent - org.jctools-core.MpscChunkedArrayQueue: available
[DEBUG] 2022-07-14 20:13:19.808 [main] InternalThreadLocalMap - -Dio.netty.threadLocalMap.stringBuilder.initialSize: 1024
[DEBUG] 2022-07-14 20:13:19.810 [main] InternalThreadLocalMap - -Dio.netty.threadLocalMap.stringBuilder.maxSize: 4096
[DEBUG] 2022-07-14 20:13:19.872 [main] JdkSslContext - Default protocols (JDK): [TLSv1.3, TLSv1.2] 
[DEBUG] 2022-07-14 20:13:19.873 [main] JdkSslContext - Default cipher suites (JDK): [TLS_ECDHE_ECDSA_WITH_AES_256_GCM_SHA384, TLS_ECDHE_ECDSA_WITH_AES_128_GCM_SHA256, TLS_ECDHE_RSA_WITH_AES_128_GCM_SHA256, TLS_ECDHE_RSA_WITH_AES_256_GCM_SHA384, TLS_ECDHE_RSA_WITH_AES_128_CBC_SHA, TLS_ECDHE_RSA_WITH_AES_256_CBC_SHA, TLS_RSA_WITH_AES_128_GCM_SHA256, TLS_RSA_WITH_AES_128_CBC_SHA, TLS_RSA_WITH_AES_256_CBC_SHA, TLS_AES_128_GCM_SHA256, TLS_AES_256_GCM_SHA384]
[DEBUG] 2022-07-14 20:13:19.904 [main] MultithreadEventLoopGroup - -Dio.netty.eventLoopThreads: 16
[DEBUG] 2022-07-14 20:13:19.913 [main] NioEventLoop - -Dio.netty.noKeySetOptimization: false
[DEBUG] 2022-07-14 20:13:19.913 [main] NioEventLoop - -Dio.netty.selectorAutoRebuildThreshold: 512
[DEBUG] 2022-07-14 20:13:20.120 [main] PooledByteBufAllocator - -Dio.netty.allocator.numHeapArenas: 16
[DEBUG] 2022-07-14 20:13:20.120 [main] PooledByteBufAllocator - -Dio.netty.allocator.numDirectArenas: 16
[DEBUG] 2022-07-14 20:13:20.123 [main] PooledByteBufAllocator - -Dio.netty.allocator.pageSize: 8192
[DEBUG] 2022-07-14 20:13:20.123 [main] PooledByteBufAllocator - -Dio.netty.allocator.maxOrder: 9
[DEBUG] 2022-07-14 20:13:20.123 [main] PooledByteBufAllocator - -Dio.netty.allocator.chunkSize: 4194304
[DEBUG] 2022-07-14 20:13:20.123 [main] PooledByteBufAllocator - -Dio.netty.allocator.smallCacheSize: 256
[DEBUG] 2022-07-14 20:13:20.123 [main] PooledByteBufAllocator - -Dio.netty.allocator.normalCacheSize: 64
[DEBUG] 2022-07-14 20:13:20.123 [main] PooledByteBufAllocator - -Dio.netty.allocator.maxCachedBufferCapacity: 32768
[DEBUG] 2022-07-14 20:13:20.123 [main] PooledByteBufAllocator - -Dio.netty.allocator.cacheTrimInterval: 8192
[DEBUG] 2022-07-14 20:13:20.123 [main] PooledByteBufAllocator - -Dio.netty.allocator.cacheTrimIntervalMillis: 0
[DEBUG] 2022-07-14 20:13:20.123 [main] PooledByteBufAllocator - -Dio.netty.allocator.useCacheForAllThreads: false
[DEBUG] 2022-07-14 20:13:20.123 [main] PooledByteBufAllocator - -Dio.netty.allocator.maxCachedByteBuffersPerChunk: 1023
[DEBUG] 2022-07-14 20:13:20.133 [main] ByteBufUtil - -Dio.netty.allocator.type: pooled
[DEBUG] 2022-07-14 20:13:20.133 [main] ByteBufUtil - -Dio.netty.threadLocalDirectBufferSize: 0
[DEBUG] 2022-07-14 20:13:20.133 [main] ByteBufUtil - -Dio.netty.maxThreadLocalCharBufferSize: 16384
[DEBUG] 2022-07-14 20:13:20.597 [Forwarding newSession on session null to remote] DefaultChannelId - -Dio.netty.processId: 20632 (auto-detected)
[DEBUG] 2022-07-14 20:13:20.599 [Forwarding newSession on session null to remote] NetUtil - -Djava.net.preferIPv4Stack: false
[DEBUG] 2022-07-14 20:13:20.599 [Forwarding newSession on session null to remote] NetUtil - -Djava.net.preferIPv6Addresses: false
[DEBUG] 2022-07-14 20:13:20.619 [Forwarding newSession on session null to remote] NetUtilInitializations - Loopback interface: lo (Software Loopback Interface 1, 127.0.0.1)
[DEBUG] 2022-07-14 20:13:20.619 [Forwarding newSession on session null to remote] NetUtil - Failed to get SOMAXCONN from sysctl and file \proc\sys\net\core\somaxconn. Default: 200
[DEBUG] 2022-07-14 20:13:20.671 [Forwarding newSession on session null to remote] DefaultChannelId - -Dio.netty.machineId: f4:7b:09:ff:fe:3d:cf:0c (auto-detected)
[DEBUG] 2022-07-14 20:13:20.724 [AsyncHttpClient-1-2] AbstractByteBuf - -Dio.netty.buffer.checkAccessible: true
[DEBUG] 2022-07-14 20:13:20.724 [AsyncHttpClient-1-2] AbstractByteBuf - -Dio.netty.buffer.checkBounds: true
[DEBUG] 2022-07-14 20:13:20.724 [AsyncHttpClient-1-2] ResourceLeakDetectorFactory - Loaded default ResourceLeakDetector: io.netty.util.ResourceLeakDetector@374a908
[DEBUG] 2022-07-14 20:13:20.751 [AsyncHttpClient-1-2] Recycler - -Dio.netty.recycler.maxCapacityPerThread: 4096
[DEBUG] 2022-07-14 20:13:20.751 [AsyncHttpClient-1-2] Recycler - -Dio.netty.recycler.ratio: 8
[DEBUG] 2022-07-14 20:13:20.751 [AsyncHttpClient-1-2] Recycler - -Dio.netty.recycler.chunkSize: 32
[DEBUG] 2022-07-14 20:13:20.751 [AsyncHttpClient-1-2] Recycler - -Dio.netty.recycler.blocking: false
[DEBUG] 2022-07-14 20:13:23.145 [AsyncHttpClient-1-2] Brotli - brotli4j not in the classpath; Brotli support will be unavailable.
[DEBUG] 2022-07-14 20:13:23.532 [main] ThreadLocalRandom - -Dio.netty.initialSeedUniquifier: 0xe104b715b8ab1162
[INFO ] 2022-07-14 20:13:23.677 [main] Log - ************* Opened URL: data:, *************
[INFO ] 2022-07-14 20:13:28.116 [main] Log - ************* Opened URL: https://naveenautomationlabs.com/opencart/ *************
[INFO ] 2022-07-14 20:13:28.350 [main] Log - navigateToLoginPage test is starting.
[INFO ] 2022-07-14 20:13:29.133 [main] Log - navigateToLoginPage Test is passed
[INFO ] 2022-07-14 20:13:29.133 [main] Log - navigateToLoginPage com.blazeclan.qa.test.testng.TestFramework  null 5faa91fb-dc7f-4878-9927-19449a5d4905  []
[INFO ] 2022-07-14 20:13:29.380 [main] Log - loginToApplication test is starting.
[INFO ] 2022-07-14 20:13:29.640 [main] Log - Enter text on [[ChromeDriver: chrome on WINDOWS (705e0afed0fde8bd413757776c39d057)] -> id: input-email] :dineshkumar.icon.dk@gmail.com
[INFO ] 2022-07-14 20:13:29.797 [main] Log - Enter text on [[ChromeDriver: chrome on WINDOWS (705e0afed0fde8bd413757776c39d057)] -> id: input-password] :Dinnu@4318
[INFO ] 2022-07-14 20:13:30.419 [main] Log - loginToApplication Test is passed
[INFO ] 2022-07-14 20:13:30.420 [main] Log - loginToApplication com.blazeclan.qa.test.testng.TestFramework  null 581a4bda-8adf-4d3c-bfaf-201f0e54dfde  []
[INFO ] 2022-07-14 20:13:31.475 [main] Log - I am in onFinish method BlazeclanAutomationFramework
