[INFO ] 2022-08-16 10:43:20.112 [main] Log - Open chrome browser
[INFO ] 2022-08-16 10:43:20.141 [main] Log - chrome browser is selected
[DEBUG] 2022-08-16 10:43:24.154 [main] InternalLoggerFactory - Using Log4J2 as the default logging framework
[DEBUG] 2022-08-16 10:43:24.164 [main] ResourceLeakDetector - -Dio.netty.leakDetection.level: simple
[DEBUG] 2022-08-16 10:43:24.165 [main] ResourceLeakDetector - -Dio.netty.leakDetection.targetRecords: 4
[DEBUG] 2022-08-16 10:43:24.171 [main] ResourceLeakDetectorFactory - Loaded default ResourceLeakDetector: io.netty.util.ResourceLeakDetector@5ed5b321
[DEBUG] 2022-08-16 10:43:24.207 [main] PlatformDependent0 - -Dio.netty.noUnsafe: false
[DEBUG] 2022-08-16 10:43:24.207 [main] PlatformDependent0 - Java version: 18
[DEBUG] 2022-08-16 10:43:24.210 [main] PlatformDependent0 - sun.misc.Unsafe.theUnsafe: available
[DEBUG] 2022-08-16 10:43:24.211 [main] PlatformDependent0 - sun.misc.Unsafe.copyMemory: available
[DEBUG] 2022-08-16 10:43:24.212 [main] PlatformDependent0 - sun.misc.Unsafe.storeFence: available
[DEBUG] 2022-08-16 10:43:24.213 [main] PlatformDependent0 - java.nio.Buffer.address: available
[DEBUG] 2022-08-16 10:43:24.214 [main] PlatformDependent0 - direct buffer constructor: unavailable: Reflective setAccessible(true) disabled
[DEBUG] 2022-08-16 10:43:24.215 [main] PlatformDependent0 - java.nio.Bits.unaligned: available, true
[DEBUG] 2022-08-16 10:43:24.218 [main] PlatformDependent0 - jdk.internal.misc.Unsafe.allocateUninitializedArray(int): unavailable: class io.netty.util.internal.PlatformDependent0$7 cannot access class jdk.internal.misc.Unsafe (in module java.base) because module java.base does not export jdk.internal.misc to unnamed module @7dc7cbad
[DEBUG] 2022-08-16 10:43:24.219 [main] PlatformDependent0 - java.nio.DirectByteBuffer.<init>(long, int): unavailable
[DEBUG] 2022-08-16 10:43:24.219 [main] PlatformDependent - sun.misc.Unsafe: available
[DEBUG] 2022-08-16 10:43:24.221 [main] PlatformDependent - maxDirectMemory: 2086666240 bytes (maybe)
[DEBUG] 2022-08-16 10:43:24.221 [main] PlatformDependent - -Dio.netty.tmpdir: C:\Users\DINESH~1.PED\AppData\Local\Temp (java.io.tmpdir)
[DEBUG] 2022-08-16 10:43:24.222 [main] PlatformDependent - -Dio.netty.bitMode: 64 (sun.arch.data.model)
[DEBUG] 2022-08-16 10:43:24.222 [main] PlatformDependent - Platform: Windows
[DEBUG] 2022-08-16 10:43:24.223 [main] PlatformDependent - -Dio.netty.maxDirectMemory: -1 bytes
[DEBUG] 2022-08-16 10:43:24.224 [main] PlatformDependent - -Dio.netty.uninitializedArrayAllocationThreshold: -1
[DEBUG] 2022-08-16 10:43:24.227 [main] CleanerJava9 - java.nio.ByteBuffer.cleaner(): available
[DEBUG] 2022-08-16 10:43:24.227 [main] PlatformDependent - -Dio.netty.noPreferDirect: false
[DEBUG] 2022-08-16 10:43:24.241 [main] PlatformDependent - org.jctools-core.MpscChunkedArrayQueue: available
[DEBUG] 2022-08-16 10:43:24.313 [main] InternalThreadLocalMap - -Dio.netty.threadLocalMap.stringBuilder.initialSize: 1024
[DEBUG] 2022-08-16 10:43:24.314 [main] InternalThreadLocalMap - -Dio.netty.threadLocalMap.stringBuilder.maxSize: 4096
[DEBUG] 2022-08-16 10:43:24.351 [main] JdkSslContext - Default protocols (JDK): [TLSv1.3, TLSv1.2] 
[DEBUG] 2022-08-16 10:43:24.351 [main] JdkSslContext - Default cipher suites (JDK): [TLS_ECDHE_ECDSA_WITH_AES_256_GCM_SHA384, TLS_ECDHE_ECDSA_WITH_AES_128_GCM_SHA256, TLS_ECDHE_RSA_WITH_AES_128_GCM_SHA256, TLS_ECDHE_RSA_WITH_AES_256_GCM_SHA384, TLS_ECDHE_RSA_WITH_AES_128_CBC_SHA, TLS_ECDHE_RSA_WITH_AES_256_CBC_SHA, TLS_RSA_WITH_AES_128_GCM_SHA256, TLS_RSA_WITH_AES_128_CBC_SHA, TLS_RSA_WITH_AES_256_CBC_SHA, TLS_AES_128_GCM_SHA256, TLS_AES_256_GCM_SHA384]
[DEBUG] 2022-08-16 10:43:24.416 [main] MultithreadEventLoopGroup - -Dio.netty.eventLoopThreads: 16
[DEBUG] 2022-08-16 10:43:24.431 [main] NioEventLoop - -Dio.netty.noKeySetOptimization: false
[DEBUG] 2022-08-16 10:43:24.432 [main] NioEventLoop - -Dio.netty.selectorAutoRebuildThreshold: 512
[DEBUG] 2022-08-16 10:43:24.509 [main] PooledByteBufAllocator - -Dio.netty.allocator.numHeapArenas: 16
[DEBUG] 2022-08-16 10:43:24.510 [main] PooledByteBufAllocator - -Dio.netty.allocator.numDirectArenas: 16
[DEBUG] 2022-08-16 10:43:24.510 [main] PooledByteBufAllocator - -Dio.netty.allocator.pageSize: 8192
[DEBUG] 2022-08-16 10:43:24.510 [main] PooledByteBufAllocator - -Dio.netty.allocator.maxOrder: 9
[DEBUG] 2022-08-16 10:43:24.510 [main] PooledByteBufAllocator - -Dio.netty.allocator.chunkSize: 4194304
[DEBUG] 2022-08-16 10:43:24.510 [main] PooledByteBufAllocator - -Dio.netty.allocator.smallCacheSize: 256
[DEBUG] 2022-08-16 10:43:24.510 [main] PooledByteBufAllocator - -Dio.netty.allocator.normalCacheSize: 64
[DEBUG] 2022-08-16 10:43:24.510 [main] PooledByteBufAllocator - -Dio.netty.allocator.maxCachedBufferCapacity: 32768
[DEBUG] 2022-08-16 10:43:24.511 [main] PooledByteBufAllocator - -Dio.netty.allocator.cacheTrimInterval: 8192
[DEBUG] 2022-08-16 10:43:24.511 [main] PooledByteBufAllocator - -Dio.netty.allocator.cacheTrimIntervalMillis: 0
[DEBUG] 2022-08-16 10:43:24.511 [main] PooledByteBufAllocator - -Dio.netty.allocator.useCacheForAllThreads: false
[DEBUG] 2022-08-16 10:43:24.511 [main] PooledByteBufAllocator - -Dio.netty.allocator.maxCachedByteBuffersPerChunk: 1023
[DEBUG] 2022-08-16 10:43:24.524 [main] ByteBufUtil - -Dio.netty.allocator.type: pooled
[DEBUG] 2022-08-16 10:43:24.524 [main] ByteBufUtil - -Dio.netty.threadLocalDirectBufferSize: 0
[DEBUG] 2022-08-16 10:43:24.524 [main] ByteBufUtil - -Dio.netty.maxThreadLocalCharBufferSize: 16384
[DEBUG] 2022-08-16 10:43:25.200 [Forwarding newSession on session null to remote] DefaultChannelId - -Dio.netty.processId: 13700 (auto-detected)
[DEBUG] 2022-08-16 10:43:25.204 [Forwarding newSession on session null to remote] NetUtil - -Djava.net.preferIPv4Stack: false
[DEBUG] 2022-08-16 10:43:25.204 [Forwarding newSession on session null to remote] NetUtil - -Djava.net.preferIPv6Addresses: false
[DEBUG] 2022-08-16 10:43:25.235 [Forwarding newSession on session null to remote] NetUtilInitializations - Loopback interface: lo (Software Loopback Interface 1, 127.0.0.1)
[DEBUG] 2022-08-16 10:43:25.238 [Forwarding newSession on session null to remote] NetUtil - Failed to get SOMAXCONN from sysctl and file \proc\sys\net\core\somaxconn. Default: 200
[DEBUG] 2022-08-16 10:43:25.308 [Forwarding newSession on session null to remote] DefaultChannelId - -Dio.netty.machineId: f4:7b:09:ff:fe:3d:cf:0c (auto-detected)
[DEBUG] 2022-08-16 10:43:25.382 [AsyncHttpClient-1-2] AbstractByteBuf - -Dio.netty.buffer.checkAccessible: true
[DEBUG] 2022-08-16 10:43:25.383 [AsyncHttpClient-1-2] AbstractByteBuf - -Dio.netty.buffer.checkBounds: true
[DEBUG] 2022-08-16 10:43:25.383 [AsyncHttpClient-1-2] ResourceLeakDetectorFactory - Loaded default ResourceLeakDetector: io.netty.util.ResourceLeakDetector@7be6fa58
[DEBUG] 2022-08-16 10:43:25.418 [AsyncHttpClient-1-2] Recycler - -Dio.netty.recycler.maxCapacityPerThread: 4096
[DEBUG] 2022-08-16 10:43:25.418 [AsyncHttpClient-1-2] Recycler - -Dio.netty.recycler.ratio: 8
[DEBUG] 2022-08-16 10:43:25.418 [AsyncHttpClient-1-2] Recycler - -Dio.netty.recycler.chunkSize: 32
[DEBUG] 2022-08-16 10:43:25.418 [AsyncHttpClient-1-2] Recycler - -Dio.netty.recycler.blocking: false
[DEBUG] 2022-08-16 10:43:28.932 [AsyncHttpClient-1-2] Brotli - brotli4j not in the classpath; Brotli support will be unavailable.
[DEBUG] 2022-08-16 10:43:29.123 [main] ThreadLocalRandom - -Dio.netty.initialSeedUniquifier: 0x9bfaf7b5002fce99
[INFO ] 2022-08-16 10:43:29.209 [main] Log - Open the urlhttps://naveenautomationlabs.com/opencart/
[INFO ] 2022-08-16 10:43:36.014 [main] Log - https://naveenautomationlabs.com/opencart/
[INFO ] 2022-08-16 10:43:37.008 [main] Log - Text in element : [[ChromeDriver: chrome on WINDOWS (0afffeb4379641ee64cf60637baf57b1)] -> xpath: //input[@placeholder='Search']] is cleared
[INFO ] 2022-08-16 10:43:37.135 [main] Log - Click on Text Box: [[ChromeDriver: chrome on WINDOWS (0afffeb4379641ee64cf60637baf57b1)] -> xpath: //input[@placeholder='Search']]
[INFO ] 2022-08-16 10:43:37.241 [main] Log - Enter text on [[ChromeDriver: chrome on WINDOWS (0afffeb4379641ee64cf60637baf57b1)] -> xpath: //input[@placeholder='Search']] :Apple
[INFO ] 2022-08-16 10:43:37.308 [main] Log - wait for until element [[ChromeDriver: chrome on WINDOWS (0afffeb4379641ee64cf60637baf57b1)] -> xpath: //div[@id='search']/span] is visible
[INFO ] 2022-08-16 10:43:37.794 [main] Log - Click on element: [[ChromeDriver: chrome on WINDOWS (0afffeb4379641ee64cf60637baf57b1)] -> xpath: //div[@id='search']/span]
[INFO ] 2022-08-16 10:43:40.089 [main] Log - Kills the browsers
[INFO ] 2022-08-16 10:43:40.317 [main] Log - Open chrome browser
[INFO ] 2022-08-16 10:43:40.318 [main] Log - chrome browser is selected
[INFO ] 2022-08-16 10:43:45.670 [main] Log - Open the urlhttps://naveenautomationlabs.com/opencart/
[INFO ] 2022-08-16 10:43:55.269 [main] Log - https://naveenautomationlabs.com/opencart/
[INFO ] 2022-08-16 10:43:55.535 [main] Log - wait for until element [[ChromeDriver: chrome on WINDOWS (903dfe3263d1cdc743f047f913bca6bd)] -> xpath: //span[normalize-space()='My Account']] is visible
[INFO ] 2022-08-16 10:43:55.615 [main] Log - Click on element: [[ChromeDriver: chrome on WINDOWS (903dfe3263d1cdc743f047f913bca6bd)] -> xpath: //span[normalize-space()='My Account']]
[INFO ] 2022-08-16 10:43:55.668 [main] Log - wait for until element [[ChromeDriver: chrome on WINDOWS (903dfe3263d1cdc743f047f913bca6bd)] -> xpath: (//a[normalize-space()='Login'])[1]] is visible
[INFO ] 2022-08-16 10:43:56.079 [main] Log - Click on element: [[ChromeDriver: chrome on WINDOWS (903dfe3263d1cdc743f047f913bca6bd)] -> xpath: (//a[normalize-space()='Login'])[1]]
[INFO ] 2022-08-16 10:43:56.683 [main] Log - Text in element : [[ChromeDriver: chrome on WINDOWS (903dfe3263d1cdc743f047f913bca6bd)] -> id: input-email] is cleared
[INFO ] 2022-08-16 10:43:56.796 [main] Log - Click on Text Box: [[ChromeDriver: chrome on WINDOWS (903dfe3263d1cdc743f047f913bca6bd)] -> id: input-email]
[INFO ] 2022-08-16 10:43:56.948 [main] Log - Enter text on [[ChromeDriver: chrome on WINDOWS (903dfe3263d1cdc743f047f913bca6bd)] -> id: input-email] :dineshkumar.icon.dk@gmail.com
[INFO ] 2022-08-16 10:43:57.035 [main] Log - Text in element : [[ChromeDriver: chrome on WINDOWS (903dfe3263d1cdc743f047f913bca6bd)] -> id: input-password] is cleared
[INFO ] 2022-08-16 10:43:57.107 [main] Log - Click on Text Box: [[ChromeDriver: chrome on WINDOWS (903dfe3263d1cdc743f047f913bca6bd)] -> id: input-password]
[INFO ] 2022-08-16 10:43:57.180 [main] Log - Enter text on [[ChromeDriver: chrome on WINDOWS (903dfe3263d1cdc743f047f913bca6bd)] -> id: input-password] :Dinnu@4318
[INFO ] 2022-08-16 10:43:57.236 [main] Log - wait for until element [[ChromeDriver: chrome on WINDOWS (903dfe3263d1cdc743f047f913bca6bd)] -> xpath: //input[@value='Login']] is visible
[INFO ] 2022-08-16 10:43:59.338 [main] Log - Click on element: Proxy element for: DefaultElementLocator 'By.xpath: //input[@value='Login']'
[INFO ] 2022-08-16 10:44:01.755 [main] Log - Kills the browsers
[INFO ] 2022-08-16 10:44:38.536 [main] Log - Open chrome browser
[INFO ] 2022-08-16 10:44:38.563 [main] Log - chrome browser is selected
[DEBUG] 2022-08-16 10:44:39.834 [main] InternalLoggerFactory - Using Log4J2 as the default logging framework
[DEBUG] 2022-08-16 10:44:39.847 [main] ResourceLeakDetector - -Dio.netty.leakDetection.level: simple
[DEBUG] 2022-08-16 10:44:39.847 [main] ResourceLeakDetector - -Dio.netty.leakDetection.targetRecords: 4
[DEBUG] 2022-08-16 10:44:39.852 [main] ResourceLeakDetectorFactory - Loaded default ResourceLeakDetector: io.netty.util.ResourceLeakDetector@6e1f8469
[DEBUG] 2022-08-16 10:44:39.879 [main] PlatformDependent0 - -Dio.netty.noUnsafe: false
[DEBUG] 2022-08-16 10:44:39.880 [main] PlatformDependent0 - Java version: 18
[DEBUG] 2022-08-16 10:44:39.881 [main] PlatformDependent0 - sun.misc.Unsafe.theUnsafe: available
[DEBUG] 2022-08-16 10:44:39.882 [main] PlatformDependent0 - sun.misc.Unsafe.copyMemory: available
[DEBUG] 2022-08-16 10:44:39.883 [main] PlatformDependent0 - sun.misc.Unsafe.storeFence: available
[DEBUG] 2022-08-16 10:44:39.883 [main] PlatformDependent0 - java.nio.Buffer.address: available
[DEBUG] 2022-08-16 10:44:39.884 [main] PlatformDependent0 - direct buffer constructor: unavailable: Reflective setAccessible(true) disabled
[DEBUG] 2022-08-16 10:44:39.885 [main] PlatformDependent0 - java.nio.Bits.unaligned: available, true
[DEBUG] 2022-08-16 10:44:39.886 [main] PlatformDependent0 - jdk.internal.misc.Unsafe.allocateUninitializedArray(int): unavailable: class io.netty.util.internal.PlatformDependent0$7 cannot access class jdk.internal.misc.Unsafe (in module java.base) because module java.base does not export jdk.internal.misc to unnamed module @2a18f23c
[DEBUG] 2022-08-16 10:44:39.887 [main] PlatformDependent0 - java.nio.DirectByteBuffer.<init>(long, int): unavailable
[DEBUG] 2022-08-16 10:44:39.887 [main] PlatformDependent - sun.misc.Unsafe: available
[DEBUG] 2022-08-16 10:44:39.888 [main] PlatformDependent - maxDirectMemory: 2086666240 bytes (maybe)
[DEBUG] 2022-08-16 10:44:39.888 [main] PlatformDependent - -Dio.netty.tmpdir: C:\Users\DINESH~1.PED\AppData\Local\Temp (java.io.tmpdir)
[DEBUG] 2022-08-16 10:44:39.889 [main] PlatformDependent - -Dio.netty.bitMode: 64 (sun.arch.data.model)
[DEBUG] 2022-08-16 10:44:39.890 [main] PlatformDependent - Platform: Windows
[DEBUG] 2022-08-16 10:44:39.891 [main] PlatformDependent - -Dio.netty.maxDirectMemory: -1 bytes
[DEBUG] 2022-08-16 10:44:39.892 [main] PlatformDependent - -Dio.netty.uninitializedArrayAllocationThreshold: -1
[DEBUG] 2022-08-16 10:44:39.895 [main] CleanerJava9 - java.nio.ByteBuffer.cleaner(): available
[DEBUG] 2022-08-16 10:44:39.895 [main] PlatformDependent - -Dio.netty.noPreferDirect: false
[DEBUG] 2022-08-16 10:44:39.904 [main] PlatformDependent - org.jctools-core.MpscChunkedArrayQueue: available
[DEBUG] 2022-08-16 10:44:39.928 [main] InternalThreadLocalMap - -Dio.netty.threadLocalMap.stringBuilder.initialSize: 1024
[DEBUG] 2022-08-16 10:44:39.928 [main] InternalThreadLocalMap - -Dio.netty.threadLocalMap.stringBuilder.maxSize: 4096
[DEBUG] 2022-08-16 10:44:40.152 [main] JdkSslContext - Default protocols (JDK): [TLSv1.3, TLSv1.2] 
[DEBUG] 2022-08-16 10:44:40.153 [main] JdkSslContext - Default cipher suites (JDK): [TLS_ECDHE_ECDSA_WITH_AES_256_GCM_SHA384, TLS_ECDHE_ECDSA_WITH_AES_128_GCM_SHA256, TLS_ECDHE_RSA_WITH_AES_128_GCM_SHA256, TLS_ECDHE_RSA_WITH_AES_256_GCM_SHA384, TLS_ECDHE_RSA_WITH_AES_128_CBC_SHA, TLS_ECDHE_RSA_WITH_AES_256_CBC_SHA, TLS_RSA_WITH_AES_128_GCM_SHA256, TLS_RSA_WITH_AES_128_CBC_SHA, TLS_RSA_WITH_AES_256_CBC_SHA, TLS_AES_128_GCM_SHA256, TLS_AES_256_GCM_SHA384]
[DEBUG] 2022-08-16 10:44:40.205 [main] MultithreadEventLoopGroup - -Dio.netty.eventLoopThreads: 16
[DEBUG] 2022-08-16 10:44:40.218 [main] NioEventLoop - -Dio.netty.noKeySetOptimization: false
[DEBUG] 2022-08-16 10:44:40.218 [main] NioEventLoop - -Dio.netty.selectorAutoRebuildThreshold: 512
[DEBUG] 2022-08-16 10:44:40.348 [main] PooledByteBufAllocator - -Dio.netty.allocator.numHeapArenas: 16
[DEBUG] 2022-08-16 10:44:40.349 [main] PooledByteBufAllocator - -Dio.netty.allocator.numDirectArenas: 16
[DEBUG] 2022-08-16 10:44:40.349 [main] PooledByteBufAllocator - -Dio.netty.allocator.pageSize: 8192
[DEBUG] 2022-08-16 10:44:40.350 [main] PooledByteBufAllocator - -Dio.netty.allocator.maxOrder: 9
[DEBUG] 2022-08-16 10:44:40.350 [main] PooledByteBufAllocator - -Dio.netty.allocator.chunkSize: 4194304
[DEBUG] 2022-08-16 10:44:40.350 [main] PooledByteBufAllocator - -Dio.netty.allocator.smallCacheSize: 256
[DEBUG] 2022-08-16 10:44:40.351 [main] PooledByteBufAllocator - -Dio.netty.allocator.normalCacheSize: 64
[DEBUG] 2022-08-16 10:44:40.352 [main] PooledByteBufAllocator - -Dio.netty.allocator.maxCachedBufferCapacity: 32768
[DEBUG] 2022-08-16 10:44:40.352 [main] PooledByteBufAllocator - -Dio.netty.allocator.cacheTrimInterval: 8192
[DEBUG] 2022-08-16 10:44:40.352 [main] PooledByteBufAllocator - -Dio.netty.allocator.cacheTrimIntervalMillis: 0
[DEBUG] 2022-08-16 10:44:40.352 [main] PooledByteBufAllocator - -Dio.netty.allocator.useCacheForAllThreads: false
[DEBUG] 2022-08-16 10:44:40.353 [main] PooledByteBufAllocator - -Dio.netty.allocator.maxCachedByteBuffersPerChunk: 1023
[DEBUG] 2022-08-16 10:44:40.386 [main] ByteBufUtil - -Dio.netty.allocator.type: pooled
[DEBUG] 2022-08-16 10:44:40.387 [main] ByteBufUtil - -Dio.netty.threadLocalDirectBufferSize: 0
[DEBUG] 2022-08-16 10:44:40.387 [main] ByteBufUtil - -Dio.netty.maxThreadLocalCharBufferSize: 16384
[DEBUG] 2022-08-16 10:44:41.671 [Forwarding newSession on session null to remote] DefaultChannelId - -Dio.netty.processId: 21052 (auto-detected)
[DEBUG] 2022-08-16 10:44:41.676 [Forwarding newSession on session null to remote] NetUtil - -Djava.net.preferIPv4Stack: false
[DEBUG] 2022-08-16 10:44:41.677 [Forwarding newSession on session null to remote] NetUtil - -Djava.net.preferIPv6Addresses: false
[DEBUG] 2022-08-16 10:44:41.707 [Forwarding newSession on session null to remote] NetUtilInitializations - Loopback interface: lo (Software Loopback Interface 1, 127.0.0.1)
[DEBUG] 2022-08-16 10:44:41.708 [Forwarding newSession on session null to remote] NetUtil - Failed to get SOMAXCONN from sysctl and file \proc\sys\net\core\somaxconn. Default: 200
[DEBUG] 2022-08-16 10:44:41.794 [Forwarding newSession on session null to remote] DefaultChannelId - -Dio.netty.machineId: f4:7b:09:ff:fe:3d:cf:0c (auto-detected)
[DEBUG] 2022-08-16 10:44:41.854 [AsyncHttpClient-1-2] AbstractByteBuf - -Dio.netty.buffer.checkAccessible: true
[DEBUG] 2022-08-16 10:44:41.856 [AsyncHttpClient-1-2] AbstractByteBuf - -Dio.netty.buffer.checkBounds: true
[DEBUG] 2022-08-16 10:44:41.857 [AsyncHttpClient-1-2] ResourceLeakDetectorFactory - Loaded default ResourceLeakDetector: io.netty.util.ResourceLeakDetector@5a4d9a24
[DEBUG] 2022-08-16 10:44:41.921 [AsyncHttpClient-1-2] Recycler - -Dio.netty.recycler.maxCapacityPerThread: 4096
[DEBUG] 2022-08-16 10:44:41.922 [AsyncHttpClient-1-2] Recycler - -Dio.netty.recycler.ratio: 8
[DEBUG] 2022-08-16 10:44:41.924 [AsyncHttpClient-1-2] Recycler - -Dio.netty.recycler.chunkSize: 32
[DEBUG] 2022-08-16 10:44:41.924 [AsyncHttpClient-1-2] Recycler - -Dio.netty.recycler.blocking: false
[DEBUG] 2022-08-16 10:44:46.079 [AsyncHttpClient-1-2] Brotli - brotli4j not in the classpath; Brotli support will be unavailable.
[DEBUG] 2022-08-16 10:44:46.366 [main] ThreadLocalRandom - -Dio.netty.initialSeedUniquifier: 0x2c67499942e86c3a
[INFO ] 2022-08-16 10:44:46.426 [main] Log - Open the urlhttps://naveenautomationlabs.com/opencart/
[INFO ] 2022-08-16 10:44:51.058 [main] Log - https://naveenautomationlabs.com/opencart/
[INFO ] 2022-08-16 10:44:51.434 [main] Log - navigateToLoginPage test is starting.
[INFO ] 2022-08-16 10:44:52.271 [main] Log - wait for until element [[ChromeDriver: chrome on WINDOWS (fa715aff3c16d9aa3122d0837e2e3232)] -> xpath: //span[normalize-space()='My Account']] is visible
[INFO ] 2022-08-16 10:44:52.416 [main] Log - Click on element: [[ChromeDriver: chrome on WINDOWS (fa715aff3c16d9aa3122d0837e2e3232)] -> xpath: //span[normalize-space()='My Account']]
[INFO ] 2022-08-16 10:44:52.483 [main] Log - wait for until element [[ChromeDriver: chrome on WINDOWS (fa715aff3c16d9aa3122d0837e2e3232)] -> xpath: (//a[normalize-space()='Login'])[1]] is visible
[INFO ] 2022-08-16 10:44:53.166 [main] Log - Click on element: [[ChromeDriver: chrome on WINDOWS (fa715aff3c16d9aa3122d0837e2e3232)] -> xpath: (//a[normalize-space()='Login'])[1]]
[INFO ] 2022-08-16 10:44:53.361 [main] Log - navigateToLoginPage Test is passed
[INFO ] 2022-08-16 10:44:53.362 [main] Log - navigateToLoginPage com.blazeclan.qa.test.testng.TestFramework  null 6e6e2dbb-409a-4359-8f83-6191c0feedf3  []
[INFO ] 2022-08-16 10:44:53.892 [main] Log - loginToApplication test is starting.
[INFO ] 2022-08-16 10:44:53.926 [main] Log - deleted all cookies
[INFO ] 2022-08-16 10:44:54.031 [main] Log - Text in element : [[ChromeDriver: chrome on WINDOWS (fa715aff3c16d9aa3122d0837e2e3232)] -> id: input-email] is cleared
[INFO ] 2022-08-16 10:44:54.160 [main] Log - Click on Text Box: [[ChromeDriver: chrome on WINDOWS (fa715aff3c16d9aa3122d0837e2e3232)] -> id: input-email]
[INFO ] 2022-08-16 10:44:54.283 [main] Log - Enter text on [[ChromeDriver: chrome on WINDOWS (fa715aff3c16d9aa3122d0837e2e3232)] -> id: input-email] :dineshkumar.icon.dk@gmail.com
[INFO ] 2022-08-16 10:44:54.357 [main] Log - Text in element : [[ChromeDriver: chrome on WINDOWS (fa715aff3c16d9aa3122d0837e2e3232)] -> id: input-password] is cleared
[INFO ] 2022-08-16 10:44:54.440 [main] Log - Click on Text Box: [[ChromeDriver: chrome on WINDOWS (fa715aff3c16d9aa3122d0837e2e3232)] -> id: input-password]
[INFO ] 2022-08-16 10:44:54.530 [main] Log - Enter text on [[ChromeDriver: chrome on WINDOWS (fa715aff3c16d9aa3122d0837e2e3232)] -> id: input-password] :Dinnu@4318
[INFO ] 2022-08-16 10:44:54.583 [main] Log - wait for until element [[ChromeDriver: chrome on WINDOWS (fa715aff3c16d9aa3122d0837e2e3232)] -> xpath: //input[@value='Login']] is visible
[INFO ] 2022-08-16 10:44:56.409 [main] Log - Click on element: Proxy element for: DefaultElementLocator 'By.xpath: //input[@value='Login']'
[INFO ] 2022-08-16 10:44:56.493 [main] Log - loginToApplication Test is passed
[INFO ] 2022-08-16 10:44:56.494 [main] Log - loginToApplication com.blazeclan.qa.test.testng.TestFramework  null 71d23345-6d77-4875-89b3-75a3ed4646b9  []
[INFO ] 2022-08-16 10:44:58.227 [main] Log - Kills the browsers
[INFO ] 2022-08-16 10:44:58.287 [main] Log - I am in onFinish method BlazeclanAutomationFramework
[INFO ] 2022-08-16 17:55:33.494 [main] Log - Open chrome browser
[INFO ] 2022-08-16 17:55:33.503 [main] Log - chrome browser is selected
[DEBUG] 2022-08-16 17:55:34.015 [main] InternalLoggerFactory - Using Log4J2 as the default logging framework
[DEBUG] 2022-08-16 17:55:34.018 [main] ResourceLeakDetector - -Dio.netty.leakDetection.level: simple
[DEBUG] 2022-08-16 17:55:34.019 [main] ResourceLeakDetector - -Dio.netty.leakDetection.targetRecords: 4
[DEBUG] 2022-08-16 17:55:34.022 [main] ResourceLeakDetectorFactory - Loaded default ResourceLeakDetector: io.netty.util.ResourceLeakDetector@1f193686
[DEBUG] 2022-08-16 17:55:34.037 [main] PlatformDependent0 - -Dio.netty.noUnsafe: false
[DEBUG] 2022-08-16 17:55:34.037 [main] PlatformDependent0 - Java version: 18
[DEBUG] 2022-08-16 17:55:34.039 [main] PlatformDependent0 - sun.misc.Unsafe.theUnsafe: available
[DEBUG] 2022-08-16 17:55:34.039 [main] PlatformDependent0 - sun.misc.Unsafe.copyMemory: available
[DEBUG] 2022-08-16 17:55:34.039 [main] PlatformDependent0 - sun.misc.Unsafe.storeFence: available
[DEBUG] 2022-08-16 17:55:34.040 [main] PlatformDependent0 - java.nio.Buffer.address: available
[DEBUG] 2022-08-16 17:55:34.041 [main] PlatformDependent0 - direct buffer constructor: unavailable: Reflective setAccessible(true) disabled
[DEBUG] 2022-08-16 17:55:34.041 [main] PlatformDependent0 - java.nio.Bits.unaligned: available, true
[DEBUG] 2022-08-16 17:55:34.042 [main] PlatformDependent0 - jdk.internal.misc.Unsafe.allocateUninitializedArray(int): unavailable: class io.netty.util.internal.PlatformDependent0$7 cannot access class jdk.internal.misc.Unsafe (in module java.base) because module java.base does not export jdk.internal.misc to unnamed module @548a9f61
[DEBUG] 2022-08-16 17:55:34.043 [main] PlatformDependent0 - java.nio.DirectByteBuffer.<init>(long, int): unavailable
[DEBUG] 2022-08-16 17:55:34.043 [main] PlatformDependent - sun.misc.Unsafe: available
[DEBUG] 2022-08-16 17:55:34.044 [main] PlatformDependent - maxDirectMemory: 2086666240 bytes (maybe)
[DEBUG] 2022-08-16 17:55:34.044 [main] PlatformDependent - -Dio.netty.tmpdir: C:\Users\DINESH~1.PED\AppData\Local\Temp (java.io.tmpdir)
[DEBUG] 2022-08-16 17:55:34.044 [main] PlatformDependent - -Dio.netty.bitMode: 64 (sun.arch.data.model)
[DEBUG] 2022-08-16 17:55:34.045 [main] PlatformDependent - Platform: Windows
[DEBUG] 2022-08-16 17:55:34.045 [main] PlatformDependent - -Dio.netty.maxDirectMemory: -1 bytes
[DEBUG] 2022-08-16 17:55:34.045 [main] PlatformDependent - -Dio.netty.uninitializedArrayAllocationThreshold: -1
[DEBUG] 2022-08-16 17:55:34.046 [main] CleanerJava9 - java.nio.ByteBuffer.cleaner(): available
[DEBUG] 2022-08-16 17:55:34.046 [main] PlatformDependent - -Dio.netty.noPreferDirect: false
[DEBUG] 2022-08-16 17:55:34.052 [main] PlatformDependent - org.jctools-core.MpscChunkedArrayQueue: available
[DEBUG] 2022-08-16 17:55:34.069 [main] InternalThreadLocalMap - -Dio.netty.threadLocalMap.stringBuilder.initialSize: 1024
[DEBUG] 2022-08-16 17:55:34.069 [main] InternalThreadLocalMap - -Dio.netty.threadLocalMap.stringBuilder.maxSize: 4096
[DEBUG] 2022-08-16 17:55:34.190 [main] JdkSslContext - Default protocols (JDK): [TLSv1.3, TLSv1.2] 
[DEBUG] 2022-08-16 17:55:34.190 [main] JdkSslContext - Default cipher suites (JDK): [TLS_ECDHE_ECDSA_WITH_AES_256_GCM_SHA384, TLS_ECDHE_ECDSA_WITH_AES_128_GCM_SHA256, TLS_ECDHE_RSA_WITH_AES_128_GCM_SHA256, TLS_ECDHE_RSA_WITH_AES_256_GCM_SHA384, TLS_ECDHE_RSA_WITH_AES_128_CBC_SHA, TLS_ECDHE_RSA_WITH_AES_256_CBC_SHA, TLS_RSA_WITH_AES_128_GCM_SHA256, TLS_RSA_WITH_AES_128_CBC_SHA, TLS_RSA_WITH_AES_256_CBC_SHA, TLS_AES_128_GCM_SHA256, TLS_AES_256_GCM_SHA384]
[DEBUG] 2022-08-16 17:55:34.207 [main] MultithreadEventLoopGroup - -Dio.netty.eventLoopThreads: 16
[DEBUG] 2022-08-16 17:55:34.214 [main] NioEventLoop - -Dio.netty.noKeySetOptimization: false
[DEBUG] 2022-08-16 17:55:34.215 [main] NioEventLoop - -Dio.netty.selectorAutoRebuildThreshold: 512
[DEBUG] 2022-08-16 17:55:34.262 [main] PooledByteBufAllocator - -Dio.netty.allocator.numHeapArenas: 16
[DEBUG] 2022-08-16 17:55:34.263 [main] PooledByteBufAllocator - -Dio.netty.allocator.numDirectArenas: 16
[DEBUG] 2022-08-16 17:55:34.263 [main] PooledByteBufAllocator - -Dio.netty.allocator.pageSize: 8192
[DEBUG] 2022-08-16 17:55:34.263 [main] PooledByteBufAllocator - -Dio.netty.allocator.maxOrder: 9
[DEBUG] 2022-08-16 17:55:34.263 [main] PooledByteBufAllocator - -Dio.netty.allocator.chunkSize: 4194304
[DEBUG] 2022-08-16 17:55:34.263 [main] PooledByteBufAllocator - -Dio.netty.allocator.smallCacheSize: 256
[DEBUG] 2022-08-16 17:55:34.263 [main] PooledByteBufAllocator - -Dio.netty.allocator.normalCacheSize: 64
[DEBUG] 2022-08-16 17:55:34.263 [main] PooledByteBufAllocator - -Dio.netty.allocator.maxCachedBufferCapacity: 32768
[DEBUG] 2022-08-16 17:55:34.263 [main] PooledByteBufAllocator - -Dio.netty.allocator.cacheTrimInterval: 8192
[DEBUG] 2022-08-16 17:55:34.264 [main] PooledByteBufAllocator - -Dio.netty.allocator.cacheTrimIntervalMillis: 0
[DEBUG] 2022-08-16 17:55:34.264 [main] PooledByteBufAllocator - -Dio.netty.allocator.useCacheForAllThreads: false
[DEBUG] 2022-08-16 17:55:34.264 [main] PooledByteBufAllocator - -Dio.netty.allocator.maxCachedByteBuffersPerChunk: 1023
[DEBUG] 2022-08-16 17:55:34.274 [main] ByteBufUtil - -Dio.netty.allocator.type: pooled
[DEBUG] 2022-08-16 17:55:34.275 [main] ByteBufUtil - -Dio.netty.threadLocalDirectBufferSize: 0
[DEBUG] 2022-08-16 17:55:34.275 [main] ByteBufUtil - -Dio.netty.maxThreadLocalCharBufferSize: 16384
[DEBUG] 2022-08-16 17:55:35.185 [Forwarding newSession on session null to remote] DefaultChannelId - -Dio.netty.processId: 17644 (auto-detected)
[DEBUG] 2022-08-16 17:55:35.187 [Forwarding newSession on session null to remote] NetUtil - -Djava.net.preferIPv4Stack: false
[DEBUG] 2022-08-16 17:55:35.187 [Forwarding newSession on session null to remote] NetUtil - -Djava.net.preferIPv6Addresses: false
[DEBUG] 2022-08-16 17:55:35.207 [Forwarding newSession on session null to remote] NetUtilInitializations - Loopback interface: lo (Software Loopback Interface 1, 127.0.0.1)
[DEBUG] 2022-08-16 17:55:35.208 [Forwarding newSession on session null to remote] NetUtil - Failed to get SOMAXCONN from sysctl and file \proc\sys\net\core\somaxconn. Default: 200
[DEBUG] 2022-08-16 17:55:35.262 [Forwarding newSession on session null to remote] DefaultChannelId - -Dio.netty.machineId: f4:7b:09:ff:fe:3d:cf:0c (auto-detected)
[DEBUG] 2022-08-16 17:55:35.303 [AsyncHttpClient-1-2] AbstractByteBuf - -Dio.netty.buffer.checkAccessible: true
[DEBUG] 2022-08-16 17:55:35.304 [AsyncHttpClient-1-2] AbstractByteBuf - -Dio.netty.buffer.checkBounds: true
[DEBUG] 2022-08-16 17:55:35.304 [AsyncHttpClient-1-2] ResourceLeakDetectorFactory - Loaded default ResourceLeakDetector: io.netty.util.ResourceLeakDetector@18609561
[DEBUG] 2022-08-16 17:55:35.322 [AsyncHttpClient-1-2] Recycler - -Dio.netty.recycler.maxCapacityPerThread: 4096
[DEBUG] 2022-08-16 17:55:35.323 [AsyncHttpClient-1-2] Recycler - -Dio.netty.recycler.ratio: 8
[DEBUG] 2022-08-16 17:55:35.323 [AsyncHttpClient-1-2] Recycler - -Dio.netty.recycler.chunkSize: 32
[DEBUG] 2022-08-16 17:55:35.323 [AsyncHttpClient-1-2] Recycler - -Dio.netty.recycler.blocking: false
[DEBUG] 2022-08-16 17:55:39.123 [AsyncHttpClient-1-2] Brotli - brotli4j not in the classpath; Brotli support will be unavailable.
[DEBUG] 2022-08-16 17:55:39.363 [main] ThreadLocalRandom - -Dio.netty.initialSeedUniquifier: 0xe8b2b8971f171b83
[INFO ] 2022-08-16 17:55:39.444 [main] Log - Open the urlhttps://naveenautomationlabs.com/opencart/
[INFO ] 2022-08-16 17:55:42.848 [main] Log - https://naveenautomationlabs.com/opencart/
[INFO ] 2022-08-16 17:55:43.073 [main] Log - navigateToLoginPage test is starting.
[INFO ] 2022-08-16 17:55:43.606 [main] Log - move to the element : [[ChromeDriver: chrome on WINDOWS (619ec395d003e9b62b60953c6ce8d8e5)] -> xpath: //span[normalize-space()='My Account']] is clicked
[INFO ] 2022-08-16 17:55:43.660 [main] Log - wait for until element [[ChromeDriver: chrome on WINDOWS (619ec395d003e9b62b60953c6ce8d8e5)] -> xpath: //span[normalize-space()='My Account']] is visible
[INFO ] 2022-08-16 17:55:43.718 [main] Log - Click on element: [[ChromeDriver: chrome on WINDOWS (619ec395d003e9b62b60953c6ce8d8e5)] -> xpath: //span[normalize-space()='My Account']]
[ERROR] 2022-08-16 17:55:53.852 [main] Log - Expected condition failed: waiting for visibility of [[ChromeDriver: chrome on WINDOWS (619ec395d003e9b62b60953c6ce8d8e5)] -> xpath: (//a[normalize-space()='Login'])[1]] (tried for 10 second(s) with 500 milliseconds interval)
Build info: version: '4.3.0', revision: 'a4995e2c09*'
System info: host: 'BCT-LTP-G877', ip: '192.168.31.245', os.name: 'Windows 10', os.arch: 'amd64', os.version: '10.0', java.version: '18.0.2'
Driver info: org.openqa.selenium.chrome.ChromeDriver
Capabilities {acceptInsecureCerts: false, browserName: chrome, browserVersion: 104.0.5112.81, chrome: {chromedriverVersion: 104.0.5112.79 (3cf3e8c8a07d..., userDataDir: C:\Users\DINESH~1.PED\AppDa...}, goog:chromeOptions: {debuggerAddress: localhost:65467}, networkConnectionEnabled: false, pageLoadStrategy: normal, platformName: WINDOWS, proxy: Proxy(), se:cdp: ws://localhost:65467/devtoo..., se:cdpVersion: 104.0.5112.81, setWindowRect: true, strictFileInteractability: false, timeouts: {implicit: 0, pageLoad: 300000, script: 30000}, unhandledPromptBehavior: dismiss and notify, webauthn:extension:credBlob: true, webauthn:extension:largeBlob: true, webauthn:virtualAuthenticators: true}
Session ID: 619ec395d003e9b62b60953c6ce8d8e5
[ERROR] 2022-08-16 17:55:53.863 [main] Log - Fail to clicked on [[ChromeDriver: chrome on WINDOWS (619ec395d003e9b62b60953c6ce8d8e5)] -> xpath: (//a[normalize-space()='Login'])[1]]
[ERROR] 2022-08-16 17:55:53.994 [main] Log - navigateToLoginPage Test is failed
[INFO ] 2022-08-16 17:55:54.617 [main] Log - navigateToLoginPage com.blazeclan.qa.test.testng.TestFramework  null 39da064e-f2f8-4b3d-8bf3-d02dd428e3ea
[INFO ] 2022-08-16 17:55:56.159 [main] Log - Kills the browsers
[INFO ] 2022-08-16 17:55:56.266 [main] Log - I am in onFinish method BlazeclanAutomationFramework
[INFO ] 2022-08-16 17:56:16.858 [main] Log - Open chrome browser
[INFO ] 2022-08-16 17:56:16.867 [main] Log - chrome browser is selected
[DEBUG] 2022-08-16 17:56:17.374 [main] InternalLoggerFactory - Using Log4J2 as the default logging framework
[DEBUG] 2022-08-16 17:56:17.378 [main] ResourceLeakDetector - -Dio.netty.leakDetection.level: simple
[DEBUG] 2022-08-16 17:56:17.379 [main] ResourceLeakDetector - -Dio.netty.leakDetection.targetRecords: 4
[DEBUG] 2022-08-16 17:56:17.382 [main] ResourceLeakDetectorFactory - Loaded default ResourceLeakDetector: io.netty.util.ResourceLeakDetector@629ae7e
[DEBUG] 2022-08-16 17:56:17.399 [main] PlatformDependent0 - -Dio.netty.noUnsafe: false
[DEBUG] 2022-08-16 17:56:17.399 [main] PlatformDependent0 - Java version: 18
[DEBUG] 2022-08-16 17:56:17.401 [main] PlatformDependent0 - sun.misc.Unsafe.theUnsafe: available
[DEBUG] 2022-08-16 17:56:17.402 [main] PlatformDependent0 - sun.misc.Unsafe.copyMemory: available
[DEBUG] 2022-08-16 17:56:17.402 [main] PlatformDependent0 - sun.misc.Unsafe.storeFence: available
[DEBUG] 2022-08-16 17:56:17.403 [main] PlatformDependent0 - java.nio.Buffer.address: available
[DEBUG] 2022-08-16 17:56:17.403 [main] PlatformDependent0 - direct buffer constructor: unavailable: Reflective setAccessible(true) disabled
[DEBUG] 2022-08-16 17:56:17.405 [main] PlatformDependent0 - java.nio.Bits.unaligned: available, true
[DEBUG] 2022-08-16 17:56:17.406 [main] PlatformDependent0 - jdk.internal.misc.Unsafe.allocateUninitializedArray(int): unavailable: class io.netty.util.internal.PlatformDependent0$7 cannot access class jdk.internal.misc.Unsafe (in module java.base) because module java.base does not export jdk.internal.misc to unnamed module @548a9f61
[DEBUG] 2022-08-16 17:56:17.407 [main] PlatformDependent0 - java.nio.DirectByteBuffer.<init>(long, int): unavailable
[DEBUG] 2022-08-16 17:56:17.407 [main] PlatformDependent - sun.misc.Unsafe: available
[DEBUG] 2022-08-16 17:56:17.408 [main] PlatformDependent - maxDirectMemory: 2086666240 bytes (maybe)
[DEBUG] 2022-08-16 17:56:17.408 [main] PlatformDependent - -Dio.netty.tmpdir: C:\Users\DINESH~1.PED\AppData\Local\Temp (java.io.tmpdir)
[DEBUG] 2022-08-16 17:56:17.408 [main] PlatformDependent - -Dio.netty.bitMode: 64 (sun.arch.data.model)
[DEBUG] 2022-08-16 17:56:17.408 [main] PlatformDependent - Platform: Windows
[DEBUG] 2022-08-16 17:56:17.409 [main] PlatformDependent - -Dio.netty.maxDirectMemory: -1 bytes
[DEBUG] 2022-08-16 17:56:17.409 [main] PlatformDependent - -Dio.netty.uninitializedArrayAllocationThreshold: -1
[DEBUG] 2022-08-16 17:56:17.410 [main] CleanerJava9 - java.nio.ByteBuffer.cleaner(): available
[DEBUG] 2022-08-16 17:56:17.410 [main] PlatformDependent - -Dio.netty.noPreferDirect: false
[DEBUG] 2022-08-16 17:56:17.417 [main] PlatformDependent - org.jctools-core.MpscChunkedArrayQueue: available
[DEBUG] 2022-08-16 17:56:17.430 [main] InternalThreadLocalMap - -Dio.netty.threadLocalMap.stringBuilder.initialSize: 1024
[DEBUG] 2022-08-16 17:56:17.430 [main] InternalThreadLocalMap - -Dio.netty.threadLocalMap.stringBuilder.maxSize: 4096
[DEBUG] 2022-08-16 17:56:17.526 [main] JdkSslContext - Default protocols (JDK): [TLSv1.3, TLSv1.2] 
[DEBUG] 2022-08-16 17:56:17.526 [main] JdkSslContext - Default cipher suites (JDK): [TLS_ECDHE_ECDSA_WITH_AES_256_GCM_SHA384, TLS_ECDHE_ECDSA_WITH_AES_128_GCM_SHA256, TLS_ECDHE_RSA_WITH_AES_128_GCM_SHA256, TLS_ECDHE_RSA_WITH_AES_256_GCM_SHA384, TLS_ECDHE_RSA_WITH_AES_128_CBC_SHA, TLS_ECDHE_RSA_WITH_AES_256_CBC_SHA, TLS_RSA_WITH_AES_128_GCM_SHA256, TLS_RSA_WITH_AES_128_CBC_SHA, TLS_RSA_WITH_AES_256_CBC_SHA, TLS_AES_128_GCM_SHA256, TLS_AES_256_GCM_SHA384]
[DEBUG] 2022-08-16 17:56:17.545 [main] MultithreadEventLoopGroup - -Dio.netty.eventLoopThreads: 16
[DEBUG] 2022-08-16 17:56:17.551 [main] NioEventLoop - -Dio.netty.noKeySetOptimization: false
[DEBUG] 2022-08-16 17:56:17.552 [main] NioEventLoop - -Dio.netty.selectorAutoRebuildThreshold: 512
[DEBUG] 2022-08-16 17:56:17.595 [main] PooledByteBufAllocator - -Dio.netty.allocator.numHeapArenas: 16
[DEBUG] 2022-08-16 17:56:17.596 [main] PooledByteBufAllocator - -Dio.netty.allocator.numDirectArenas: 16
[DEBUG] 2022-08-16 17:56:17.596 [main] PooledByteBufAllocator - -Dio.netty.allocator.pageSize: 8192
[DEBUG] 2022-08-16 17:56:17.596 [main] PooledByteBufAllocator - -Dio.netty.allocator.maxOrder: 9
[DEBUG] 2022-08-16 17:56:17.596 [main] PooledByteBufAllocator - -Dio.netty.allocator.chunkSize: 4194304
[DEBUG] 2022-08-16 17:56:17.596 [main] PooledByteBufAllocator - -Dio.netty.allocator.smallCacheSize: 256
[DEBUG] 2022-08-16 17:56:17.596 [main] PooledByteBufAllocator - -Dio.netty.allocator.normalCacheSize: 64
[DEBUG] 2022-08-16 17:56:17.596 [main] PooledByteBufAllocator - -Dio.netty.allocator.maxCachedBufferCapacity: 32768
[DEBUG] 2022-08-16 17:56:17.596 [main] PooledByteBufAllocator - -Dio.netty.allocator.cacheTrimInterval: 8192
[DEBUG] 2022-08-16 17:56:17.596 [main] PooledByteBufAllocator - -Dio.netty.allocator.cacheTrimIntervalMillis: 0
[DEBUG] 2022-08-16 17:56:17.596 [main] PooledByteBufAllocator - -Dio.netty.allocator.useCacheForAllThreads: false
[DEBUG] 2022-08-16 17:56:17.596 [main] PooledByteBufAllocator - -Dio.netty.allocator.maxCachedByteBuffersPerChunk: 1023
[DEBUG] 2022-08-16 17:56:17.606 [main] ByteBufUtil - -Dio.netty.allocator.type: pooled
[DEBUG] 2022-08-16 17:56:17.606 [main] ByteBufUtil - -Dio.netty.threadLocalDirectBufferSize: 0
[DEBUG] 2022-08-16 17:56:17.607 [main] ByteBufUtil - -Dio.netty.maxThreadLocalCharBufferSize: 16384
[DEBUG] 2022-08-16 17:56:18.011 [Forwarding newSession on session null to remote] DefaultChannelId - -Dio.netty.processId: 20280 (auto-detected)
[DEBUG] 2022-08-16 17:56:18.013 [Forwarding newSession on session null to remote] NetUtil - -Djava.net.preferIPv4Stack: false
[DEBUG] 2022-08-16 17:56:18.013 [Forwarding newSession on session null to remote] NetUtil - -Djava.net.preferIPv6Addresses: false
[DEBUG] 2022-08-16 17:56:18.034 [Forwarding newSession on session null to remote] NetUtilInitializations - Loopback interface: lo (Software Loopback Interface 1, 127.0.0.1)
[DEBUG] 2022-08-16 17:56:18.035 [Forwarding newSession on session null to remote] NetUtil - Failed to get SOMAXCONN from sysctl and file \proc\sys\net\core\somaxconn. Default: 200
[DEBUG] 2022-08-16 17:56:18.089 [Forwarding newSession on session null to remote] DefaultChannelId - -Dio.netty.machineId: f4:7b:09:ff:fe:3d:cf:0c (auto-detected)
[DEBUG] 2022-08-16 17:56:18.122 [AsyncHttpClient-1-2] AbstractByteBuf - -Dio.netty.buffer.checkAccessible: true
[DEBUG] 2022-08-16 17:56:18.122 [AsyncHttpClient-1-2] AbstractByteBuf - -Dio.netty.buffer.checkBounds: true
[DEBUG] 2022-08-16 17:56:18.123 [AsyncHttpClient-1-2] ResourceLeakDetectorFactory - Loaded default ResourceLeakDetector: io.netty.util.ResourceLeakDetector@60b81bf9
[DEBUG] 2022-08-16 17:56:18.140 [AsyncHttpClient-1-2] Recycler - -Dio.netty.recycler.maxCapacityPerThread: 4096
[DEBUG] 2022-08-16 17:56:18.140 [AsyncHttpClient-1-2] Recycler - -Dio.netty.recycler.ratio: 8
[DEBUG] 2022-08-16 17:56:18.140 [AsyncHttpClient-1-2] Recycler - -Dio.netty.recycler.chunkSize: 32
[DEBUG] 2022-08-16 17:56:18.140 [AsyncHttpClient-1-2] Recycler - -Dio.netty.recycler.blocking: false
[DEBUG] 2022-08-16 17:56:21.191 [AsyncHttpClient-1-2] Brotli - brotli4j not in the classpath; Brotli support will be unavailable.
[DEBUG] 2022-08-16 17:56:21.343 [main] ThreadLocalRandom - -Dio.netty.initialSeedUniquifier: 0xd329ea7b262ae70d
[INFO ] 2022-08-16 17:56:21.391 [main] Log - Open the urlhttps://naveenautomationlabs.com/opencart/
[INFO ] 2022-08-16 17:56:24.408 [main] Log - https://naveenautomationlabs.com/opencart/
[INFO ] 2022-08-16 17:56:24.600 [main] Log - navigateToLoginPage test is starting.
[INFO ] 2022-08-16 17:56:25.148 [main] Log - move to the element : [[ChromeDriver: chrome on WINDOWS (cab94e5b0ef98282da63e0641990c813)] -> xpath: //span[normalize-space()='My Account']] is clicked
[INFO ] 2022-08-16 17:56:25.227 [main] Log - wait for until element [[ChromeDriver: chrome on WINDOWS (cab94e5b0ef98282da63e0641990c813)] -> xpath: (//a[normalize-space()='Login'])[1]] is visible
[INFO ] 2022-08-16 17:56:25.610 [main] Log - Click on element: [[ChromeDriver: chrome on WINDOWS (cab94e5b0ef98282da63e0641990c813)] -> xpath: (//a[normalize-space()='Login'])[1]]
[INFO ] 2022-08-16 17:56:25.737 [main] Log - navigateToLoginPage Test is passed
[INFO ] 2022-08-16 17:56:25.738 [main] Log - navigateToLoginPage com.blazeclan.qa.test.testng.TestFramework  null 335d2325-d0d5-42dc-b01a-0f84585f5263  []
[INFO ] 2022-08-16 17:56:27.084 [main] Log - Kills the browsers
[INFO ] 2022-08-16 17:56:27.145 [main] Log - I am in onFinish method BlazeclanAutomationFramework
