[INFO ] 2022-08-27 09:54:58.816 [main] Log - chrome browser is selected
[INFO ] 2022-08-27 09:54:58.990 [main] Log - Open chrome browser
[INFO ] 2022-08-27 09:55:04.001 [main] Log - Open the urlhttps://naveenautomationlabs.com/opencart/
[INFO ] 2022-08-27 09:55:04.895 [main] Log - Text in element : [[ChromeDriver: chrome on WINDOWS (0828aafdfaf793d0f2d3de639894848c)] -> xpath: //input[@placeholder='Search']] is cleared
[INFO ] 2022-08-27 09:55:04.953 [main] Log - Click on Text Box: [[ChromeDriver: chrome on WINDOWS (0828aafdfaf793d0f2d3de639894848c)] -> xpath: //input[@placeholder='Search']]
[INFO ] 2022-08-27 09:55:05.007 [main] Log - Enter text on [[ChromeDriver: chrome on WINDOWS (0828aafdfaf793d0f2d3de639894848c)] -> xpath: //input[@placeholder='Search']] :Apple
[INFO ] 2022-08-27 09:55:05.067 [main] Log - wait for until element [[ChromeDriver: chrome on WINDOWS (0828aafdfaf793d0f2d3de639894848c)] -> xpath: //div[@id='search']/span] is visible
[INFO ] 2022-08-27 09:55:05.437 [main] Log - Click on element: [[ChromeDriver: chrome on WINDOWS (0828aafdfaf793d0f2d3de639894848c)] -> xpath: //div[@id='search']/span]
[INFO ] 2022-08-27 09:55:06.245 [main] Log - wait for until element [[ChromeDriver: chrome on WINDOWS (0828aafdfaf793d0f2d3de639894848c)] -> xpath: //span[normalize-space()='My Account']] is visible
[INFO ] 2022-08-27 09:55:06.310 [main] Log - Click on element: [[ChromeDriver: chrome on WINDOWS (0828aafdfaf793d0f2d3de639894848c)] -> xpath: //span[normalize-space()='My Account']]
[INFO ] 2022-08-27 09:55:06.351 [main] Log - wait for until element [[ChromeDriver: chrome on WINDOWS (0828aafdfaf793d0f2d3de639894848c)] -> xpath: (//a[normalize-space()='Login'])[1]] is visible
[INFO ] 2022-08-27 09:55:06.651 [main] Log - Click on element: [[ChromeDriver: chrome on WINDOWS (0828aafdfaf793d0f2d3de639894848c)] -> xpath: (//a[normalize-space()='Login'])[1]]
[INFO ] 2022-08-27 09:55:06.938 [main] Log - Text in element : [[ChromeDriver: chrome on WINDOWS (0828aafdfaf793d0f2d3de639894848c)] -> id: input-email] is cleared
[INFO ] 2022-08-27 09:55:06.982 [main] Log - Click on Text Box: [[ChromeDriver: chrome on WINDOWS (0828aafdfaf793d0f2d3de639894848c)] -> id: input-email]
[INFO ] 2022-08-27 09:55:07.049 [main] Log - Enter text on [[ChromeDriver: chrome on WINDOWS (0828aafdfaf793d0f2d3de639894848c)] -> id: input-email] :dineshkumar.icon.dk@gmail.com
[INFO ] 2022-08-27 09:55:07.100 [main] Log - Text in element : [[ChromeDriver: chrome on WINDOWS (0828aafdfaf793d0f2d3de639894848c)] -> id: input-password] is cleared
[INFO ] 2022-08-27 09:55:07.163 [main] Log - Click on Text Box: [[ChromeDriver: chrome on WINDOWS (0828aafdfaf793d0f2d3de639894848c)] -> id: input-password]
[INFO ] 2022-08-27 09:55:07.222 [main] Log - Enter text on [[ChromeDriver: chrome on WINDOWS (0828aafdfaf793d0f2d3de639894848c)] -> id: input-password] :Dinnu@4318
[INFO ] 2022-08-27 09:55:07.260 [main] Log - wait for until element [[ChromeDriver: chrome on WINDOWS (0828aafdfaf793d0f2d3de639894848c)] -> xpath: //input[@value='Login']] is visible
[INFO ] 2022-08-27 09:55:08.759 [main] Log - Click on element: Proxy element for: DefaultElementLocator 'By.xpath: //input[@value='Login']'
[INFO ] 2022-08-27 09:55:11.155 [main] Log - Kills the browsers
[INFO ] 2022-08-27 09:56:10.193 [main] Log - chrome browser is selected
[INFO ] 2022-08-27 09:56:11.492 [main] Log - Open chrome browser
[INFO ] 2022-08-27 09:56:17.163 [main] Log - Open the urlhttps://naveenautomationlabs.com/opencart/
[INFO ] 2022-08-27 09:56:18.219 [main] Log - Text in element : [[ChromeDriver: chrome on WINDOWS (18f7d9d39fb81c0b55b282f55355d7d6)] -> xpath: //input[@placeholder='Search']] is cleared
[INFO ] 2022-08-27 09:56:18.280 [main] Log - Click on Text Box: [[ChromeDriver: chrome on WINDOWS (18f7d9d39fb81c0b55b282f55355d7d6)] -> xpath: //input[@placeholder='Search']]
[INFO ] 2022-08-27 09:56:18.365 [main] Log - Enter text on [[ChromeDriver: chrome on WINDOWS (18f7d9d39fb81c0b55b282f55355d7d6)] -> xpath: //input[@placeholder='Search']] :Apple
[INFO ] 2022-08-27 09:56:18.431 [main] Log - wait for until element [[ChromeDriver: chrome on WINDOWS (18f7d9d39fb81c0b55b282f55355d7d6)] -> xpath: //div[@id='search']/span] is visible
[INFO ] 2022-08-27 09:56:18.780 [main] Log - Click on element: [[ChromeDriver: chrome on WINDOWS (18f7d9d39fb81c0b55b282f55355d7d6)] -> xpath: //div[@id='search']/span]
[INFO ] 2022-08-27 09:56:19.650 [main] Log - wait for until element [[ChromeDriver: chrome on WINDOWS (18f7d9d39fb81c0b55b282f55355d7d6)] -> xpath: //span[normalize-space()='My Account']] is visible
[INFO ] 2022-08-27 09:56:19.704 [main] Log - Click on element: [[ChromeDriver: chrome on WINDOWS (18f7d9d39fb81c0b55b282f55355d7d6)] -> xpath: //span[normalize-space()='My Account']]
[INFO ] 2022-08-27 09:56:19.741 [main] Log - wait for until element [[ChromeDriver: chrome on WINDOWS (18f7d9d39fb81c0b55b282f55355d7d6)] -> xpath: (//a[normalize-space()='Login'])[1]] is visible
[INFO ] 2022-08-27 09:56:20.279 [main] Log - Click on element: [[ChromeDriver: chrome on WINDOWS (18f7d9d39fb81c0b55b282f55355d7d6)] -> xpath: (//a[normalize-space()='Login'])[1]]
[INFO ] 2022-08-27 09:56:20.578 [main] Log - Text in element : [[ChromeDriver: chrome on WINDOWS (18f7d9d39fb81c0b55b282f55355d7d6)] -> id: input-email] is cleared
[INFO ] 2022-08-27 09:56:20.617 [main] Log - Click on Text Box: [[ChromeDriver: chrome on WINDOWS (18f7d9d39fb81c0b55b282f55355d7d6)] -> id: input-email]
[INFO ] 2022-08-27 09:56:20.684 [main] Log - Enter text on [[ChromeDriver: chrome on WINDOWS (18f7d9d39fb81c0b55b282f55355d7d6)] -> id: input-email] :dineshkumar.icon.dk@gmail.com
[INFO ] 2022-08-27 09:56:20.741 [main] Log - Text in element : [[ChromeDriver: chrome on WINDOWS (18f7d9d39fb81c0b55b282f55355d7d6)] -> id: input-password] is cleared
[INFO ] 2022-08-27 09:56:20.802 [main] Log - Click on Text Box: [[ChromeDriver: chrome on WINDOWS (18f7d9d39fb81c0b55b282f55355d7d6)] -> id: input-password]
[INFO ] 2022-08-27 09:56:20.863 [main] Log - Enter text on [[ChromeDriver: chrome on WINDOWS (18f7d9d39fb81c0b55b282f55355d7d6)] -> id: input-password] :Dinnu@4318
[INFO ] 2022-08-27 09:56:20.904 [main] Log - wait for until element [[ChromeDriver: chrome on WINDOWS (18f7d9d39fb81c0b55b282f55355d7d6)] -> xpath: //input[@value='Login']] is visible
[INFO ] 2022-08-27 09:56:22.369 [main] Log - Click on element: Proxy element for: DefaultElementLocator 'By.xpath: //input[@value='Login']'
[INFO ] 2022-08-27 09:56:22.902 [main] Log - Kills the browsers
[INFO ] 2022-08-27 10:09:41.330 [main] Log - chrome browser is selected
[INFO ] 2022-08-27 10:09:41.774 [main] Log - Open chrome browser
[INFO ] 2022-08-27 10:09:44.580 [main] Log - Open the urlhttps://naveenautomationlabs.com/opencart/
[INFO ] 2022-08-27 10:09:45.481 [main] Log - Text in element : [[ChromeDriver: chrome on WINDOWS (c6d9bcf89547d80dbedcd44044fb65a6)] -> xpath: //input[@placeholder='Search']] is cleared
[INFO ] 2022-08-27 10:09:45.550 [main] Log - Click on Text Box: [[ChromeDriver: chrome on WINDOWS (c6d9bcf89547d80dbedcd44044fb65a6)] -> xpath: //input[@placeholder='Search']]
[INFO ] 2022-08-27 10:09:45.637 [main] Log - Enter text on [[ChromeDriver: chrome on WINDOWS (c6d9bcf89547d80dbedcd44044fb65a6)] -> xpath: //input[@placeholder='Search']] :Apple
[INFO ] 2022-08-27 10:09:45.704 [main] Log - wait for until element [[ChromeDriver: chrome on WINDOWS (c6d9bcf89547d80dbedcd44044fb65a6)] -> xpath: //div[@id='search']/span] is visible
[INFO ] 2022-08-27 10:09:46.277 [main] Log - Click on element: [[ChromeDriver: chrome on WINDOWS (c6d9bcf89547d80dbedcd44044fb65a6)] -> xpath: //div[@id='search']/span]
[INFO ] 2022-08-27 10:09:47.105 [main] Log - wait for until element [[ChromeDriver: chrome on WINDOWS (c6d9bcf89547d80dbedcd44044fb65a6)] -> xpath: //span[normalize-space()='My Account']] is visible
[INFO ] 2022-08-27 10:09:47.167 [main] Log - Click on element: [[ChromeDriver: chrome on WINDOWS (c6d9bcf89547d80dbedcd44044fb65a6)] -> xpath: //span[normalize-space()='My Account']]
[INFO ] 2022-08-27 10:09:47.201 [main] Log - wait for until element [[ChromeDriver: chrome on WINDOWS (c6d9bcf89547d80dbedcd44044fb65a6)] -> xpath: (//a[normalize-space()='Login'])[1]] is visible
[INFO ] 2022-08-27 10:09:47.491 [main] Log - Click on element: [[ChromeDriver: chrome on WINDOWS (c6d9bcf89547d80dbedcd44044fb65a6)] -> xpath: (//a[normalize-space()='Login'])[1]]
[INFO ] 2022-08-27 10:09:47.780 [main] Log - Text in element : [[ChromeDriver: chrome on WINDOWS (c6d9bcf89547d80dbedcd44044fb65a6)] -> id: input-email] is cleared
[INFO ] 2022-08-27 10:09:47.830 [main] Log - Click on Text Box: [[ChromeDriver: chrome on WINDOWS (c6d9bcf89547d80dbedcd44044fb65a6)] -> id: input-email]
[INFO ] 2022-08-27 10:09:47.896 [main] Log - Enter text on [[ChromeDriver: chrome on WINDOWS (c6d9bcf89547d80dbedcd44044fb65a6)] -> id: input-email] :dineshkumar.icon.dk@gmail.com
[INFO ] 2022-08-27 10:09:47.946 [main] Log - Text in element : [[ChromeDriver: chrome on WINDOWS (c6d9bcf89547d80dbedcd44044fb65a6)] -> id: input-password] is cleared
[INFO ] 2022-08-27 10:09:48.004 [main] Log - Click on Text Box: [[ChromeDriver: chrome on WINDOWS (c6d9bcf89547d80dbedcd44044fb65a6)] -> id: input-password]
[INFO ] 2022-08-27 10:09:48.055 [main] Log - Enter text on [[ChromeDriver: chrome on WINDOWS (c6d9bcf89547d80dbedcd44044fb65a6)] -> id: input-password] :Dinnu@4318
[INFO ] 2022-08-27 10:09:48.085 [main] Log - wait for until element [[ChromeDriver: chrome on WINDOWS (c6d9bcf89547d80dbedcd44044fb65a6)] -> xpath: //input[@value='Login']] is visible
[INFO ] 2022-08-27 10:09:49.570 [main] Log - Click on element: Proxy element for: DefaultElementLocator 'By.xpath: //input[@value='Login']'
[INFO ] 2022-08-27 10:09:50.195 [main] Log - Kills the browser
[INFO ] 2022-08-27 10:10:20.048 [main] Log - chrome browser is selected
[INFO ] 2022-08-27 10:10:20.227 [main] Log - Open chrome browser
[INFO ] 2022-08-27 10:10:22.402 [main] Log - Open the urlhttps://naveenautomationlabs.com/opencart/
[INFO ] 2022-08-27 10:10:23.426 [main] Log - Text in element : [[ChromeDriver: chrome on WINDOWS (b34d90a96ed4a95c0d2973f83297d64f)] -> xpath: //input[@placeholder='Search']] is cleared
[INFO ] 2022-08-27 10:10:23.497 [main] Log - Click on Text Box: [[ChromeDriver: chrome on WINDOWS (b34d90a96ed4a95c0d2973f83297d64f)] -> xpath: //input[@placeholder='Search']]
[INFO ] 2022-08-27 10:10:23.573 [main] Log - Enter text on [[ChromeDriver: chrome on WINDOWS (b34d90a96ed4a95c0d2973f83297d64f)] -> xpath: //input[@placeholder='Search']] :Apple
[INFO ] 2022-08-27 10:10:23.634 [main] Log - wait for until element [[ChromeDriver: chrome on WINDOWS (b34d90a96ed4a95c0d2973f83297d64f)] -> xpath: //div[@id='search']/span] is visible
[INFO ] 2022-08-27 10:10:25.006 [main] Log - Click on element: [[ChromeDriver: chrome on WINDOWS (b34d90a96ed4a95c0d2973f83297d64f)] -> xpath: //div[@id='search']/span]
[INFO ] 2022-08-27 10:10:25.967 [main] Log - wait for until element [[ChromeDriver: chrome on WINDOWS (b34d90a96ed4a95c0d2973f83297d64f)] -> xpath: //span[normalize-space()='My Account']] is visible
[INFO ] 2022-08-27 10:10:26.018 [main] Log - Click on element: [[ChromeDriver: chrome on WINDOWS (b34d90a96ed4a95c0d2973f83297d64f)] -> xpath: //span[normalize-space()='My Account']]
[INFO ] 2022-08-27 10:10:26.058 [main] Log - wait for until element [[ChromeDriver: chrome on WINDOWS (b34d90a96ed4a95c0d2973f83297d64f)] -> xpath: (//a[normalize-space()='Login'])[1]] is visible
[INFO ] 2022-08-27 10:10:26.347 [main] Log - Click on element: [[ChromeDriver: chrome on WINDOWS (b34d90a96ed4a95c0d2973f83297d64f)] -> xpath: (//a[normalize-space()='Login'])[1]]
[INFO ] 2022-08-27 10:10:26.604 [main] Log - Text in element : [[ChromeDriver: chrome on WINDOWS (b34d90a96ed4a95c0d2973f83297d64f)] -> id: input-email] is cleared
[INFO ] 2022-08-27 10:10:26.656 [main] Log - Click on Text Box: [[ChromeDriver: chrome on WINDOWS (b34d90a96ed4a95c0d2973f83297d64f)] -> id: input-email]
[INFO ] 2022-08-27 10:10:26.727 [main] Log - Enter text on [[ChromeDriver: chrome on WINDOWS (b34d90a96ed4a95c0d2973f83297d64f)] -> id: input-email] :dineshkumar.icon.dk@gmail.com
[INFO ] 2022-08-27 10:10:26.779 [main] Log - Text in element : [[ChromeDriver: chrome on WINDOWS (b34d90a96ed4a95c0d2973f83297d64f)] -> id: input-password] is cleared
[INFO ] 2022-08-27 10:10:26.837 [main] Log - Click on Text Box: [[ChromeDriver: chrome on WINDOWS (b34d90a96ed4a95c0d2973f83297d64f)] -> id: input-password]
[INFO ] 2022-08-27 10:10:26.910 [main] Log - Enter text on [[ChromeDriver: chrome on WINDOWS (b34d90a96ed4a95c0d2973f83297d64f)] -> id: input-password] :Dinnu@4318
[INFO ] 2022-08-27 10:10:26.951 [main] Log - wait for until element [[ChromeDriver: chrome on WINDOWS (b34d90a96ed4a95c0d2973f83297d64f)] -> xpath: //input[@value='Login']] is visible
[INFO ] 2022-08-27 10:10:28.549 [main] Log - Click on element: Proxy element for: DefaultElementLocator 'By.xpath: //input[@value='Login']'
[INFO ] 2022-08-27 10:11:00.486 [main] Log - chrome browser is selected
[INFO ] 2022-08-27 10:11:00.639 [main] Log - Open chrome browser
[INFO ] 2022-08-27 10:11:02.921 [main] Log - Open the urlhttps://naveenautomationlabs.com/opencart/
[INFO ] 2022-08-27 10:11:03.748 [main] Log - Text in element : [[ChromeDriver: chrome on WINDOWS (d491b06f501e52122028b5e2697a54b7)] -> xpath: //input[@placeholder='Search']] is cleared
[INFO ] 2022-08-27 10:11:03.793 [main] Log - Click on Text Box: [[ChromeDriver: chrome on WINDOWS (d491b06f501e52122028b5e2697a54b7)] -> xpath: //input[@placeholder='Search']]
[INFO ] 2022-08-27 10:11:03.840 [main] Log - Enter text on [[ChromeDriver: chrome on WINDOWS (d491b06f501e52122028b5e2697a54b7)] -> xpath: //input[@placeholder='Search']] :Apple
[INFO ] 2022-08-27 10:11:03.878 [main] Log - wait for until element [[ChromeDriver: chrome on WINDOWS (d491b06f501e52122028b5e2697a54b7)] -> xpath: //div[@id='search']/span] is visible
[INFO ] 2022-08-27 10:11:04.597 [main] Log - Click on element: [[ChromeDriver: chrome on WINDOWS (d491b06f501e52122028b5e2697a54b7)] -> xpath: //div[@id='search']/span]
[INFO ] 2022-08-27 10:11:05.399 [main] Log - wait for until element [[ChromeDriver: chrome on WINDOWS (d491b06f501e52122028b5e2697a54b7)] -> xpath: //span[normalize-space()='My Account']] is visible
[INFO ] 2022-08-27 10:11:05.450 [main] Log - Click on element: [[ChromeDriver: chrome on WINDOWS (d491b06f501e52122028b5e2697a54b7)] -> xpath: //span[normalize-space()='My Account']]
[INFO ] 2022-08-27 10:11:05.487 [main] Log - wait for until element [[ChromeDriver: chrome on WINDOWS (d491b06f501e52122028b5e2697a54b7)] -> xpath: (//a[normalize-space()='Login'])[1]] is visible
[INFO ] 2022-08-27 10:11:05.786 [main] Log - Click on element: [[ChromeDriver: chrome on WINDOWS (d491b06f501e52122028b5e2697a54b7)] -> xpath: (//a[normalize-space()='Login'])[1]]
[INFO ] 2022-08-27 10:11:06.090 [main] Log - Text in element : [[ChromeDriver: chrome on WINDOWS (d491b06f501e52122028b5e2697a54b7)] -> id: input-email] is cleared
[INFO ] 2022-08-27 10:11:06.137 [main] Log - Click on Text Box: [[ChromeDriver: chrome on WINDOWS (d491b06f501e52122028b5e2697a54b7)] -> id: input-email]
[INFO ] 2022-08-27 10:11:06.204 [main] Log - Enter text on [[ChromeDriver: chrome on WINDOWS (d491b06f501e52122028b5e2697a54b7)] -> id: input-email] :dineshkumar.icon.dk@gmail.com
[INFO ] 2022-08-27 10:11:06.257 [main] Log - Text in element : [[ChromeDriver: chrome on WINDOWS (d491b06f501e52122028b5e2697a54b7)] -> id: input-password] is cleared
[INFO ] 2022-08-27 10:11:06.318 [main] Log - Click on Text Box: [[ChromeDriver: chrome on WINDOWS (d491b06f501e52122028b5e2697a54b7)] -> id: input-password]
[INFO ] 2022-08-27 10:11:06.372 [main] Log - Enter text on [[ChromeDriver: chrome on WINDOWS (d491b06f501e52122028b5e2697a54b7)] -> id: input-password] :Dinnu@4318
[INFO ] 2022-08-27 10:11:06.408 [main] Log - wait for until element [[ChromeDriver: chrome on WINDOWS (d491b06f501e52122028b5e2697a54b7)] -> xpath: //input[@value='Login']] is visible
[INFO ] 2022-08-27 10:11:08.007 [main] Log - Click on element: Proxy element for: DefaultElementLocator 'By.xpath: //input[@value='Login']'
[INFO ] 2022-08-27 10:11:08.848 [main] Log - Text in element : [[ChromeDriver: chrome on WINDOWS (d491b06f501e52122028b5e2697a54b7)] -> xpath: //input[@placeholder='Search']] is cleared
[INFO ] 2022-08-27 10:11:08.917 [main] Log - Click on Text Box: [[ChromeDriver: chrome on WINDOWS (d491b06f501e52122028b5e2697a54b7)] -> xpath: //input[@placeholder='Search']]
[INFO ] 2022-08-27 10:11:08.970 [main] Log - Enter text on [[ChromeDriver: chrome on WINDOWS (d491b06f501e52122028b5e2697a54b7)] -> xpath: //input[@placeholder='Search']] :Apple
[INFO ] 2022-08-27 10:11:08.992 [main] Log - wait for until element [[ChromeDriver: chrome on WINDOWS (d491b06f501e52122028b5e2697a54b7)] -> xpath: //div[@id='search']/span] is visible
[INFO ] 2022-08-27 10:11:09.589 [main] Log - Click on element: [[ChromeDriver: chrome on WINDOWS (d491b06f501e52122028b5e2697a54b7)] -> xpath: //div[@id='search']/span]
[INFO ] 2022-08-27 10:11:47.308 [main] Log - chrome browser is selected
[INFO ] 2022-08-27 10:11:47.508 [main] Log - Open chrome browser
[INFO ] 2022-08-27 10:11:50.917 [main] Log - Open the urlhttps://naveenautomationlabs.com/opencart/
[INFO ] 2022-08-27 10:11:51.685 [main] Log - Text in element : [[ChromeDriver: chrome on WINDOWS (da9bc3ebba9974293853edce32afa358)] -> xpath: //input[@placeholder='Search']] is cleared
[INFO ] 2022-08-27 10:11:51.733 [main] Log - Click on Text Box: [[ChromeDriver: chrome on WINDOWS (da9bc3ebba9974293853edce32afa358)] -> xpath: //input[@placeholder='Search']]
[INFO ] 2022-08-27 10:11:51.775 [main] Log - Enter text on [[ChromeDriver: chrome on WINDOWS (da9bc3ebba9974293853edce32afa358)] -> xpath: //input[@placeholder='Search']] :Apple
[INFO ] 2022-08-27 10:11:51.813 [main] Log - wait for until element [[ChromeDriver: chrome on WINDOWS (da9bc3ebba9974293853edce32afa358)] -> xpath: //div[@id='search']/span] is visible
[INFO ] 2022-08-27 10:11:52.198 [main] Log - Click on element: [[ChromeDriver: chrome on WINDOWS (da9bc3ebba9974293853edce32afa358)] -> xpath: //div[@id='search']/span]
[INFO ] 2022-08-27 10:11:52.964 [main] Log - wait for until element [[ChromeDriver: chrome on WINDOWS (da9bc3ebba9974293853edce32afa358)] -> xpath: //span[normalize-space()='My Account']] is visible
[INFO ] 2022-08-27 10:11:53.012 [main] Log - Click on element: [[ChromeDriver: chrome on WINDOWS (da9bc3ebba9974293853edce32afa358)] -> xpath: //span[normalize-space()='My Account']]
[INFO ] 2022-08-27 10:11:53.049 [main] Log - wait for until element [[ChromeDriver: chrome on WINDOWS (da9bc3ebba9974293853edce32afa358)] -> xpath: (//a[normalize-space()='Login'])[1]] is visible
[INFO ] 2022-08-27 10:11:53.337 [main] Log - Click on element: [[ChromeDriver: chrome on WINDOWS (da9bc3ebba9974293853edce32afa358)] -> xpath: (//a[normalize-space()='Login'])[1]]
[INFO ] 2022-08-27 10:11:53.588 [main] Log - Text in element : [[ChromeDriver: chrome on WINDOWS (da9bc3ebba9974293853edce32afa358)] -> id: input-email] is cleared
[INFO ] 2022-08-27 10:11:53.637 [main] Log - Click on Text Box: [[ChromeDriver: chrome on WINDOWS (da9bc3ebba9974293853edce32afa358)] -> id: input-email]
[INFO ] 2022-08-27 10:11:53.701 [main] Log - Enter text on [[ChromeDriver: chrome on WINDOWS (da9bc3ebba9974293853edce32afa358)] -> id: input-email] :dineshkumar.icon.dk@gmail.com
[INFO ] 2022-08-27 10:11:53.750 [main] Log - Text in element : [[ChromeDriver: chrome on WINDOWS (da9bc3ebba9974293853edce32afa358)] -> id: input-password] is cleared
[INFO ] 2022-08-27 10:11:53.799 [main] Log - Click on Text Box: [[ChromeDriver: chrome on WINDOWS (da9bc3ebba9974293853edce32afa358)] -> id: input-password]
[INFO ] 2022-08-27 10:11:53.855 [main] Log - Enter text on [[ChromeDriver: chrome on WINDOWS (da9bc3ebba9974293853edce32afa358)] -> id: input-password] :Dinnu@4318
[INFO ] 2022-08-27 10:11:53.900 [main] Log - wait for until element [[ChromeDriver: chrome on WINDOWS (da9bc3ebba9974293853edce32afa358)] -> xpath: //input[@value='Login']] is visible
[INFO ] 2022-08-27 10:11:55.420 [main] Log - Click on element: Proxy element for: DefaultElementLocator 'By.xpath: //input[@value='Login']'
[INFO ] 2022-08-27 10:11:56.218 [main] Log - Text in element : [[ChromeDriver: chrome on WINDOWS (da9bc3ebba9974293853edce32afa358)] -> xpath: //input[@placeholder='Search']] is cleared
[INFO ] 2022-08-27 10:11:56.291 [main] Log - Click on Text Box: [[ChromeDriver: chrome on WINDOWS (da9bc3ebba9974293853edce32afa358)] -> xpath: //input[@placeholder='Search']]
[INFO ] 2022-08-27 10:11:56.348 [main] Log - Enter text on [[ChromeDriver: chrome on WINDOWS (da9bc3ebba9974293853edce32afa358)] -> xpath: //input[@placeholder='Search']] :Apple
[INFO ] 2022-08-27 10:11:56.374 [main] Log - wait for until element [[ChromeDriver: chrome on WINDOWS (da9bc3ebba9974293853edce32afa358)] -> xpath: //div[@id='search']/span] is visible
[INFO ] 2022-08-27 10:11:56.745 [main] Log - Click on element: [[ChromeDriver: chrome on WINDOWS (da9bc3ebba9974293853edce32afa358)] -> xpath: //div[@id='search']/span]
[INFO ] 2022-08-27 10:15:16.506 [main] Log - chrome browser is selected
[INFO ] 2022-08-27 10:15:16.774 [main] Log - Open chrome browser
[INFO ] 2022-08-27 10:15:19.106 [main] Log - Open the urlhttps://naveenautomationlabs.com/opencart/
[INFO ] 2022-08-27 10:15:19.960 [main] Log - Text in element : [[ChromeDriver: chrome on WINDOWS (00f05f3d14248d034d7aca95a82a3335)] -> xpath: //input[@placeholder='Search']] is cleared
[INFO ] 2022-08-27 10:15:20.006 [main] Log - Click on Text Box: [[ChromeDriver: chrome on WINDOWS (00f05f3d14248d034d7aca95a82a3335)] -> xpath: //input[@placeholder='Search']]
[INFO ] 2022-08-27 10:15:20.053 [main] Log - Enter text on [[ChromeDriver: chrome on WINDOWS (00f05f3d14248d034d7aca95a82a3335)] -> xpath: //input[@placeholder='Search']] :Apple
[INFO ] 2022-08-27 10:15:20.092 [main] Log - wait for until element [[ChromeDriver: chrome on WINDOWS (00f05f3d14248d034d7aca95a82a3335)] -> xpath: //div[@id='search']/span] is visible
[INFO ] 2022-08-27 10:15:20.487 [main] Log - Click on element: [[ChromeDriver: chrome on WINDOWS (00f05f3d14248d034d7aca95a82a3335)] -> xpath: //div[@id='search']/span]
[INFO ] 2022-08-27 10:15:25.308 [main] Log - chrome browser is selected
[INFO ] 2022-08-27 10:34:31.676 [main] Log - chrome browser is selected
[INFO ] 2022-08-27 10:34:32.110 [main] Log - Open chrome browser
[INFO ] 2022-08-27 10:34:39.125 [main] Log - Open the urlhttps://naveenautomationlabs.com/opencart/
[ERROR] 2022-08-27 10:34:49.826 [main] Log - no such element: Unable to locate element: {"method":"xpath","selector":"//input[@placeholder='Search']"}
  (Session info: chrome=104.0.5112.102)
For documentation on this error, please visit: https://selenium.dev/exceptions/#no_such_element
Build info: version: '4.4.0', revision: 'e5c75ed026a'
System info: host: 'BCT-LTP-G877', ip: '192.168.146.144', os.name: 'Windows 10', os.arch: 'amd64', os.version: '10.0', java.version: '18.0.2'
Driver info: org.openqa.selenium.chrome.ChromeDriver
Command: [7c261632a6625d2191ef222db0d18a27, findElement {using=xpath, value=//input[@placeholder='Search']}]
Capabilities {acceptInsecureCerts: false, browserName: chrome, browserVersion: 104.0.5112.102, chrome: {chromedriverVersion: 104.0.5112.79 (3cf3e8c8a07d..., userDataDir: C:\Users\DINESH~1.PED\AppDa...}, goog:chromeOptions: {debuggerAddress: localhost:60409}, networkConnectionEnabled: false, pageLoadStrategy: normal, platformName: WINDOWS, proxy: Proxy(), se:cdp: ws://localhost:60409/devtoo..., se:cdpVersion: 104.0.5112.102, setWindowRect: true, strictFileInteractability: false, timeouts: {implicit: 0, pageLoad: 300000, script: 30000}, unhandledPromptBehavior: dismiss and notify, webauthn:extension:credBlob: true, webauthn:extension:largeBlob: true, webauthn:virtualAuthenticators: true}
Session ID: 7c261632a6625d2191ef222db0d18a27
[INFO ] 2022-08-27 10:35:10.285 [main] Log - wait for until element [[ChromeDriver: chrome on WINDOWS (7c261632a6625d2191ef222db0d18a27)] -> xpath: //div[@id='search']/span] is visible
[INFO ] 2022-08-27 10:35:19.183 [main] Log - Click on element: [[ChromeDriver: chrome on WINDOWS (7c261632a6625d2191ef222db0d18a27)] -> xpath: //div[@id='search']/span]
[INFO ] 2022-08-27 10:35:26.395 [main] Log - chrome browser is selected
[INFO ] 2022-08-27 10:35:26.396 [main] Log - Open chrome browser
[INFO ] 2022-08-27 10:35:34.909 [main] Log - Open the urlhttps://naveenautomationlabs.com/opencart/
[INFO ] 2022-08-27 10:35:35.132 [main] Log - wait for until element [[ChromeDriver: chrome on WINDOWS (71d4c70a392124c74d2463c14d856515)] -> xpath: //span[normalize-space()='My Account']] is visible
[INFO ] 2022-08-27 10:35:35.216 [main] Log - Click on element: [[ChromeDriver: chrome on WINDOWS (71d4c70a392124c74d2463c14d856515)] -> xpath: //span[normalize-space()='My Account']]
[INFO ] 2022-08-27 10:35:35.268 [main] Log - wait for until element [[ChromeDriver: chrome on WINDOWS (71d4c70a392124c74d2463c14d856515)] -> xpath: (//a[normalize-space()='Login'])[1]] is visible
[INFO ] 2022-08-27 10:35:36.063 [main] Log - Click on element: [[ChromeDriver: chrome on WINDOWS (71d4c70a392124c74d2463c14d856515)] -> xpath: (//a[normalize-space()='Login'])[1]]
[INFO ] 2022-08-27 10:35:36.403 [main] Log - Text in element : [[ChromeDriver: chrome on WINDOWS (71d4c70a392124c74d2463c14d856515)] -> id: input-email] is cleared
[INFO ] 2022-08-27 10:35:36.456 [main] Log - Click on Text Box: [[ChromeDriver: chrome on WINDOWS (71d4c70a392124c74d2463c14d856515)] -> id: input-email]
[INFO ] 2022-08-27 10:35:36.538 [main] Log - Enter text on [[ChromeDriver: chrome on WINDOWS (71d4c70a392124c74d2463c14d856515)] -> id: input-email] :dineshkumar.icon.dk@gmail.com
[INFO ] 2022-08-27 10:35:36.607 [main] Log - Text in element : [[ChromeDriver: chrome on WINDOWS (71d4c70a392124c74d2463c14d856515)] -> id: input-password] is cleared
[INFO ] 2022-08-27 10:35:36.672 [main] Log - Click on Text Box: [[ChromeDriver: chrome on WINDOWS (71d4c70a392124c74d2463c14d856515)] -> id: input-password]
[INFO ] 2022-08-27 10:35:36.721 [main] Log - Enter text on [[ChromeDriver: chrome on WINDOWS (71d4c70a392124c74d2463c14d856515)] -> id: input-password] :Dinnu@4318
[INFO ] 2022-08-27 10:35:36.752 [main] Log - wait for until element [[ChromeDriver: chrome on WINDOWS (71d4c70a392124c74d2463c14d856515)] -> xpath: //input[@value='Login']] is visible
[INFO ] 2022-08-27 10:35:39.627 [main] Log - Click on element: Proxy element for: DefaultElementLocator 'By.xpath: //input[@value='Login']'
[INFO ] 2022-08-27 10:35:43.958 [main] Log - chrome browser is selected
[INFO ] 2022-08-27 10:35:43.960 [main] Log - Open chrome browser
[INFO ] 2022-08-27 10:35:56.897 [main] Log - Open the urlhttps://naveenautomationlabs.com/opencart/
[INFO ] 2022-08-27 10:35:57.335 [main] Log - Text in element : [[ChromeDriver: chrome on WINDOWS (5f2a8603dcdada757ef9346d642ac1f3)] -> xpath: //input[@placeholder='Search']] is cleared
[INFO ] 2022-08-27 10:35:57.377 [main] Log - Click on Text Box: [[ChromeDriver: chrome on WINDOWS (5f2a8603dcdada757ef9346d642ac1f3)] -> xpath: //input[@placeholder='Search']]
[INFO ] 2022-08-27 10:35:57.444 [main] Log - Enter text on [[ChromeDriver: chrome on WINDOWS (5f2a8603dcdada757ef9346d642ac1f3)] -> xpath: //input[@placeholder='Search']] :Apple
[INFO ] 2022-08-27 10:35:57.475 [main] Log - wait for until element [[ChromeDriver: chrome on WINDOWS (5f2a8603dcdada757ef9346d642ac1f3)] -> xpath: //div[@id='search']/span] is visible
[INFO ] 2022-08-27 10:36:00.268 [main] Log - Click on element: [[ChromeDriver: chrome on WINDOWS (5f2a8603dcdada757ef9346d642ac1f3)] -> xpath: //div[@id='search']/span]
[INFO ] 2022-08-27 10:36:27.128 [main] Log - chrome browser is selected
[INFO ] 2022-08-27 10:36:27.466 [main] Log - Open chrome browser
[INFO ] 2022-08-27 10:36:32.119 [main] Log - Open the urlhttps://naveenautomationlabs.com/opencart/
[INFO ] 2022-08-27 10:36:32.735 [main] Log - Text in element : [[ChromeDriver: chrome on WINDOWS (341d23d4bc0c401a00eb688ec36ce2bd)] -> xpath: //input[@placeholder='Search']] is cleared
[INFO ] 2022-08-27 10:36:32.803 [main] Log - Click on Text Box: [[ChromeDriver: chrome on WINDOWS (341d23d4bc0c401a00eb688ec36ce2bd)] -> xpath: //input[@placeholder='Search']]
[INFO ] 2022-08-27 10:36:32.862 [main] Log - Enter text on [[ChromeDriver: chrome on WINDOWS (341d23d4bc0c401a00eb688ec36ce2bd)] -> xpath: //input[@placeholder='Search']] :Apple
[INFO ] 2022-08-27 10:36:32.916 [main] Log - wait for until element [[ChromeDriver: chrome on WINDOWS (341d23d4bc0c401a00eb688ec36ce2bd)] -> xpath: //div[@id='search']/span] is visible
[INFO ] 2022-08-27 10:36:33.512 [main] Log - Click on element: [[ChromeDriver: chrome on WINDOWS (341d23d4bc0c401a00eb688ec36ce2bd)] -> xpath: //div[@id='search']/span]
[INFO ] 2022-08-27 10:36:38.198 [main] Log - chrome browser is selected
[INFO ] 2022-08-27 10:36:38.201 [main] Log - Open chrome browser
[INFO ] 2022-08-27 10:36:42.260 [main] Log - Open the urlhttps://naveenautomationlabs.com/opencart/
[INFO ] 2022-08-27 10:36:42.467 [main] Log - wait for until element [[ChromeDriver: chrome on WINDOWS (810c16ef9c28536e92f3888cff2d58ba)] -> xpath: //span[normalize-space()='My Account']] is visible
[INFO ] 2022-08-27 10:36:42.579 [main] Log - Click on element: [[ChromeDriver: chrome on WINDOWS (810c16ef9c28536e92f3888cff2d58ba)] -> xpath: //span[normalize-space()='My Account']]
[INFO ] 2022-08-27 10:36:42.642 [main] Log - wait for until element [[ChromeDriver: chrome on WINDOWS (810c16ef9c28536e92f3888cff2d58ba)] -> xpath: (//a[normalize-space()='Login'])[1]] is visible
[INFO ] 2022-08-27 10:36:43.690 [main] Log - Click on element: [[ChromeDriver: chrome on WINDOWS (810c16ef9c28536e92f3888cff2d58ba)] -> xpath: (//a[normalize-space()='Login'])[1]]
[INFO ] 2022-08-27 10:36:44.143 [main] Log - Text in element : [[ChromeDriver: chrome on WINDOWS (810c16ef9c28536e92f3888cff2d58ba)] -> id: input-email] is cleared
[INFO ] 2022-08-27 10:36:44.215 [main] Log - Click on Text Box: [[ChromeDriver: chrome on WINDOWS (810c16ef9c28536e92f3888cff2d58ba)] -> id: input-email]
[INFO ] 2022-08-27 10:36:44.372 [main] Log - Enter text on [[ChromeDriver: chrome on WINDOWS (810c16ef9c28536e92f3888cff2d58ba)] -> id: input-email] :dineshkumar.icon.dk@gmail.com
[INFO ] 2022-08-27 10:36:44.446 [main] Log - Text in element : [[ChromeDriver: chrome on WINDOWS (810c16ef9c28536e92f3888cff2d58ba)] -> id: input-password] is cleared
[INFO ] 2022-08-27 10:36:44.520 [main] Log - Click on Text Box: [[ChromeDriver: chrome on WINDOWS (810c16ef9c28536e92f3888cff2d58ba)] -> id: input-password]
[INFO ] 2022-08-27 10:36:44.595 [main] Log - Enter text on [[ChromeDriver: chrome on WINDOWS (810c16ef9c28536e92f3888cff2d58ba)] -> id: input-password] :Dinnu@4318
[INFO ] 2022-08-27 10:36:44.659 [main] Log - wait for until element [[ChromeDriver: chrome on WINDOWS (810c16ef9c28536e92f3888cff2d58ba)] -> xpath: //input[@value='Login']] is visible
[INFO ] 2022-08-27 10:36:46.569 [main] Log - Click on element: Proxy element for: DefaultElementLocator 'By.xpath: //input[@value='Login']'
[INFO ] 2022-08-27 10:36:50.288 [main] Log - chrome browser is selected
[INFO ] 2022-08-27 10:36:50.289 [main] Log - Open chrome browser
[INFO ] 2022-08-27 10:36:55.138 [main] Log - Open the urlhttps://naveenautomationlabs.com/opencart/
[INFO ] 2022-08-27 10:36:55.632 [main] Log - Text in element : [[ChromeDriver: chrome on WINDOWS (43544395e93affd79bf6b436340790b4)] -> xpath: //input[@placeholder='Search']] is cleared
[INFO ] 2022-08-27 10:36:55.693 [main] Log - Click on Text Box: [[ChromeDriver: chrome on WINDOWS (43544395e93affd79bf6b436340790b4)] -> xpath: //input[@placeholder='Search']]
[INFO ] 2022-08-27 10:36:55.740 [main] Log - Enter text on [[ChromeDriver: chrome on WINDOWS (43544395e93affd79bf6b436340790b4)] -> xpath: //input[@placeholder='Search']] :Apple
[INFO ] 2022-08-27 10:36:55.769 [main] Log - wait for until element [[ChromeDriver: chrome on WINDOWS (43544395e93affd79bf6b436340790b4)] -> xpath: //div[@id='search']/span] is visible
[INFO ] 2022-08-27 10:36:56.357 [main] Log - Click on element: [[ChromeDriver: chrome on WINDOWS (43544395e93affd79bf6b436340790b4)] -> xpath: //div[@id='search']/span]
[INFO ] 2022-08-27 10:39:15.328 [main] Log - chrome browser is selected
[INFO ] 2022-08-27 10:39:15.541 [main] Log - Open chrome browser
[INFO ] 2022-08-27 10:39:17.733 [main] Log - Open the urlhttps://naveenautomationlabs.com/opencart/
[INFO ] 2022-08-27 10:39:18.470 [main] Log - Text in element : [[ChromeDriver: chrome on WINDOWS (cf002990f6b8775f1e9507955ecc4c2d)] -> xpath: //input[@placeholder='Search']] is cleared
[INFO ] 2022-08-27 10:39:18.533 [main] Log - Click on Text Box: [[ChromeDriver: chrome on WINDOWS (cf002990f6b8775f1e9507955ecc4c2d)] -> xpath: //input[@placeholder='Search']]
[INFO ] 2022-08-27 10:39:18.588 [main] Log - Enter text on [[ChromeDriver: chrome on WINDOWS (cf002990f6b8775f1e9507955ecc4c2d)] -> xpath: //input[@placeholder='Search']] :Apple
[INFO ] 2022-08-27 10:39:18.627 [main] Log - wait for until element [[ChromeDriver: chrome on WINDOWS (cf002990f6b8775f1e9507955ecc4c2d)] -> xpath: //div[@id='search']/span] is visible
[INFO ] 2022-08-27 10:39:19.176 [main] Log - Click on element: [[ChromeDriver: chrome on WINDOWS (cf002990f6b8775f1e9507955ecc4c2d)] -> xpath: //div[@id='search']/span]
[INFO ] 2022-08-27 10:39:23.864 [main] Log - chrome browser is selected
[INFO ] 2022-08-27 10:39:23.865 [main] Log - Open chrome browser
[INFO ] 2022-08-27 10:39:27.311 [main] Log - Open the urlhttps://naveenautomationlabs.com/opencart/
[INFO ] 2022-08-27 10:39:27.511 [main] Log - wait for until element [[ChromeDriver: chrome on WINDOWS (abb35cc57078403c6a92c6dc724f85be)] -> xpath: //span[normalize-space()='My Account']] is visible
[INFO ] 2022-08-27 10:39:27.597 [main] Log - Click on element: [[ChromeDriver: chrome on WINDOWS (abb35cc57078403c6a92c6dc724f85be)] -> xpath: //span[normalize-space()='My Account']]
[INFO ] 2022-08-27 10:39:27.632 [main] Log - wait for until element [[ChromeDriver: chrome on WINDOWS (abb35cc57078403c6a92c6dc724f85be)] -> xpath: (//a[normalize-space()='Login'])[1]] is visible
[INFO ] 2022-08-27 10:39:27.947 [main] Log - Click on element: [[ChromeDriver: chrome on WINDOWS (abb35cc57078403c6a92c6dc724f85be)] -> xpath: (//a[normalize-space()='Login'])[1]]
[INFO ] 2022-08-27 10:39:28.248 [main] Log - Text in element : [[ChromeDriver: chrome on WINDOWS (abb35cc57078403c6a92c6dc724f85be)] -> id: input-email] is cleared
[INFO ] 2022-08-27 10:39:28.299 [main] Log - Click on Text Box: [[ChromeDriver: chrome on WINDOWS (abb35cc57078403c6a92c6dc724f85be)] -> id: input-email]
[INFO ] 2022-08-27 10:39:28.376 [main] Log - Enter text on [[ChromeDriver: chrome on WINDOWS (abb35cc57078403c6a92c6dc724f85be)] -> id: input-email] :dineshkumar.icon.dk@gmail.com
[INFO ] 2022-08-27 10:39:28.431 [main] Log - Text in element : [[ChromeDriver: chrome on WINDOWS (abb35cc57078403c6a92c6dc724f85be)] -> id: input-password] is cleared
[INFO ] 2022-08-27 10:39:28.498 [main] Log - Click on Text Box: [[ChromeDriver: chrome on WINDOWS (abb35cc57078403c6a92c6dc724f85be)] -> id: input-password]
[INFO ] 2022-08-27 10:39:28.543 [main] Log - Enter text on [[ChromeDriver: chrome on WINDOWS (abb35cc57078403c6a92c6dc724f85be)] -> id: input-password] :Dinnu@4318
[INFO ] 2022-08-27 10:39:28.573 [main] Log - wait for until element [[ChromeDriver: chrome on WINDOWS (abb35cc57078403c6a92c6dc724f85be)] -> xpath: //input[@value='Login']] is visible
[INFO ] 2022-08-27 10:39:30.107 [main] Log - Click on element: Proxy element for: DefaultElementLocator 'By.xpath: //input[@value='Login']'
[INFO ] 2022-08-27 10:39:34.309 [main] Log - chrome browser is selected
[INFO ] 2022-08-27 10:39:34.311 [main] Log - Open chrome browser
[INFO ] 2022-08-27 10:39:37.156 [main] Log - Open the urlhttps://naveenautomationlabs.com/opencart/
[INFO ] 2022-08-27 10:39:37.852 [main] Log - Text in element : [[ChromeDriver: chrome on WINDOWS (05817e2c819504ce80bf652b52f949f8)] -> xpath: //input[@placeholder='Search']] is cleared
[INFO ] 2022-08-27 10:39:37.889 [main] Log - Click on Text Box: [[ChromeDriver: chrome on WINDOWS (05817e2c819504ce80bf652b52f949f8)] -> xpath: //input[@placeholder='Search']]
[INFO ] 2022-08-27 10:39:37.925 [main] Log - Enter text on [[ChromeDriver: chrome on WINDOWS (05817e2c819504ce80bf652b52f949f8)] -> xpath: //input[@placeholder='Search']] :Apple
[INFO ] 2022-08-27 10:39:37.950 [main] Log - wait for until element [[ChromeDriver: chrome on WINDOWS (05817e2c819504ce80bf652b52f949f8)] -> xpath: //div[@id='search']/span] is visible
[INFO ] 2022-08-27 10:39:38.355 [main] Log - Click on element: [[ChromeDriver: chrome on WINDOWS (05817e2c819504ce80bf652b52f949f8)] -> xpath: //div[@id='search']/span]
