[INFO ] 2022-07-11 15:13:35.954 [main] Log - chrome browser is selected
[DEBUG] 2022-07-11 15:13:38.295 [main] InternalLoggerFactory - Using Log4J2 as the default logging framework
[DEBUG] 2022-07-11 15:13:38.302 [main] ResourceLeakDetector - -Dio.netty.leakDetection.level: simple
[DEBUG] 2022-07-11 15:13:38.302 [main] ResourceLeakDetector - -Dio.netty.leakDetection.targetRecords: 4
[DEBUG] 2022-07-11 15:13:38.307 [main] ResourceLeakDetectorFactory - Loaded default ResourceLeakDetector: io.netty.util.ResourceLeakDetector@1d0a61c8
[DEBUG] 2022-07-11 15:13:38.328 [main] PlatformDependent0 - -Dio.netty.noUnsafe: false
[DEBUG] 2022-07-11 15:13:38.328 [main] PlatformDependent0 - Java version: 17
[DEBUG] 2022-07-11 15:13:38.329 [main] PlatformDependent0 - sun.misc.Unsafe.theUnsafe: available
[DEBUG] 2022-07-11 15:13:38.330 [main] PlatformDependent0 - sun.misc.Unsafe.copyMemory: available
[DEBUG] 2022-07-11 15:13:38.332 [main] PlatformDependent0 - sun.misc.Unsafe.storeFence: available
[DEBUG] 2022-07-11 15:13:38.332 [main] PlatformDependent0 - java.nio.Buffer.address: available
[DEBUG] 2022-07-11 15:13:38.333 [main] PlatformDependent0 - direct buffer constructor: unavailable: Reflective setAccessible(true) disabled
[DEBUG] 2022-07-11 15:13:38.333 [main] PlatformDependent0 - java.nio.Bits.unaligned: available, true
[DEBUG] 2022-07-11 15:13:38.335 [main] PlatformDependent0 - jdk.internal.misc.Unsafe.allocateUninitializedArray(int): unavailable: class io.netty.util.internal.PlatformDependent0$7 cannot access class jdk.internal.misc.Unsafe (in module java.base) because module java.base does not export jdk.internal.misc to unnamed module @737996a0
[DEBUG] 2022-07-11 15:13:38.336 [main] PlatformDependent0 - java.nio.DirectByteBuffer.<init>(long, int): unavailable
[DEBUG] 2022-07-11 15:13:38.336 [main] PlatformDependent - sun.misc.Unsafe: available
[DEBUG] 2022-07-11 15:13:38.337 [main] PlatformDependent - maxDirectMemory: 2086666240 bytes (maybe)
[DEBUG] 2022-07-11 15:13:38.337 [main] PlatformDependent - -Dio.netty.tmpdir: C:\Users\DINESH~1.PED\AppData\Local\Temp (java.io.tmpdir)
[DEBUG] 2022-07-11 15:13:38.337 [main] PlatformDependent - -Dio.netty.bitMode: 64 (sun.arch.data.model)
[DEBUG] 2022-07-11 15:13:38.338 [main] PlatformDependent - Platform: Windows
[DEBUG] 2022-07-11 15:13:38.338 [main] PlatformDependent - -Dio.netty.maxDirectMemory: -1 bytes
[DEBUG] 2022-07-11 15:13:38.339 [main] PlatformDependent - -Dio.netty.uninitializedArrayAllocationThreshold: -1
[DEBUG] 2022-07-11 15:13:38.339 [main] CleanerJava9 - java.nio.ByteBuffer.cleaner(): available
[DEBUG] 2022-07-11 15:13:38.339 [main] PlatformDependent - -Dio.netty.noPreferDirect: false
[DEBUG] 2022-07-11 15:13:38.348 [main] PlatformDependent - org.jctools-core.MpscChunkedArrayQueue: available
[DEBUG] 2022-07-11 15:13:38.379 [main] InternalThreadLocalMap - -Dio.netty.threadLocalMap.stringBuilder.initialSize: 1024
[DEBUG] 2022-07-11 15:13:38.379 [main] InternalThreadLocalMap - -Dio.netty.threadLocalMap.stringBuilder.maxSize: 4096
[DEBUG] 2022-07-11 15:13:38.405 [main] JdkSslContext - Default protocols (JDK): [TLSv1.3, TLSv1.2] 
[DEBUG] 2022-07-11 15:13:38.405 [main] JdkSslContext - Default cipher suites (JDK): [TLS_ECDHE_ECDSA_WITH_AES_256_GCM_SHA384, TLS_ECDHE_ECDSA_WITH_AES_128_GCM_SHA256, TLS_ECDHE_RSA_WITH_AES_128_GCM_SHA256, TLS_ECDHE_RSA_WITH_AES_256_GCM_SHA384, TLS_ECDHE_RSA_WITH_AES_128_CBC_SHA, TLS_ECDHE_RSA_WITH_AES_256_CBC_SHA, TLS_RSA_WITH_AES_128_GCM_SHA256, TLS_RSA_WITH_AES_128_CBC_SHA, TLS_RSA_WITH_AES_256_CBC_SHA, TLS_AES_128_GCM_SHA256, TLS_AES_256_GCM_SHA384]
[DEBUG] 2022-07-11 15:13:38.443 [main] MultithreadEventLoopGroup - -Dio.netty.eventLoopThreads: 16
[DEBUG] 2022-07-11 15:13:38.459 [main] NioEventLoop - -Dio.netty.noKeySetOptimization: false
[DEBUG] 2022-07-11 15:13:38.460 [main] NioEventLoop - -Dio.netty.selectorAutoRebuildThreshold: 512
[DEBUG] 2022-07-11 15:13:38.837 [main] PooledByteBufAllocator - -Dio.netty.allocator.numHeapArenas: 16
[DEBUG] 2022-07-11 15:13:38.837 [main] PooledByteBufAllocator - -Dio.netty.allocator.numDirectArenas: 16
[DEBUG] 2022-07-11 15:13:38.839 [main] PooledByteBufAllocator - -Dio.netty.allocator.pageSize: 8192
[DEBUG] 2022-07-11 15:13:38.839 [main] PooledByteBufAllocator - -Dio.netty.allocator.maxOrder: 9
[DEBUG] 2022-07-11 15:13:38.839 [main] PooledByteBufAllocator - -Dio.netty.allocator.chunkSize: 4194304
[DEBUG] 2022-07-11 15:13:38.839 [main] PooledByteBufAllocator - -Dio.netty.allocator.smallCacheSize: 256
[DEBUG] 2022-07-11 15:13:38.840 [main] PooledByteBufAllocator - -Dio.netty.allocator.normalCacheSize: 64
[DEBUG] 2022-07-11 15:13:38.840 [main] PooledByteBufAllocator - -Dio.netty.allocator.maxCachedBufferCapacity: 32768
[DEBUG] 2022-07-11 15:13:38.840 [main] PooledByteBufAllocator - -Dio.netty.allocator.cacheTrimInterval: 8192
[DEBUG] 2022-07-11 15:13:38.840 [main] PooledByteBufAllocator - -Dio.netty.allocator.cacheTrimIntervalMillis: 0
[DEBUG] 2022-07-11 15:13:38.841 [main] PooledByteBufAllocator - -Dio.netty.allocator.useCacheForAllThreads: false
[DEBUG] 2022-07-11 15:13:38.841 [main] PooledByteBufAllocator - -Dio.netty.allocator.maxCachedByteBuffersPerChunk: 1023
[DEBUG] 2022-07-11 15:13:38.864 [main] ByteBufUtil - -Dio.netty.allocator.type: pooled
[DEBUG] 2022-07-11 15:13:38.864 [main] ByteBufUtil - -Dio.netty.threadLocalDirectBufferSize: 0
[DEBUG] 2022-07-11 15:13:38.864 [main] ByteBufUtil - -Dio.netty.maxThreadLocalCharBufferSize: 16384
[DEBUG] 2022-07-11 15:13:41.443 [Forwarding newSession on session null to remote] DefaultChannelId - -Dio.netty.processId: 17388 (auto-detected)
[DEBUG] 2022-07-11 15:13:41.445 [Forwarding newSession on session null to remote] NetUtil - -Djava.net.preferIPv4Stack: false
[DEBUG] 2022-07-11 15:13:41.446 [Forwarding newSession on session null to remote] NetUtil - -Djava.net.preferIPv6Addresses: false
[DEBUG] 2022-07-11 15:13:41.468 [Forwarding newSession on session null to remote] NetUtilInitializations - Loopback interface: lo (Software Loopback Interface 1, 127.0.0.1)
[DEBUG] 2022-07-11 15:13:41.468 [Forwarding newSession on session null to remote] NetUtil - Failed to get SOMAXCONN from sysctl and file \proc\sys\net\core\somaxconn. Default: 200
[DEBUG] 2022-07-11 15:13:41.530 [Forwarding newSession on session null to remote] DefaultChannelId - -Dio.netty.machineId: f4:7b:09:ff:fe:3d:cf:0c (auto-detected)
[DEBUG] 2022-07-11 15:13:41.664 [AsyncHttpClient-1-2] AbstractByteBuf - -Dio.netty.buffer.checkAccessible: true
[DEBUG] 2022-07-11 15:13:41.664 [AsyncHttpClient-1-2] AbstractByteBuf - -Dio.netty.buffer.checkBounds: true
[DEBUG] 2022-07-11 15:13:41.664 [AsyncHttpClient-1-2] ResourceLeakDetectorFactory - Loaded default ResourceLeakDetector: io.netty.util.ResourceLeakDetector@405c3d3a
[DEBUG] 2022-07-11 15:13:41.699 [AsyncHttpClient-1-2] Recycler - -Dio.netty.recycler.maxCapacityPerThread: 4096
[DEBUG] 2022-07-11 15:13:41.699 [AsyncHttpClient-1-2] Recycler - -Dio.netty.recycler.ratio: 8
[DEBUG] 2022-07-11 15:13:41.700 [AsyncHttpClient-1-2] Recycler - -Dio.netty.recycler.chunkSize: 32
[DEBUG] 2022-07-11 15:13:41.700 [AsyncHttpClient-1-2] Recycler - -Dio.netty.recycler.blocking: false
[DEBUG] 2022-07-11 15:13:45.216 [AsyncHttpClient-1-2] Brotli - brotli4j not in the classpath; Brotli support will be unavailable.
[DEBUG] 2022-07-11 15:13:45.434 [main] ThreadLocalRandom - -Dio.netty.initialSeedUniquifier: 0xc32f82c32acda9ae
[INFO ] 2022-07-11 15:13:49.085 [main] Log - testFramework test is starting.
[INFO ] 2022-07-11 15:13:50.086 [main] Log - Enter text on [[ChromeDriver: chrome on WINDOWS (6f879e76f14e5244bfb4ee01fae61e46)] -> id: small-searchterms] :apple
[INFO ] 2022-07-11 15:13:50.086 [main] Log - entered the tex
[INFO ] 2022-07-11 15:13:51.644 [main] Log - testFramework Test is passed
[INFO ] 2022-07-11 15:13:53.300 [main] Log - I am in onFinish method BlazeclanAutomationFramework
